------------------------------------------------------------
Client connecting to 10.0.0.20, TCP port 5001
TCP window size: 86.2 KByte (default)
------------------------------------------------------------
[  8] local 10.0.0.15 port 58398 connected with 10.0.0.20 port 5001
[  3] local 10.0.0.15 port 58136 connected with 10.0.0.20 port 5001
[  4] local 10.0.0.15 port 58340 connected with 10.0.0.20 port 5001
[  5] local 10.0.0.15 port 58342 connected with 10.0.0.20 port 5001
[  6] local 10.0.0.15 port 58346 connected with 10.0.0.20 port 5001
[  7] local 10.0.0.15 port 58350 connected with 10.0.0.20 port 5001
[ ID] Interval       Transfer     Bandwidth
[  8]  0.0- 1.0 sec   896 KBytes  7.34 Mbits/sec
[  7]  0.0- 1.0 sec   768 KBytes  6.29 Mbits/sec
[  6]  0.0- 1.0 sec   640 KBytes  5.24 Mbits/sec
[  4]  0.0- 1.0 sec   768 KBytes  6.29 Mbits/sec
[  5]  0.0- 1.0 sec   512 KBytes  4.19 Mbits/sec
[  3]  0.0- 1.0 sec   512 KBytes  4.19 Mbits/sec
[SUM]  0.0- 1.0 sec  4.00 MBytes  33.6 Mbits/sec
[  4]  1.0- 2.0 sec   512 KBytes  4.19 Mbits/sec
[  8]  1.0- 2.0 sec   512 KBytes  4.19 Mbits/sec
[  7]  1.0- 2.0 sec   512 KBytes  4.19 Mbits/sec
[  6]  1.0- 2.0 sec   512 KBytes  4.19 Mbits/sec
[  3]  1.0- 2.0 sec   384 KBytes  3.15 Mbits/sec
[  5]  1.0- 2.0 sec   384 KBytes  3.15 Mbits/sec
[SUM]  1.0- 2.0 sec  2.75 MBytes  23.1 Mbits/sec
[  8]  2.0- 3.0 sec   384 KBytes  3.15 Mbits/sec
[  6]  2.0- 3.0 sec   256 KBytes  2.10 Mbits/sec
[  7]  2.0- 3.0 sec   384 KBytes  3.15 Mbits/sec
[  4]  2.0- 3.0 sec   512 KBytes  4.19 Mbits/sec
[  3]  2.0- 3.0 sec   256 KBytes  2.10 Mbits/sec
[  5]  2.0- 3.0 sec   256 KBytes  2.10 Mbits/sec
[SUM]  2.0- 3.0 sec  2.00 MBytes  16.8 Mbits/sec
[  8]  3.0- 4.0 sec   256 KBytes  2.10 Mbits/sec
[  6]  3.0- 4.0 sec   256 KBytes  2.10 Mbits/sec
[  5]  3.0- 4.0 sec   128 KBytes  1.05 Mbits/sec
[  7]  3.0- 4.0 sec   256 KBytes  2.10 Mbits/sec
[  4]  3.0- 4.0 sec   256 KBytes  2.10 Mbits/sec
[  3]  3.0- 4.0 sec   256 KBytes  2.10 Mbits/sec
[SUM]  3.0- 4.0 sec  1.38 MBytes  11.5 Mbits/sec
[  4]  4.0- 5.0 sec   256 KBytes  2.10 Mbits/sec
[  7]  4.0- 5.0 sec   256 KBytes  2.10 Mbits/sec
[  5]  4.0- 5.0 sec   256 KBytes  2.10 Mbits/sec
[  6]  4.0- 5.0 sec   256 KBytes  2.10 Mbits/sec
[  3]  4.0- 5.0 sec   256 KBytes  2.10 Mbits/sec
[  4]  5.0- 6.0 sec   256 KBytes  2.10 Mbits/sec
[  5]  5.0- 6.0 sec   128 KBytes  1.05 Mbits/sec
[  6]  5.0- 6.0 sec   128 KBytes  1.05 Mbits/sec
[  7]  5.0- 6.0 sec   256 KBytes  2.10 Mbits/sec
[  3]  5.0- 6.0 sec   128 KBytes  1.05 Mbits/sec
[  4]  6.0- 7.0 sec   256 KBytes  2.10 Mbits/sec
[  5]  6.0- 7.0 sec   256 KBytes  2.10 Mbits/sec
[  7]  6.0- 7.0 sec   256 KBytes  2.10 Mbits/sec
[  8]  4.0- 5.0 sec   384 KBytes  3.15 Mbits/sec
[SUM]  4.0- 5.0 sec  1.62 MBytes  13.6 Mbits/sec
[  8]  5.0- 6.0 sec  0.00 Bytes  0.00 bits/sec
[SUM]  5.0- 6.0 sec   896 KBytes  7.34 Mbits/sec
[  3]  6.0- 7.0 sec   256 KBytes  2.10 Mbits/sec
[  3]  0.0- 7.8 sec  2.12 MBytes  2.30 Mbits/sec
[  6]  6.0- 7.0 sec   256 KBytes  2.10 Mbits/sec
[  8]  6.0- 7.0 sec   128 KBytes  1.05 Mbits/sec
[SUM]  6.0- 7.0 sec  1.38 MBytes  11.5 Mbits/sec
[  7]  7.0- 8.0 sec   384 KBytes  3.15 Mbits/sec
[  4]  7.0- 8.0 sec   512 KBytes  4.19 Mbits/sec
[  6]  7.0- 8.0 sec   256 KBytes  2.10 Mbits/sec
[  8]  7.0- 8.0 sec   128 KBytes  1.05 Mbits/sec
[  5]  7.0- 8.0 sec   384 KBytes  3.15 Mbits/sec
[  4]  0.0- 8.7 sec  3.75 MBytes  3.63 Mbits/sec
[  6]  0.0- 8.7 sec  2.88 MBytes  2.76 Mbits/sec
[  5]  0.0- 8.9 sec  2.50 MBytes  2.36 Mbits/sec
[  7]  8.0- 9.0 sec   768 KBytes  6.29 Mbits/sec
[  7]  0.0- 9.5 sec  4.00 MBytes  3.53 Mbits/sec
[  8]  8.0- 9.0 sec   512 KBytes  4.19 Mbits/sec
[  8]  9.0-10.0 sec   512 KBytes  4.19 Mbits/sec
[  8]  0.0-10.5 sec  3.75 MBytes  3.00 Mbits/sec
[SUM]  0.0-10.5 sec  19.0 MBytes  15.2 Mbits/sec
