------------------------------------------------------------
Client connecting to 10.0.0.19, TCP port 5001
TCP window size: 86.2 KByte (default)
------------------------------------------------------------
[  8] local 10.0.0.16 port 48576 connected with 10.0.0.19 port 5001
[  3] local 10.0.0.16 port 48398 connected with 10.0.0.19 port 5001
[  4] local 10.0.0.16 port 48466 connected with 10.0.0.19 port 5001
[  5] local 10.0.0.16 port 48468 connected with 10.0.0.19 port 5001
[  6] local 10.0.0.16 port 48470 connected with 10.0.0.19 port 5001
[  7] local 10.0.0.16 port 48572 connected with 10.0.0.19 port 5001
[ ID] Interval       Transfer     Bandwidth
[  8]  0.0- 1.0 sec  1.12 MBytes  9.44 Mbits/sec
[  3]  0.0- 1.0 sec  1.12 MBytes  9.44 Mbits/sec
[  7]  0.0- 1.0 sec  1.12 MBytes  9.44 Mbits/sec
[  6]  0.0- 1.0 sec  1.12 MBytes  9.44 Mbits/sec
[  4]  0.0- 1.0 sec  1.12 MBytes  9.44 Mbits/sec
[  5]  0.0- 1.0 sec  1.12 MBytes  9.44 Mbits/sec
[SUM]  0.0- 1.0 sec  6.75 MBytes  56.6 Mbits/sec
[  7]  1.0- 2.0 sec  1.38 MBytes  11.5 Mbits/sec
[  4]  1.0- 2.0 sec  1.25 MBytes  10.5 Mbits/sec
[  5]  1.0- 2.0 sec  1.38 MBytes  11.5 Mbits/sec
[  8]  1.0- 2.0 sec  1.38 MBytes  11.5 Mbits/sec
[  6]  1.0- 2.0 sec  1.25 MBytes  10.5 Mbits/sec
[  3]  1.0- 2.0 sec  1.38 MBytes  11.5 Mbits/sec
[SUM]  1.0- 2.0 sec  8.00 MBytes  67.1 Mbits/sec
[  7]  2.0- 3.0 sec  1.00 MBytes  8.39 Mbits/sec
[  3]  2.0- 3.0 sec  1.00 MBytes  8.39 Mbits/sec
[  6]  2.0- 3.0 sec  1.12 MBytes  9.44 Mbits/sec
[  5]  2.0- 3.0 sec  1.00 MBytes  8.39 Mbits/sec
[  8]  2.0- 3.0 sec  1.00 MBytes  8.39 Mbits/sec
[  4]  2.0- 3.0 sec  1.25 MBytes  10.5 Mbits/sec
[SUM]  2.0- 3.0 sec  6.38 MBytes  53.5 Mbits/sec
[  8]  3.0- 4.0 sec   896 KBytes  7.34 Mbits/sec
[  3]  3.0- 4.0 sec  1.00 MBytes  8.39 Mbits/sec
[  7]  3.0- 4.0 sec  1.00 MBytes  8.39 Mbits/sec
[  5]  3.0- 4.0 sec  1.00 MBytes  8.39 Mbits/sec
[  4]  3.0- 4.0 sec   896 KBytes  7.34 Mbits/sec
[  6]  3.0- 4.0 sec  1.12 MBytes  9.44 Mbits/sec
[SUM]  3.0- 4.0 sec  5.88 MBytes  49.3 Mbits/sec
[  5]  4.0- 5.0 sec   896 KBytes  7.34 Mbits/sec
[  4]  4.0- 5.0 sec   896 KBytes  7.34 Mbits/sec
[  3]  4.0- 5.0 sec  1.00 MBytes  8.39 Mbits/sec
[  8]  4.0- 5.0 sec  1.12 MBytes  9.44 Mbits/sec
[  6]  4.0- 5.0 sec   896 KBytes  7.34 Mbits/sec
[  7]  4.0- 5.0 sec  1.00 MBytes  8.39 Mbits/sec
[SUM]  4.0- 5.0 sec  5.75 MBytes  48.2 Mbits/sec
[  4]  5.0- 6.0 sec  1.25 MBytes  10.5 Mbits/sec
[  8]  5.0- 6.0 sec  1.38 MBytes  11.5 Mbits/sec
[  5]  5.0- 6.0 sec  1.38 MBytes  11.5 Mbits/sec
[  6]  5.0- 6.0 sec  1.25 MBytes  10.5 Mbits/sec
[  7]  5.0- 6.0 sec  1.25 MBytes  10.5 Mbits/sec
[  3]  5.0- 6.0 sec  1.25 MBytes  10.5 Mbits/sec
[SUM]  5.0- 6.0 sec  7.75 MBytes  65.0 Mbits/sec
[  3]  6.0- 7.0 sec   768 KBytes  6.29 Mbits/sec
[  6]  6.0- 7.0 sec   896 KBytes  7.34 Mbits/sec
[  8]  6.0- 7.0 sec  1.00 MBytes  8.39 Mbits/sec
[  4]  6.0- 7.0 sec  1.00 MBytes  8.39 Mbits/sec
[  7]  6.0- 7.0 sec   768 KBytes  6.29 Mbits/sec
[  5]  6.0- 7.0 sec   896 KBytes  7.34 Mbits/sec
[SUM]  6.0- 7.0 sec  5.25 MBytes  44.0 Mbits/sec
[  5]  7.0- 8.0 sec   768 KBytes  6.29 Mbits/sec
[  3]  7.0- 8.0 sec  1.00 MBytes  8.39 Mbits/sec
[  7]  7.0- 8.0 sec   896 KBytes  7.34 Mbits/sec
[  6]  7.0- 8.0 sec  1.00 MBytes  8.39 Mbits/sec
[  4]  7.0- 8.0 sec   896 KBytes  7.34 Mbits/sec
[  8]  7.0- 8.0 sec   640 KBytes  5.24 Mbits/sec
[SUM]  7.0- 8.0 sec  5.12 MBytes  43.0 Mbits/sec
[  7]  8.0- 9.0 sec   896 KBytes  7.34 Mbits/sec
[  3]  8.0- 9.0 sec  1.00 MBytes  8.39 Mbits/sec
[  6]  8.0- 9.0 sec   768 KBytes  6.29 Mbits/sec
[  8]  8.0- 9.0 sec   896 KBytes  7.34 Mbits/sec
[  4]  8.0- 9.0 sec  1.00 MBytes  8.39 Mbits/sec
[  5]  8.0- 9.0 sec  1.25 MBytes  10.5 Mbits/sec
[SUM]  8.0- 9.0 sec  5.75 MBytes  48.2 Mbits/sec
[  3]  0.0- 9.8 sec  10.0 MBytes  8.56 Mbits/sec
[  5]  9.0-10.0 sec   768 KBytes  6.29 Mbits/sec
[  5]  0.0-10.2 sec  10.5 MBytes  8.60 Mbits/sec
[  7]  9.0-10.0 sec   896 KBytes  7.34 Mbits/sec
[  7]  0.0-10.2 sec  10.2 MBytes  8.39 Mbits/sec
[  8]  9.0-10.0 sec   896 KBytes  7.34 Mbits/sec
[  8]  0.0-10.3 sec  10.4 MBytes  8.46 Mbits/sec
[  4]  9.0-10.0 sec   896 KBytes  7.34 Mbits/sec
[  4]  0.0-10.3 sec  10.5 MBytes  8.56 Mbits/sec
[  6]  9.0-10.0 sec   896 KBytes  7.34 Mbits/sec
[  6]  0.0-10.5 sec  10.4 MBytes  8.30 Mbits/sec
[SUM]  0.0-10.5 sec  62.0 MBytes  49.6 Mbits/sec
