------------------------------------------------------------
Client connecting to 10.0.0.16, TCP port 5001
TCP window size: 86.2 KByte (default)
------------------------------------------------------------
[  8] local 10.0.0.19 port 48928 connected with 10.0.0.16 port 5001
[  3] local 10.0.0.19 port 48780 connected with 10.0.0.16 port 5001
[  4] local 10.0.0.19 port 48840 connected with 10.0.0.16 port 5001
[  5] local 10.0.0.19 port 48916 connected with 10.0.0.16 port 5001
[  6] local 10.0.0.19 port 48920 connected with 10.0.0.16 port 5001
[  7] local 10.0.0.19 port 48924 connected with 10.0.0.16 port 5001
[ ID] Interval       Transfer     Bandwidth
[  6]  0.0- 1.0 sec  1.75 MBytes  14.7 Mbits/sec
[  7]  0.0- 1.0 sec  1.75 MBytes  14.7 Mbits/sec
[  4]  0.0- 1.0 sec  1.75 MBytes  14.7 Mbits/sec
[  3]  0.0- 1.0 sec  1.75 MBytes  14.7 Mbits/sec
[  5]  0.0- 1.0 sec  1.88 MBytes  15.7 Mbits/sec
[  7]  1.0- 2.0 sec  1.12 MBytes  9.44 Mbits/sec
[  6]  1.0- 2.0 sec  1.12 MBytes  9.44 Mbits/sec
[  5]  1.0- 2.0 sec  1.00 MBytes  8.39 Mbits/sec
[  4]  1.0- 2.0 sec  1.25 MBytes  10.5 Mbits/sec
[  3]  1.0- 2.0 sec  1.25 MBytes  10.5 Mbits/sec
[  4]  2.0- 3.0 sec  1.12 MBytes  9.44 Mbits/sec
[  3]  2.0- 3.0 sec  1.12 MBytes  9.44 Mbits/sec
[  5]  2.0- 3.0 sec  1.25 MBytes  10.5 Mbits/sec
[  6]  2.0- 3.0 sec  1.25 MBytes  10.5 Mbits/sec
[  7]  2.0- 3.0 sec  1.25 MBytes  10.5 Mbits/sec
[  7]  3.0- 4.0 sec  1.00 MBytes  8.39 Mbits/sec
[  3]  3.0- 4.0 sec  1.25 MBytes  10.5 Mbits/sec
[  4]  3.0- 4.0 sec  1.25 MBytes  10.5 Mbits/sec
[  6]  3.0- 4.0 sec  1.25 MBytes  10.5 Mbits/sec
[  5]  3.0- 4.0 sec  1.25 MBytes  10.5 Mbits/sec
[  5]  4.0- 5.0 sec  1.25 MBytes  10.5 Mbits/sec
[  7]  4.0- 5.0 sec  1.62 MBytes  13.6 Mbits/sec
[  6]  4.0- 5.0 sec  1.38 MBytes  11.5 Mbits/sec
[  3]  4.0- 5.0 sec  1.38 MBytes  11.5 Mbits/sec
[  4]  4.0- 5.0 sec  1.38 MBytes  11.5 Mbits/sec
[  3]  5.0- 6.0 sec   896 KBytes  7.34 Mbits/sec
[  6]  5.0- 6.0 sec  1.00 MBytes  8.39 Mbits/sec
[  5]  5.0- 6.0 sec  1.12 MBytes  9.44 Mbits/sec
[  7]  5.0- 6.0 sec  1.12 MBytes  9.44 Mbits/sec
[  4]  5.0- 6.0 sec  1.25 MBytes  10.5 Mbits/sec
[  4]  6.0- 7.0 sec   768 KBytes  6.29 Mbits/sec
[  6]  6.0- 7.0 sec  1.38 MBytes  11.5 Mbits/sec
[  3]  6.0- 7.0 sec  1.50 MBytes  12.6 Mbits/sec
[  5]  6.0- 7.0 sec  1.50 MBytes  12.6 Mbits/sec
[  7]  6.0- 7.0 sec  1.25 MBytes  10.5 Mbits/sec
[  3]  7.0- 8.0 sec  1.12 MBytes  9.44 Mbits/sec
[  7]  7.0- 8.0 sec   768 KBytes  6.29 Mbits/sec
[  6]  7.0- 8.0 sec  1.12 MBytes  9.44 Mbits/sec
[  5]  7.0- 8.0 sec   896 KBytes  7.34 Mbits/sec
[  4]  7.0- 8.0 sec  1.25 MBytes  10.5 Mbits/sec
[  5]  8.0- 9.0 sec   768 KBytes  6.29 Mbits/sec
[  6]  8.0- 9.0 sec   512 KBytes  4.19 Mbits/sec
[  7]  8.0- 9.0 sec   640 KBytes  5.24 Mbits/sec
[  3]  8.0- 9.0 sec  1.00 MBytes  8.39 Mbits/sec
[  4]  8.0- 9.0 sec   768 KBytes  6.29 Mbits/sec
[  5]  0.0- 9.5 sec  11.9 MBytes  10.5 Mbits/sec
[SUM]  0.0- 9.5 sec  20.8 MBytes  18.3 Mbits/sec
[  4]  0.0- 9.6 sec  11.2 MBytes  9.82 Mbits/sec
[  3]  0.0- 9.7 sec  12.4 MBytes  10.7 Mbits/sec
[  6]  9.0-10.0 sec  2.12 MBytes  17.8 Mbits/sec
[  6]  0.0-10.0 sec  13.0 MBytes  10.9 Mbits/sec
[  7]  9.0-10.0 sec  1.25 MBytes  10.5 Mbits/sec
[  7]  0.0-10.2 sec  11.9 MBytes  9.79 Mbits/sec
[  8]  0.0- 1.0 sec  26.5 KBytes   217 Kbits/sec
[  8]  1.0- 2.0 sec  0.00 Bytes  0.00 bits/sec
[SUM]  1.0- 2.0 sec  5.75 MBytes  48.2 Mbits/sec
[  8]  2.0- 3.0 sec  0.00 Bytes  0.00 bits/sec
[SUM]  2.0- 3.0 sec  6.00 MBytes  50.3 Mbits/sec
[  8]  3.0- 4.0 sec  0.00 Bytes  0.00 bits/sec
[SUM]  3.0- 4.0 sec  6.00 MBytes  50.3 Mbits/sec
[  8]  4.0- 5.0 sec  0.00 Bytes  0.00 bits/sec
[  8]  5.0- 6.0 sec  0.00 Bytes  0.00 bits/sec
[  8]  6.0- 7.0 sec  0.00 Bytes  0.00 bits/sec
[  8]  7.0- 8.0 sec  0.00 Bytes  0.00 bits/sec
[  8]  8.0- 9.0 sec  0.00 Bytes  0.00 bits/sec
[  8]  9.0-10.0 sec  0.00 Bytes  0.00 bits/sec
[  8] 10.0-11.0 sec  0.00 Bytes  0.00 bits/sec
[  8] 11.0-12.0 sec  0.00 Bytes  0.00 bits/sec
[  8] 12.0-13.0 sec  0.00 Bytes  0.00 bits/sec
[  8] 13.0-14.0 sec  0.00 Bytes  0.00 bits/sec
[  8] 14.0-15.0 sec  0.00 Bytes  0.00 bits/sec
[  8] 15.0-16.0 sec  0.00 Bytes  0.00 bits/sec
[  8] 16.0-17.0 sec  0.00 Bytes  0.00 bits/sec
[  8] 17.0-18.0 sec  0.00 Bytes  0.00 bits/sec
[  8] 18.0-19.0 sec  0.00 Bytes  0.00 bits/sec
[  8] 19.0-20.0 sec  0.00 Bytes  0.00 bits/sec
[  8] 20.0-21.0 sec  0.00 Bytes  0.00 bits/sec
[  8] 21.0-22.0 sec  0.00 Bytes  0.00 bits/sec
[  8] 22.0-23.0 sec  0.00 Bytes  0.00 bits/sec
[  8] 23.0-24.0 sec  0.00 Bytes  0.00 bits/sec
[  8] 24.0-25.0 sec  0.00 Bytes  0.00 bits/sec
[  8] 25.0-26.0 sec  0.00 Bytes  0.00 bits/sec
[  8] 26.0-27.0 sec  0.00 Bytes  0.00 bits/sec
[  8] 27.0-28.0 sec  0.00 Bytes  0.00 bits/sec
[  8] 28.0-29.0 sec  0.00 Bytes  0.00 bits/sec
[  8] 29.0-30.0 sec  0.00 Bytes  0.00 bits/sec
[  8] 30.0-31.0 sec  0.00 Bytes  0.00 bits/sec
[  8] 31.0-32.0 sec  0.00 Bytes  0.00 bits/sec
[  8] 32.0-33.0 sec  0.00 Bytes  0.00 bits/sec
[  8] 33.0-34.0 sec  0.00 Bytes  0.00 bits/sec
[  8] 34.0-35.0 sec  0.00 Bytes  0.00 bits/sec
[  8] 35.0-36.0 sec  0.00 Bytes  0.00 bits/sec
[  8] 36.0-37.0 sec  0.00 Bytes  0.00 bits/sec
[  8] 37.0-38.0 sec  0.00 Bytes  0.00 bits/sec
[  8] 38.0-39.0 sec  0.00 Bytes  0.00 bits/sec
[  8] 39.0-40.0 sec  0.00 Bytes  0.00 bits/sec
[  8] 40.0-41.0 sec  0.00 Bytes  0.00 bits/sec
[  8] 41.0-42.0 sec  0.00 Bytes  0.00 bits/sec
[  8] 42.0-43.0 sec  0.00 Bytes  0.00 bits/sec
[  8] 43.0-44.0 sec  0.00 Bytes  0.00 bits/sec
[  8] 44.0-45.0 sec  0.00 Bytes  0.00 bits/sec
[  8] 45.0-46.0 sec  0.00 Bytes  0.00 bits/sec
[  8] 46.0-47.0 sec  0.00 Bytes  0.00 bits/sec
[  8] 47.0-48.0 sec  0.00 Bytes  0.00 bits/sec
[  8] 48.0-49.0 sec  0.00 Bytes  0.00 bits/sec
[  8] 49.0-50.0 sec  0.00 Bytes  0.00 bits/sec
[  8] 50.0-51.0 sec  0.00 Bytes  0.00 bits/sec
[  8] 51.0-52.0 sec  0.00 Bytes  0.00 bits/sec
[  8] 52.0-53.0 sec  0.00 Bytes  0.00 bits/sec
[  8] 53.0-54.0 sec  0.00 Bytes  0.00 bits/sec
[  8] 54.0-55.0 sec  0.00 Bytes  0.00 bits/sec
[  8] 55.0-56.0 sec  0.00 Bytes  0.00 bits/sec
[  8] 56.0-57.0 sec  0.00 Bytes  0.00 bits/sec
[  8] 57.0-58.0 sec  0.00 Bytes  0.00 bits/sec
[  8] 58.0-59.0 sec  0.00 Bytes  0.00 bits/sec
[  8] 59.0-60.0 sec  0.00 Bytes  0.00 bits/sec
[  8] 60.0-61.0 sec  0.00 Bytes  0.00 bits/sec
[  8] 61.0-62.0 sec  0.00 Bytes  0.00 bits/sec
[  8] 62.0-63.0 sec  0.00 Bytes  0.00 bits/sec
[  8] 63.0-64.0 sec  0.00 Bytes  0.00 bits/sec
[  8] 64.0-65.0 sec  0.00 Bytes  0.00 bits/sec
[  8] 65.0-66.0 sec  0.00 Bytes  0.00 bits/sec
[  8] 66.0-67.0 sec  0.00 Bytes  0.00 bits/sec
[  8] 67.0-68.0 sec  0.00 Bytes  0.00 bits/sec
[  8] 68.0-69.0 sec  0.00 Bytes  0.00 bits/sec
[  8] 69.0-70.0 sec  0.00 Bytes  0.00 bits/sec
[  8] 70.0-71.0 sec  0.00 Bytes  0.00 bits/sec
[  8] 71.0-72.0 sec  0.00 Bytes  0.00 bits/sec
[  8] 72.0-73.0 sec  0.00 Bytes  0.00 bits/sec
[  8] 73.0-74.0 sec  0.00 Bytes  0.00 bits/sec
[  8] 74.0-75.0 sec  0.00 Bytes  0.00 bits/sec
[  8] 75.0-76.0 sec  0.00 Bytes  0.00 bits/sec
[  8] 76.0-77.0 sec  0.00 Bytes  0.00 bits/sec
[  8] 77.0-78.0 sec  0.00 Bytes  0.00 bits/sec
[  8] 78.0-79.0 sec  0.00 Bytes  0.00 bits/sec
[  8] 79.0-80.0 sec  0.00 Bytes  0.00 bits/sec
[  8] 80.0-81.0 sec  0.00 Bytes  0.00 bits/sec
[  8] 81.0-82.0 sec  0.00 Bytes  0.00 bits/sec
[  8] 82.0-83.0 sec  0.00 Bytes  0.00 bits/sec
[  8] 83.0-84.0 sec  0.00 Bytes  0.00 bits/sec
[  8] 84.0-85.0 sec  0.00 Bytes  0.00 bits/sec
[  8] 85.0-86.0 sec  0.00 Bytes  0.00 bits/sec
[  8] 86.0-87.0 sec  0.00 Bytes  0.00 bits/sec
[  8] 87.0-88.0 sec  0.00 Bytes  0.00 bits/sec
[  8] 88.0-89.0 sec  0.00 Bytes  0.00 bits/sec
[  8] 89.0-90.0 sec  0.00 Bytes  0.00 bits/sec
[  8] 90.0-91.0 sec  0.00 Bytes  0.00 bits/sec
[  8] 91.0-92.0 sec  0.00 Bytes  0.00 bits/sec
[  8] 92.0-93.0 sec  0.00 Bytes  0.00 bits/sec
[  8] 93.0-94.0 sec  0.00 Bytes  0.00 bits/sec
[  8] 94.0-95.0 sec  0.00 Bytes  0.00 bits/sec
[  8] 95.0-96.0 sec  0.00 Bytes  0.00 bits/sec
[  8] 96.0-97.0 sec  0.00 Bytes  0.00 bits/sec
[  8] 97.0-98.0 sec  0.00 Bytes  0.00 bits/sec
[  8] 98.0-99.0 sec  0.00 Bytes  0.00 bits/sec
[  8] 99.0-100.0 sec  0.00 Bytes  0.00 bits/sec
[  8] 100.0-101.0 sec  0.00 Bytes  0.00 bits/sec
[  8] 101.0-102.0 sec  0.00 Bytes  0.00 bits/sec
[  8] 102.0-103.0 sec  0.00 Bytes  0.00 bits/sec
[  8] 103.0-104.0 sec  0.00 Bytes  0.00 bits/sec
[  8] 104.0-105.0 sec  0.00 Bytes  0.00 bits/sec
[  8] 105.0-106.0 sec  0.00 Bytes  0.00 bits/sec
[  8] 106.0-107.0 sec  0.00 Bytes  0.00 bits/sec
[  8] 107.0-108.0 sec  0.00 Bytes  0.00 bits/sec
[  8] 108.0-109.0 sec  0.00 Bytes  0.00 bits/sec
[  8] 109.0-110.0 sec  0.00 Bytes  0.00 bits/sec
[  8] 110.0-111.0 sec  0.00 Bytes  0.00 bits/sec
[  8] 111.0-112.0 sec  0.00 Bytes  0.00 bits/sec
[  8] 112.0-113.0 sec  0.00 Bytes  0.00 bits/sec
[  8] 113.0-114.0 sec  0.00 Bytes  0.00 bits/sec
[  8] 114.0-115.0 sec  0.00 Bytes  0.00 bits/sec
[  8] 115.0-116.0 sec  0.00 Bytes  0.00 bits/sec
[  8] 116.0-117.0 sec  0.00 Bytes  0.00 bits/sec
[  8] 117.0-118.0 sec  0.00 Bytes  0.00 bits/sec
[  8] 118.0-119.0 sec  0.00 Bytes  0.00 bits/sec
[  8] 119.0-120.0 sec  0.00 Bytes  0.00 bits/sec
[  8] 120.0-121.0 sec  0.00 Bytes  0.00 bits/sec
[  8] 121.0-122.0 sec  0.00 Bytes  0.00 bits/sec
[  8] 122.0-123.0 sec  0.00 Bytes  0.00 bits/sec
[  8] 123.0-124.0 sec  0.00 Bytes  0.00 bits/sec
[  8] 124.0-125.0 sec  0.00 Bytes  0.00 bits/sec
[  8] 125.0-126.0 sec  0.00 Bytes  0.00 bits/sec
[  8] 126.0-127.0 sec  0.00 Bytes  0.00 bits/sec
[  8] 127.0-128.0 sec  0.00 Bytes  0.00 bits/sec
[  8] 128.0-129.0 sec  0.00 Bytes  0.00 bits/sec
[  8] 129.0-130.0 sec  0.00 Bytes  0.00 bits/sec
[  8] 130.0-131.0 sec  0.00 Bytes  0.00 bits/sec
[  8] 131.0-132.0 sec  0.00 Bytes  0.00 bits/sec
[  8] 132.0-133.0 sec  0.00 Bytes  0.00 bits/sec
[  8] 133.0-134.0 sec  0.00 Bytes  0.00 bits/sec
[  8] 134.0-135.0 sec  0.00 Bytes  0.00 bits/sec
[  8] 135.0-136.0 sec  0.00 Bytes  0.00 bits/sec
[  8] 136.0-137.0 sec  0.00 Bytes  0.00 bits/sec
[  8] 137.0-138.0 sec  0.00 Bytes  0.00 bits/sec
[  8] 138.0-139.0 sec  0.00 Bytes  0.00 bits/sec
[  8] 139.0-140.0 sec  0.00 Bytes  0.00 bits/sec
[  8] 140.0-141.0 sec  0.00 Bytes  0.00 bits/sec
[  8] 141.0-142.0 sec  0.00 Bytes  0.00 bits/sec
[  8] 142.0-143.0 sec  0.00 Bytes  0.00 bits/sec
[  8] 143.0-144.0 sec  0.00 Bytes  0.00 bits/sec
[  8] 144.0-145.0 sec  0.00 Bytes  0.00 bits/sec
[  8] 145.0-146.0 sec  0.00 Bytes  0.00 bits/sec
[  8] 146.0-147.0 sec  0.00 Bytes  0.00 bits/sec
[  8] 147.0-148.0 sec  0.00 Bytes  0.00 bits/sec
[  8] 148.0-149.0 sec  0.00 Bytes  0.00 bits/sec
[  8] 149.0-150.0 sec  0.00 Bytes  0.00 bits/sec
[  8] 150.0-151.0 sec  0.00 Bytes  0.00 bits/sec
[  8] 151.0-152.0 sec  0.00 Bytes  0.00 bits/sec
[  8] 152.0-153.0 sec  0.00 Bytes  0.00 bits/sec
[  8] 153.0-154.0 sec  0.00 Bytes  0.00 bits/sec
[  8] 154.0-155.0 sec  0.00 Bytes  0.00 bits/sec
[  8] 155.0-156.0 sec  0.00 Bytes  0.00 bits/sec
[  8] 156.0-157.0 sec  0.00 Bytes  0.00 bits/sec
[  8] 157.0-158.0 sec  0.00 Bytes  0.00 bits/sec
[  8] 158.0-159.0 sec  0.00 Bytes  0.00 bits/sec
[  8] 159.0-160.0 sec  0.00 Bytes  0.00 bits/sec
[  8] 160.0-161.0 sec  0.00 Bytes  0.00 bits/sec
[  8] 161.0-162.0 sec  0.00 Bytes  0.00 bits/sec
[  8] 162.0-163.0 sec  0.00 Bytes  0.00 bits/sec
[  8] 163.0-164.0 sec  0.00 Bytes  0.00 bits/sec
[  8] 164.0-165.0 sec  0.00 Bytes  0.00 bits/sec
[  8] 165.0-166.0 sec  0.00 Bytes  0.00 bits/sec
[  8] 166.0-167.0 sec  0.00 Bytes  0.00 bits/sec
[  8] 167.0-168.0 sec  0.00 Bytes  0.00 bits/sec
[  8] 168.0-169.0 sec  0.00 Bytes  0.00 bits/sec
[  8] 169.0-170.0 sec  0.00 Bytes  0.00 bits/sec
[  8] 170.0-171.0 sec  0.00 Bytes  0.00 bits/sec
[  8] 171.0-172.0 sec  0.00 Bytes  0.00 bits/sec
[  8] 172.0-173.0 sec  0.00 Bytes  0.00 bits/sec
[  8] 173.0-174.0 sec  0.00 Bytes  0.00 bits/sec
[  8] 174.0-175.0 sec  0.00 Bytes  0.00 bits/sec
[  8] 175.0-176.0 sec  0.00 Bytes  0.00 bits/sec
[  8] 176.0-177.0 sec  0.00 Bytes  0.00 bits/sec
[  8] 177.0-178.0 sec  0.00 Bytes  0.00 bits/sec
[  8] 178.0-179.0 sec  0.00 Bytes  0.00 bits/sec
[  8] 179.0-180.0 sec  0.00 Bytes  0.00 bits/sec
[  8] 180.0-181.0 sec  0.00 Bytes  0.00 bits/sec
[  8] 181.0-182.0 sec  0.00 Bytes  0.00 bits/sec
[  8] 182.0-183.0 sec  0.00 Bytes  0.00 bits/sec
[  8] 183.0-184.0 sec  0.00 Bytes  0.00 bits/sec
[  8] 184.0-185.0 sec  0.00 Bytes  0.00 bits/sec
[  8] 185.0-186.0 sec  0.00 Bytes  0.00 bits/sec
[  8] 186.0-187.0 sec  0.00 Bytes  0.00 bits/sec
[  8] 187.0-188.0 sec  0.00 Bytes  0.00 bits/sec
[  8] 188.0-189.0 sec  0.00 Bytes  0.00 bits/sec
[  8] 189.0-190.0 sec  0.00 Bytes  0.00 bits/sec
[  8] 190.0-191.0 sec  0.00 Bytes  0.00 bits/sec
[  8] 191.0-192.0 sec  0.00 Bytes  0.00 bits/sec
[  8] 192.0-193.0 sec  0.00 Bytes  0.00 bits/sec
[  8] 193.0-194.0 sec  0.00 Bytes  0.00 bits/sec
[  8] 194.0-195.0 sec  0.00 Bytes  0.00 bits/sec
[  8] 195.0-196.0 sec  0.00 Bytes  0.00 bits/sec
[  8] 196.0-197.0 sec  0.00 Bytes  0.00 bits/sec
[  8] 197.0-198.0 sec  0.00 Bytes  0.00 bits/sec
[  8] 198.0-199.0 sec  0.00 Bytes  0.00 bits/sec
[  8] 199.0-200.0 sec  0.00 Bytes  0.00 bits/sec
[  8] 200.0-201.0 sec  0.00 Bytes  0.00 bits/sec
[  8] 201.0-202.0 sec  0.00 Bytes  0.00 bits/sec
[  8] 202.0-203.0 sec  0.00 Bytes  0.00 bits/sec
[  8] 203.0-204.0 sec  0.00 Bytes  0.00 bits/sec
[  8] 204.0-205.0 sec  0.00 Bytes  0.00 bits/sec
[  8] 205.0-206.0 sec  0.00 Bytes  0.00 bits/sec
[  8] 206.0-207.0 sec  0.00 Bytes  0.00 bits/sec
[  8] 207.0-208.0 sec  0.00 Bytes  0.00 bits/sec
[  8] 208.0-209.0 sec  0.00 Bytes  0.00 bits/sec
[  8] 209.0-210.0 sec  0.00 Bytes  0.00 bits/sec
[  8] 210.0-211.0 sec  0.00 Bytes  0.00 bits/sec
[  8] 211.0-212.0 sec  0.00 Bytes  0.00 bits/sec
[  8] 212.0-213.0 sec  0.00 Bytes  0.00 bits/sec
[  8] 213.0-214.0 sec  0.00 Bytes  0.00 bits/sec
[  8] 214.0-215.0 sec  0.00 Bytes  0.00 bits/sec
[  8] 215.0-216.0 sec  0.00 Bytes  0.00 bits/sec
[  8] 216.0-217.0 sec  0.00 Bytes  0.00 bits/sec
[  8] 217.0-218.0 sec  0.00 Bytes  0.00 bits/sec
[  8] 218.0-219.0 sec  0.00 Bytes  0.00 bits/sec
[  8] 219.0-220.0 sec  0.00 Bytes  0.00 bits/sec
[  8] 220.0-221.0 sec  0.00 Bytes  0.00 bits/sec
[  8] 221.0-222.0 sec  0.00 Bytes  0.00 bits/sec
[  8] 222.0-223.0 sec  0.00 Bytes  0.00 bits/sec
[  8] 223.0-224.0 sec  0.00 Bytes  0.00 bits/sec
[  8] 224.0-225.0 sec  0.00 Bytes  0.00 bits/sec
[  8] 225.0-226.0 sec  0.00 Bytes  0.00 bits/sec
[  8] 226.0-227.0 sec  0.00 Bytes  0.00 bits/sec
[  8] 227.0-228.0 sec  0.00 Bytes  0.00 bits/sec
[  8] 228.0-229.0 sec  0.00 Bytes  0.00 bits/sec
[  8] 229.0-230.0 sec  0.00 Bytes  0.00 bits/sec
[  8] 230.0-231.0 sec  0.00 Bytes  0.00 bits/sec
[  8] 231.0-232.0 sec  0.00 Bytes  0.00 bits/sec
[  8] 232.0-233.0 sec  0.00 Bytes  0.00 bits/sec
[  8] 233.0-234.0 sec  0.00 Bytes  0.00 bits/sec
[  8] 234.0-235.0 sec  0.00 Bytes  0.00 bits/sec
[  8] 235.0-236.0 sec  0.00 Bytes  0.00 bits/sec
[  8] 236.0-237.0 sec  0.00 Bytes  0.00 bits/sec
[  8] 237.0-238.0 sec  0.00 Bytes  0.00 bits/sec
[  8] 238.0-239.0 sec  0.00 Bytes  0.00 bits/sec
[  8] 239.0-240.0 sec  0.00 Bytes  0.00 bits/sec
[  8] 240.0-241.0 sec  0.00 Bytes  0.00 bits/sec
[  8] 241.0-242.0 sec  0.00 Bytes  0.00 bits/sec
[  8] 242.0-243.0 sec  0.00 Bytes  0.00 bits/sec
[  8] 243.0-244.0 sec  0.00 Bytes  0.00 bits/sec
[  8] 244.0-245.0 sec  0.00 Bytes  0.00 bits/sec
[  8] 245.0-246.0 sec  0.00 Bytes  0.00 bits/sec
[  8] 246.0-247.0 sec  0.00 Bytes  0.00 bits/sec
[  8] 247.0-248.0 sec  0.00 Bytes  0.00 bits/sec
[  8] 248.0-249.0 sec  0.00 Bytes  0.00 bits/sec
[  8] 249.0-250.0 sec  0.00 Bytes  0.00 bits/sec
[  8] 250.0-251.0 sec  0.00 Bytes  0.00 bits/sec
[  8] 251.0-252.0 sec  0.00 Bytes  0.00 bits/sec
[  8] 252.0-253.0 sec  0.00 Bytes  0.00 bits/sec
[  8] 253.0-254.0 sec  0.00 Bytes  0.00 bits/sec
[  8] 254.0-255.0 sec  0.00 Bytes  0.00 bits/sec
[  8] 255.0-256.0 sec  0.00 Bytes  0.00 bits/sec
[  8] 256.0-257.0 sec  0.00 Bytes  0.00 bits/sec
[  8] 257.0-258.0 sec  0.00 Bytes  0.00 bits/sec
[  8] 258.0-259.0 sec  0.00 Bytes  0.00 bits/sec
[  8] 259.0-260.0 sec  0.00 Bytes  0.00 bits/sec
[  8] 260.0-261.0 sec  0.00 Bytes  0.00 bits/sec
[  8] 261.0-262.0 sec  0.00 Bytes  0.00 bits/sec
[  8] 262.0-263.0 sec  0.00 Bytes  0.00 bits/sec
[  8] 263.0-264.0 sec  0.00 Bytes  0.00 bits/sec
[  8] 264.0-265.0 sec  0.00 Bytes  0.00 bits/sec
[  8] 265.0-266.0 sec  0.00 Bytes  0.00 bits/sec
[  8] 266.0-267.0 sec  0.00 Bytes  0.00 bits/sec
[  8] 267.0-268.0 sec  0.00 Bytes  0.00 bits/sec
[  8] 268.0-269.0 sec  0.00 Bytes  0.00 bits/sec
[  8] 269.0-270.0 sec  0.00 Bytes  0.00 bits/sec
[  8] 270.0-271.0 sec  0.00 Bytes  0.00 bits/sec
[  8] 271.0-272.0 sec  0.00 Bytes  0.00 bits/sec
[  8] 272.0-273.0 sec  0.00 Bytes  0.00 bits/sec
[  8] 273.0-274.0 sec  0.00 Bytes  0.00 bits/sec
[  8] 274.0-275.0 sec  0.00 Bytes  0.00 bits/sec
[  8] 275.0-276.0 sec  0.00 Bytes  0.00 bits/sec
[  8] 276.0-277.0 sec  0.00 Bytes  0.00 bits/sec
[  8] 277.0-278.0 sec  0.00 Bytes  0.00 bits/sec
[  8] 278.0-279.0 sec  0.00 Bytes  0.00 bits/sec
[  8] 279.0-280.0 sec  0.00 Bytes  0.00 bits/sec
[  8] 280.0-281.0 sec  0.00 Bytes  0.00 bits/sec
[  8] 281.0-282.0 sec  0.00 Bytes  0.00 bits/sec
[  8] 282.0-283.0 sec  0.00 Bytes  0.00 bits/sec
[  8] 283.0-284.0 sec  0.00 Bytes  0.00 bits/sec
[  8] 284.0-285.0 sec  0.00 Bytes  0.00 bits/sec
[  8] 285.0-286.0 sec  0.00 Bytes  0.00 bits/sec
[  8] 286.0-287.0 sec  0.00 Bytes  0.00 bits/sec
[  8] 287.0-288.0 sec  0.00 Bytes  0.00 bits/sec
[  8] 288.0-289.0 sec  0.00 Bytes  0.00 bits/sec
[  8] 289.0-290.0 sec  0.00 Bytes  0.00 bits/sec
[  8] 290.0-291.0 sec  0.00 Bytes  0.00 bits/sec
[  8] 291.0-292.0 sec  0.00 Bytes  0.00 bits/sec
[  8] 292.0-293.0 sec  0.00 Bytes  0.00 bits/sec
[  8] 293.0-294.0 sec  0.00 Bytes  0.00 bits/sec
[  8] 294.0-295.0 sec  0.00 Bytes  0.00 bits/sec
[  8] 295.0-296.0 sec  0.00 Bytes  0.00 bits/sec
[  8] 296.0-297.0 sec  0.00 Bytes  0.00 bits/sec
[  8] 297.0-298.0 sec  0.00 Bytes  0.00 bits/sec
[  8] 298.0-299.0 sec  0.00 Bytes  0.00 bits/sec
[  8] 299.0-300.0 sec  0.00 Bytes  0.00 bits/sec
[  8] 300.0-301.0 sec  0.00 Bytes  0.00 bits/sec
[  8] 301.0-302.0 sec  0.00 Bytes  0.00 bits/sec
[  8] 302.0-303.0 sec  0.00 Bytes  0.00 bits/sec
[  8] 303.0-304.0 sec  0.00 Bytes  0.00 bits/sec
[  8] 304.0-305.0 sec  0.00 Bytes  0.00 bits/sec
[  8] 305.0-306.0 sec  0.00 Bytes  0.00 bits/sec
[  8] 306.0-307.0 sec  0.00 Bytes  0.00 bits/sec
[  8] 307.0-308.0 sec  0.00 Bytes  0.00 bits/sec
[  8] 308.0-309.0 sec  0.00 Bytes  0.00 bits/sec
[  8] 309.0-310.0 sec  0.00 Bytes  0.00 bits/sec
[  8] 310.0-311.0 sec  0.00 Bytes  0.00 bits/sec
[  8] 311.0-312.0 sec  0.00 Bytes  0.00 bits/sec
[  8] 312.0-313.0 sec  0.00 Bytes  0.00 bits/sec
[  8] 313.0-314.0 sec  0.00 Bytes  0.00 bits/sec
[  8] 314.0-315.0 sec  0.00 Bytes  0.00 bits/sec
[  8] 315.0-316.0 sec  0.00 Bytes  0.00 bits/sec
[  8] 316.0-317.0 sec  0.00 Bytes  0.00 bits/sec
[  8] 317.0-318.0 sec  0.00 Bytes  0.00 bits/sec
[  8] 318.0-319.0 sec  0.00 Bytes  0.00 bits/sec
[  8] 319.0-320.0 sec  0.00 Bytes  0.00 bits/sec
[  8] 320.0-321.0 sec  0.00 Bytes  0.00 bits/sec
[  8] 321.0-322.0 sec  0.00 Bytes  0.00 bits/sec
[  8] 322.0-323.0 sec  0.00 Bytes  0.00 bits/sec
[  8] 323.0-324.0 sec  0.00 Bytes  0.00 bits/sec
[  8] 324.0-325.0 sec  0.00 Bytes  0.00 bits/sec
[  8] 325.0-326.0 sec  0.00 Bytes  0.00 bits/sec
[  8] 326.0-327.0 sec  0.00 Bytes  0.00 bits/sec
[  8] 327.0-328.0 sec  0.00 Bytes  0.00 bits/sec
[  8] 328.0-329.0 sec  0.00 Bytes  0.00 bits/sec
[  8] 329.0-330.0 sec  0.00 Bytes  0.00 bits/sec
[  8] 330.0-331.0 sec  0.00 Bytes  0.00 bits/sec
[  8] 331.0-332.0 sec  0.00 Bytes  0.00 bits/sec
[  8] 332.0-333.0 sec  0.00 Bytes  0.00 bits/sec
[  8] 333.0-334.0 sec  0.00 Bytes  0.00 bits/sec
[  8] 334.0-335.0 sec  0.00 Bytes  0.00 bits/sec
[  8] 335.0-336.0 sec  0.00 Bytes  0.00 bits/sec
[  8] 336.0-337.0 sec  0.00 Bytes  0.00 bits/sec
[  8] 337.0-338.0 sec  0.00 Bytes  0.00 bits/sec
[  8] 338.0-339.0 sec  0.00 Bytes  0.00 bits/sec
[  8] 339.0-340.0 sec  0.00 Bytes  0.00 bits/sec
[  8] 340.0-341.0 sec  0.00 Bytes  0.00 bits/sec
[  8] 341.0-342.0 sec  0.00 Bytes  0.00 bits/sec
[  8] 342.0-343.0 sec  0.00 Bytes  0.00 bits/sec
[  8] 343.0-344.0 sec  0.00 Bytes  0.00 bits/sec
[  8] 344.0-345.0 sec  0.00 Bytes  0.00 bits/sec
[  8] 345.0-346.0 sec  0.00 Bytes  0.00 bits/sec
[  8] 346.0-347.0 sec  0.00 Bytes  0.00 bits/sec
[  8] 347.0-348.0 sec  0.00 Bytes  0.00 bits/sec
[  8] 348.0-349.0 sec  0.00 Bytes  0.00 bits/sec
[  8] 349.0-350.0 sec  0.00 Bytes  0.00 bits/sec
[  8] 350.0-351.0 sec  0.00 Bytes  0.00 bits/sec
[  8] 351.0-352.0 sec  0.00 Bytes  0.00 bits/sec
[  8] 352.0-353.0 sec  0.00 Bytes  0.00 bits/sec
[  8] 353.0-354.0 sec  0.00 Bytes  0.00 bits/sec
[  8] 354.0-355.0 sec  0.00 Bytes  0.00 bits/sec
[  8] 355.0-356.0 sec  0.00 Bytes  0.00 bits/sec
[  8] 356.0-357.0 sec  0.00 Bytes  0.00 bits/sec
[  8] 357.0-358.0 sec  0.00 Bytes  0.00 bits/sec
[  8] 358.0-359.0 sec  0.00 Bytes  0.00 bits/sec
[  8] 359.0-360.0 sec  0.00 Bytes  0.00 bits/sec
[  8] 360.0-361.0 sec  0.00 Bytes  0.00 bits/sec
[  8] 361.0-362.0 sec  0.00 Bytes  0.00 bits/sec
[  8] 362.0-363.0 sec  0.00 Bytes  0.00 bits/sec
[  8] 363.0-364.0 sec  0.00 Bytes  0.00 bits/sec
[  8] 364.0-365.0 sec  0.00 Bytes  0.00 bits/sec
[  8] 365.0-366.0 sec  0.00 Bytes  0.00 bits/sec
[  8] 366.0-367.0 sec  0.00 Bytes  0.00 bits/sec
[  8] 367.0-368.0 sec  0.00 Bytes  0.00 bits/sec
[  8] 368.0-369.0 sec  0.00 Bytes  0.00 bits/sec
[  8] 369.0-370.0 sec  0.00 Bytes  0.00 bits/sec
[  8] 370.0-371.0 sec  0.00 Bytes  0.00 bits/sec
[  8] 371.0-372.0 sec  0.00 Bytes  0.00 bits/sec
[  8] 372.0-373.0 sec  0.00 Bytes  0.00 bits/sec
[  8] 373.0-374.0 sec  0.00 Bytes  0.00 bits/sec
[  8] 374.0-375.0 sec  0.00 Bytes  0.00 bits/sec
[  8] 375.0-376.0 sec  0.00 Bytes  0.00 bits/sec
[  8] 376.0-377.0 sec  0.00 Bytes  0.00 bits/sec
[  8] 377.0-378.0 sec  0.00 Bytes  0.00 bits/sec
[  8] 378.0-379.0 sec  0.00 Bytes  0.00 bits/sec
[  8] 379.0-380.0 sec  0.00 Bytes  0.00 bits/sec
[  8] 380.0-381.0 sec  0.00 Bytes  0.00 bits/sec
[  8] 381.0-382.0 sec  0.00 Bytes  0.00 bits/sec
[  8] 382.0-383.0 sec  0.00 Bytes  0.00 bits/sec
[  8] 383.0-384.0 sec  0.00 Bytes  0.00 bits/sec
[  8] 384.0-385.0 sec  0.00 Bytes  0.00 bits/sec
[  8] 385.0-386.0 sec  0.00 Bytes  0.00 bits/sec
[  8] 386.0-387.0 sec  0.00 Bytes  0.00 bits/sec
[  8] 387.0-388.0 sec  0.00 Bytes  0.00 bits/sec
[  8] 388.0-389.0 sec  0.00 Bytes  0.00 bits/sec
[  8] 389.0-390.0 sec  0.00 Bytes  0.00 bits/sec
[  8] 390.0-391.0 sec  0.00 Bytes  0.00 bits/sec
[  8] 391.0-392.0 sec  0.00 Bytes  0.00 bits/sec
[  8] 392.0-393.0 sec  0.00 Bytes  0.00 bits/sec
[  8] 393.0-394.0 sec  0.00 Bytes  0.00 bits/sec
[  8] 394.0-395.0 sec  0.00 Bytes  0.00 bits/sec
[  8] 395.0-396.0 sec  0.00 Bytes  0.00 bits/sec
[  8] 396.0-397.0 sec  0.00 Bytes  0.00 bits/sec
[  8] 397.0-398.0 sec  0.00 Bytes  0.00 bits/sec
[  8] 398.0-399.0 sec  0.00 Bytes  0.00 bits/sec
[  8] 399.0-400.0 sec  0.00 Bytes  0.00 bits/sec
[  8] 400.0-401.0 sec  0.00 Bytes  0.00 bits/sec
[  8] 401.0-402.0 sec  0.00 Bytes  0.00 bits/sec
[  8] 402.0-403.0 sec  0.00 Bytes  0.00 bits/sec
[  8] 403.0-404.0 sec  0.00 Bytes  0.00 bits/sec
[  8] 404.0-405.0 sec  0.00 Bytes  0.00 bits/sec
[  8] 405.0-406.0 sec  0.00 Bytes  0.00 bits/sec
[  8] 406.0-407.0 sec  0.00 Bytes  0.00 bits/sec
[  8] 407.0-408.0 sec  0.00 Bytes  0.00 bits/sec
[  8] 408.0-409.0 sec  0.00 Bytes  0.00 bits/sec
[  8] 409.0-410.0 sec  0.00 Bytes  0.00 bits/sec
[  8] 410.0-411.0 sec  0.00 Bytes  0.00 bits/sec
[  8] 411.0-412.0 sec  0.00 Bytes  0.00 bits/sec
[  8] 412.0-413.0 sec  0.00 Bytes  0.00 bits/sec
[  8] 413.0-414.0 sec  0.00 Bytes  0.00 bits/sec
[  8] 414.0-415.0 sec  0.00 Bytes  0.00 bits/sec
[  8] 415.0-416.0 sec  0.00 Bytes  0.00 bits/sec
[  8] 416.0-417.0 sec  0.00 Bytes  0.00 bits/sec
[  8] 417.0-418.0 sec  0.00 Bytes  0.00 bits/sec
[  8] 418.0-419.0 sec  0.00 Bytes  0.00 bits/sec
[  8] 419.0-420.0 sec  0.00 Bytes  0.00 bits/sec
[  8] 420.0-421.0 sec  0.00 Bytes  0.00 bits/sec
[  8] 421.0-422.0 sec  0.00 Bytes  0.00 bits/sec
[  8] 422.0-423.0 sec  0.00 Bytes  0.00 bits/sec
[  8] 423.0-424.0 sec  0.00 Bytes  0.00 bits/sec
[  8] 424.0-425.0 sec  0.00 Bytes  0.00 bits/sec
[  8] 425.0-426.0 sec  0.00 Bytes  0.00 bits/sec
[  8] 426.0-427.0 sec  0.00 Bytes  0.00 bits/sec
[  8] 427.0-428.0 sec  0.00 Bytes  0.00 bits/sec
[  8] 428.0-429.0 sec  0.00 Bytes  0.00 bits/sec
[  8] 429.0-430.0 sec  0.00 Bytes  0.00 bits/sec
[  8] 430.0-431.0 sec  0.00 Bytes  0.00 bits/sec
[  8] 431.0-432.0 sec  0.00 Bytes  0.00 bits/sec
[  8] 432.0-433.0 sec  0.00 Bytes  0.00 bits/sec
[  8] 433.0-434.0 sec  0.00 Bytes  0.00 bits/sec
[  8] 434.0-435.0 sec  0.00 Bytes  0.00 bits/sec
[  8] 435.0-436.0 sec  0.00 Bytes  0.00 bits/sec
[  8] 436.0-437.0 sec  0.00 Bytes  0.00 bits/sec
[  8] 437.0-438.0 sec  0.00 Bytes  0.00 bits/sec
[  8] 438.0-439.0 sec  0.00 Bytes  0.00 bits/sec
[  8] 439.0-440.0 sec  0.00 Bytes  0.00 bits/sec
[  8] 440.0-441.0 sec  0.00 Bytes  0.00 bits/sec
[  8] 441.0-442.0 sec  0.00 Bytes  0.00 bits/sec
[  8] 442.0-443.0 sec  0.00 Bytes  0.00 bits/sec
[  8] 443.0-444.0 sec  0.00 Bytes  0.00 bits/sec
[  8] 444.0-445.0 sec  0.00 Bytes  0.00 bits/sec
[  8] 445.0-446.0 sec  0.00 Bytes  0.00 bits/sec
[  8] 446.0-447.0 sec  0.00 Bytes  0.00 bits/sec
[  8] 447.0-448.0 sec  0.00 Bytes  0.00 bits/sec
[  8] 448.0-449.0 sec  0.00 Bytes  0.00 bits/sec
[  8] 449.0-450.0 sec  0.00 Bytes  0.00 bits/sec
[  8] 450.0-451.0 sec  0.00 Bytes  0.00 bits/sec
[  8] 451.0-452.0 sec  0.00 Bytes  0.00 bits/sec
[  8] 452.0-453.0 sec  0.00 Bytes  0.00 bits/sec
[  8] 453.0-454.0 sec  0.00 Bytes  0.00 bits/sec
[  8] 454.0-455.0 sec  0.00 Bytes  0.00 bits/sec
[  8] 455.0-456.0 sec  0.00 Bytes  0.00 bits/sec
[  8] 456.0-457.0 sec  0.00 Bytes  0.00 bits/sec
[  8] 457.0-458.0 sec  0.00 Bytes  0.00 bits/sec
[  8] 458.0-459.0 sec  0.00 Bytes  0.00 bits/sec
[  8] 459.0-460.0 sec  0.00 Bytes  0.00 bits/sec
[  8] 460.0-461.0 sec  0.00 Bytes  0.00 bits/sec
[  8] 461.0-462.0 sec  0.00 Bytes  0.00 bits/sec
[  8] 462.0-463.0 sec  0.00 Bytes  0.00 bits/sec
[  8] 463.0-464.0 sec  0.00 Bytes  0.00 bits/sec
[  8] 464.0-465.0 sec  0.00 Bytes  0.00 bits/sec
[  8] 465.0-466.0 sec  0.00 Bytes  0.00 bits/sec
[  8] 466.0-467.0 sec  0.00 Bytes  0.00 bits/sec
[  8] 467.0-468.0 sec  0.00 Bytes  0.00 bits/sec
[  8] 468.0-469.0 sec  0.00 Bytes  0.00 bits/sec
[  8] 469.0-470.0 sec  0.00 Bytes  0.00 bits/sec
[  8] 470.0-471.0 sec  0.00 Bytes  0.00 bits/sec
[  8] 471.0-472.0 sec  0.00 Bytes  0.00 bits/sec
[  8] 472.0-473.0 sec  0.00 Bytes  0.00 bits/sec
[  8] 473.0-474.0 sec  0.00 Bytes  0.00 bits/sec
[  8] 474.0-475.0 sec  0.00 Bytes  0.00 bits/sec
[  8] 475.0-476.0 sec  0.00 Bytes  0.00 bits/sec
[  8] 476.0-477.0 sec  0.00 Bytes  0.00 bits/sec
[  8] 477.0-478.0 sec  0.00 Bytes  0.00 bits/sec
[  8] 478.0-479.0 sec  0.00 Bytes  0.00 bits/sec
[  8] 479.0-480.0 sec  0.00 Bytes  0.00 bits/sec
[  8] 480.0-481.0 sec  0.00 Bytes  0.00 bits/sec
[  8] 481.0-482.0 sec  0.00 Bytes  0.00 bits/sec
[  8] 482.0-483.0 sec  0.00 Bytes  0.00 bits/sec
[  8] 483.0-484.0 sec  0.00 Bytes  0.00 bits/sec
[  8] 484.0-485.0 sec  0.00 Bytes  0.00 bits/sec
[  8] 485.0-486.0 sec  0.00 Bytes  0.00 bits/sec
[  8] 486.0-487.0 sec  0.00 Bytes  0.00 bits/sec
[  8] 487.0-488.0 sec  0.00 Bytes  0.00 bits/sec
[  8] 488.0-489.0 sec  0.00 Bytes  0.00 bits/sec
[  8] 489.0-490.0 sec  0.00 Bytes  0.00 bits/sec
[  8] 490.0-491.0 sec  0.00 Bytes  0.00 bits/sec
[  8] 491.0-492.0 sec  0.00 Bytes  0.00 bits/sec
[  8] 492.0-493.0 sec  0.00 Bytes  0.00 bits/sec
[  8] 493.0-494.0 sec  0.00 Bytes  0.00 bits/sec
[  8] 494.0-495.0 sec  0.00 Bytes  0.00 bits/sec
[  8] 495.0-496.0 sec  0.00 Bytes  0.00 bits/sec
[  8] 496.0-497.0 sec  0.00 Bytes  0.00 bits/sec
[  8] 497.0-498.0 sec  0.00 Bytes  0.00 bits/sec
[  8] 498.0-499.0 sec  0.00 Bytes  0.00 bits/sec
[  8] 499.0-500.0 sec  0.00 Bytes  0.00 bits/sec
[  8] 500.0-501.0 sec  0.00 Bytes  0.00 bits/sec
[  8] 501.0-502.0 sec  0.00 Bytes  0.00 bits/sec
[  8] 502.0-503.0 sec  0.00 Bytes  0.00 bits/sec
[  8] 503.0-504.0 sec  0.00 Bytes  0.00 bits/sec
[  8] 504.0-505.0 sec  0.00 Bytes  0.00 bits/sec
[  8] 505.0-506.0 sec  0.00 Bytes  0.00 bits/sec
[  8] 506.0-507.0 sec  0.00 Bytes  0.00 bits/sec
[  8] 507.0-508.0 sec  0.00 Bytes  0.00 bits/sec
[  8] 508.0-509.0 sec  0.00 Bytes  0.00 bits/sec
[  8] 509.0-510.0 sec  0.00 Bytes  0.00 bits/sec
[  8] 510.0-511.0 sec  0.00 Bytes  0.00 bits/sec
[  8] 511.0-512.0 sec  0.00 Bytes  0.00 bits/sec
[  8] 512.0-513.0 sec  0.00 Bytes  0.00 bits/sec
[  8] 513.0-514.0 sec  0.00 Bytes  0.00 bits/sec
[  8] 514.0-515.0 sec  0.00 Bytes  0.00 bits/sec
[  8] 515.0-516.0 sec  0.00 Bytes  0.00 bits/sec
[  8] 516.0-517.0 sec  0.00 Bytes  0.00 bits/sec
[  8] 517.0-518.0 sec  0.00 Bytes  0.00 bits/sec
[  8] 518.0-519.0 sec  0.00 Bytes  0.00 bits/sec
[  8] 519.0-520.0 sec  0.00 Bytes  0.00 bits/sec
[  8] 520.0-521.0 sec  0.00 Bytes  0.00 bits/sec
[  8] 521.0-522.0 sec  0.00 Bytes  0.00 bits/sec
[  8] 522.0-523.0 sec  0.00 Bytes  0.00 bits/sec
[  8] 523.0-524.0 sec  0.00 Bytes  0.00 bits/sec
[  8] 524.0-525.0 sec  0.00 Bytes  0.00 bits/sec
[  8] 525.0-526.0 sec  0.00 Bytes  0.00 bits/sec
[  8] 526.0-527.0 sec  0.00 Bytes  0.00 bits/sec
[  8] 527.0-528.0 sec  0.00 Bytes  0.00 bits/sec
[  8] 528.0-529.0 sec  0.00 Bytes  0.00 bits/sec
[  8] 529.0-530.0 sec  0.00 Bytes  0.00 bits/sec
[  8] 530.0-531.0 sec  0.00 Bytes  0.00 bits/sec
[  8] 531.0-532.0 sec  0.00 Bytes  0.00 bits/sec
[  8] 532.0-533.0 sec  0.00 Bytes  0.00 bits/sec
[  8] 533.0-534.0 sec  0.00 Bytes  0.00 bits/sec
[  8] 534.0-535.0 sec  0.00 Bytes  0.00 bits/sec
[  8] 535.0-536.0 sec  0.00 Bytes  0.00 bits/sec
[  8] 536.0-537.0 sec  0.00 Bytes  0.00 bits/sec
[  8] 537.0-538.0 sec  0.00 Bytes  0.00 bits/sec
[  8] 538.0-539.0 sec  0.00 Bytes  0.00 bits/sec
[  8] 539.0-540.0 sec  0.00 Bytes  0.00 bits/sec
[  8] 540.0-541.0 sec  0.00 Bytes  0.00 bits/sec
[  8] 541.0-542.0 sec  0.00 Bytes  0.00 bits/sec
[  8] 542.0-543.0 sec  0.00 Bytes  0.00 bits/sec
[  8] 543.0-544.0 sec  0.00 Bytes  0.00 bits/sec
[  8] 544.0-545.0 sec  0.00 Bytes  0.00 bits/sec
[  8] 545.0-546.0 sec  0.00 Bytes  0.00 bits/sec
[  8] 546.0-547.0 sec  0.00 Bytes  0.00 bits/sec
[  8] 547.0-548.0 sec  0.00 Bytes  0.00 bits/sec
[  8] 548.0-549.0 sec  0.00 Bytes  0.00 bits/sec
[  8] 549.0-550.0 sec  0.00 Bytes  0.00 bits/sec
[  8] 550.0-551.0 sec  0.00 Bytes  0.00 bits/sec
[  8] 551.0-552.0 sec  0.00 Bytes  0.00 bits/sec
[  8] 552.0-553.0 sec  0.00 Bytes  0.00 bits/sec
[  8] 553.0-554.0 sec  0.00 Bytes  0.00 bits/sec
[  8] 554.0-555.0 sec  0.00 Bytes  0.00 bits/sec
[  8] 555.0-556.0 sec  0.00 Bytes  0.00 bits/sec
[  8] 556.0-557.0 sec  0.00 Bytes  0.00 bits/sec
[  8] 557.0-558.0 sec  0.00 Bytes  0.00 bits/sec
[  8] 558.0-559.0 sec  0.00 Bytes  0.00 bits/sec
[  8] 559.0-560.0 sec  0.00 Bytes  0.00 bits/sec
[  8] 560.0-561.0 sec  0.00 Bytes  0.00 bits/sec
[  8] 561.0-562.0 sec  0.00 Bytes  0.00 bits/sec
[  8] 562.0-563.0 sec  0.00 Bytes  0.00 bits/sec
[  8] 563.0-564.0 sec  0.00 Bytes  0.00 bits/sec
[  8] 564.0-565.0 sec  0.00 Bytes  0.00 bits/sec
[  8] 565.0-566.0 sec  0.00 Bytes  0.00 bits/sec
[  8] 566.0-567.0 sec  0.00 Bytes  0.00 bits/sec
[  8] 567.0-568.0 sec  0.00 Bytes  0.00 bits/sec
[  8] 568.0-569.0 sec  0.00 Bytes  0.00 bits/sec
[  8] 569.0-570.0 sec  0.00 Bytes  0.00 bits/sec
[  8] 570.0-571.0 sec  0.00 Bytes  0.00 bits/sec
[  8] 571.0-572.0 sec  0.00 Bytes  0.00 bits/sec
[  8] 572.0-573.0 sec  0.00 Bytes  0.00 bits/sec
[  8] 573.0-574.0 sec  0.00 Bytes  0.00 bits/sec
[  8] 574.0-575.0 sec  0.00 Bytes  0.00 bits/sec
[  8] 575.0-576.0 sec  0.00 Bytes  0.00 bits/sec
[  8] 576.0-577.0 sec  0.00 Bytes  0.00 bits/sec
[  8] 577.0-578.0 sec  0.00 Bytes  0.00 bits/sec
[  8] 578.0-579.0 sec  0.00 Bytes  0.00 bits/sec
[  8] 579.0-580.0 sec  0.00 Bytes  0.00 bits/sec
[  8] 580.0-581.0 sec  0.00 Bytes  0.00 bits/sec
[  8] 581.0-582.0 sec  0.00 Bytes  0.00 bits/sec
[  8] 582.0-583.0 sec  0.00 Bytes  0.00 bits/sec
[  8] 583.0-584.0 sec  0.00 Bytes  0.00 bits/sec
[  8] 584.0-585.0 sec  0.00 Bytes  0.00 bits/sec
[  8] 585.0-586.0 sec  0.00 Bytes  0.00 bits/sec
[  8] 586.0-587.0 sec  0.00 Bytes  0.00 bits/sec
[  8] 587.0-588.0 sec  0.00 Bytes  0.00 bits/sec
[  8] 588.0-589.0 sec  0.00 Bytes  0.00 bits/sec
[  8] 589.0-590.0 sec  0.00 Bytes  0.00 bits/sec
[  8] 590.0-591.0 sec  0.00 Bytes  0.00 bits/sec
[  8] 591.0-592.0 sec  0.00 Bytes  0.00 bits/sec
[  8] 592.0-593.0 sec  0.00 Bytes  0.00 bits/sec
[  8] 593.0-594.0 sec  0.00 Bytes  0.00 bits/sec
[  8] 594.0-595.0 sec  0.00 Bytes  0.00 bits/sec
[  8] 595.0-596.0 sec  0.00 Bytes  0.00 bits/sec
[  8] 596.0-597.0 sec  0.00 Bytes  0.00 bits/sec
[  8] 597.0-598.0 sec  0.00 Bytes  0.00 bits/sec
[  8] 598.0-599.0 sec  0.00 Bytes  0.00 bits/sec
[  8] 599.0-600.0 sec  0.00 Bytes  0.00 bits/sec
[  8] 600.0-601.0 sec  0.00 Bytes  0.00 bits/sec
[  8] 601.0-602.0 sec  0.00 Bytes  0.00 bits/sec
[  8] 602.0-603.0 sec  0.00 Bytes  0.00 bits/sec
[  8] 603.0-604.0 sec  0.00 Bytes  0.00 bits/sec
[  8] 604.0-605.0 sec  0.00 Bytes  0.00 bits/sec
[  8] 605.0-606.0 sec  0.00 Bytes  0.00 bits/sec
[  8] 606.0-607.0 sec  0.00 Bytes  0.00 bits/sec
[  8] 607.0-608.0 sec  0.00 Bytes  0.00 bits/sec
[  8] 608.0-609.0 sec  0.00 Bytes  0.00 bits/sec
[  8] 609.0-610.0 sec  0.00 Bytes  0.00 bits/sec
[  8] 610.0-611.0 sec  0.00 Bytes  0.00 bits/sec
[  8] 611.0-612.0 sec  0.00 Bytes  0.00 bits/sec
[  8] 612.0-613.0 sec  0.00 Bytes  0.00 bits/sec
[  8] 613.0-614.0 sec  0.00 Bytes  0.00 bits/sec
[  8] 614.0-615.0 sec  0.00 Bytes  0.00 bits/sec
[  8] 615.0-616.0 sec  0.00 Bytes  0.00 bits/sec
[  8] 616.0-617.0 sec  0.00 Bytes  0.00 bits/sec
[  8] 617.0-618.0 sec  0.00 Bytes  0.00 bits/sec
[  8] 618.0-619.0 sec  0.00 Bytes  0.00 bits/sec
[  8] 619.0-620.0 sec  0.00 Bytes  0.00 bits/sec
[  8] 620.0-621.0 sec  0.00 Bytes  0.00 bits/sec
[  8] 621.0-622.0 sec  0.00 Bytes  0.00 bits/sec
[  8] 622.0-623.0 sec  0.00 Bytes  0.00 bits/sec
[  8] 623.0-624.0 sec  0.00 Bytes  0.00 bits/sec
[  8] 624.0-625.0 sec  0.00 Bytes  0.00 bits/sec
[  8] 625.0-626.0 sec  0.00 Bytes  0.00 bits/sec
[  8] 626.0-627.0 sec  0.00 Bytes  0.00 bits/sec
[  8] 627.0-628.0 sec  0.00 Bytes  0.00 bits/sec
[  8] 628.0-629.0 sec  0.00 Bytes  0.00 bits/sec
[  8] 629.0-630.0 sec  0.00 Bytes  0.00 bits/sec
[  8] 630.0-631.0 sec  0.00 Bytes  0.00 bits/sec
[  8] 631.0-632.0 sec  0.00 Bytes  0.00 bits/sec
[  8] 632.0-633.0 sec  0.00 Bytes  0.00 bits/sec
[  8] 633.0-634.0 sec  0.00 Bytes  0.00 bits/sec
[  8] 634.0-635.0 sec  0.00 Bytes  0.00 bits/sec
[  8] 635.0-636.0 sec  0.00 Bytes  0.00 bits/sec
[  8] 636.0-637.0 sec  0.00 Bytes  0.00 bits/sec
[  8] 637.0-638.0 sec  0.00 Bytes  0.00 bits/sec
[  8] 638.0-639.0 sec  0.00 Bytes  0.00 bits/sec
[  8] 639.0-640.0 sec  0.00 Bytes  0.00 bits/sec
[  8] 640.0-641.0 sec  0.00 Bytes  0.00 bits/sec
[  8] 641.0-642.0 sec  0.00 Bytes  0.00 bits/sec
[  8] 642.0-643.0 sec  0.00 Bytes  0.00 bits/sec
[  8] 643.0-644.0 sec  0.00 Bytes  0.00 bits/sec
[  8] 644.0-645.0 sec  0.00 Bytes  0.00 bits/sec
[  8] 645.0-646.0 sec  0.00 Bytes  0.00 bits/sec
[  8] 646.0-647.0 sec  0.00 Bytes  0.00 bits/sec
[  8] 647.0-648.0 sec  0.00 Bytes  0.00 bits/sec
[  8] 648.0-649.0 sec  0.00 Bytes  0.00 bits/sec
[  8] 649.0-650.0 sec  0.00 Bytes  0.00 bits/sec
[  8] 650.0-651.0 sec  0.00 Bytes  0.00 bits/sec
[  8] 651.0-652.0 sec  0.00 Bytes  0.00 bits/sec
[  8] 652.0-653.0 sec  0.00 Bytes  0.00 bits/sec
[  8] 653.0-654.0 sec  0.00 Bytes  0.00 bits/sec
[  8] 654.0-655.0 sec  0.00 Bytes  0.00 bits/sec
[  8] 655.0-656.0 sec  0.00 Bytes  0.00 bits/sec
[  8] 656.0-657.0 sec  0.00 Bytes  0.00 bits/sec
[  8] 657.0-658.0 sec  0.00 Bytes  0.00 bits/sec
[  8] 658.0-659.0 sec  0.00 Bytes  0.00 bits/sec
[  8] 659.0-660.0 sec  0.00 Bytes  0.00 bits/sec
[  8] 660.0-661.0 sec  0.00 Bytes  0.00 bits/sec
[  8] 661.0-662.0 sec  0.00 Bytes  0.00 bits/sec
[  8] 662.0-663.0 sec  0.00 Bytes  0.00 bits/sec
[  8] 663.0-664.0 sec  0.00 Bytes  0.00 bits/sec
[  8] 664.0-665.0 sec  0.00 Bytes  0.00 bits/sec
[  8] 665.0-666.0 sec  0.00 Bytes  0.00 bits/sec
[  8] 666.0-667.0 sec  0.00 Bytes  0.00 bits/sec
[  8] 667.0-668.0 sec  0.00 Bytes  0.00 bits/sec
[  8] 668.0-669.0 sec  0.00 Bytes  0.00 bits/sec
[  8] 669.0-670.0 sec  0.00 Bytes  0.00 bits/sec
[  8] 670.0-671.0 sec  0.00 Bytes  0.00 bits/sec
[  8] 671.0-672.0 sec  0.00 Bytes  0.00 bits/sec
[  8] 672.0-673.0 sec  0.00 Bytes  0.00 bits/sec
[  8] 673.0-674.0 sec  0.00 Bytes  0.00 bits/sec
[  8] 674.0-675.0 sec  0.00 Bytes  0.00 bits/sec
[  8] 675.0-676.0 sec  0.00 Bytes  0.00 bits/sec
[  8] 676.0-677.0 sec  0.00 Bytes  0.00 bits/sec
[  8] 677.0-678.0 sec  0.00 Bytes  0.00 bits/sec
[  8] 678.0-679.0 sec  0.00 Bytes  0.00 bits/sec
[  8] 679.0-680.0 sec  0.00 Bytes  0.00 bits/sec
[  8] 680.0-681.0 sec  0.00 Bytes  0.00 bits/sec
[  8] 681.0-682.0 sec  0.00 Bytes  0.00 bits/sec
[  8] 682.0-683.0 sec  0.00 Bytes  0.00 bits/sec
[  8] 683.0-684.0 sec  0.00 Bytes  0.00 bits/sec
[  8] 684.0-685.0 sec  0.00 Bytes  0.00 bits/sec
[  8] 685.0-686.0 sec  0.00 Bytes  0.00 bits/sec
[  8] 686.0-687.0 sec  0.00 Bytes  0.00 bits/sec
[  8] 687.0-688.0 sec  0.00 Bytes  0.00 bits/sec
[  8] 688.0-689.0 sec  0.00 Bytes  0.00 bits/sec
[  8] 689.0-690.0 sec  0.00 Bytes  0.00 bits/sec
[  8] 690.0-691.0 sec  0.00 Bytes  0.00 bits/sec
[  8] 691.0-692.0 sec  0.00 Bytes  0.00 bits/sec
[  8] 692.0-693.0 sec  0.00 Bytes  0.00 bits/sec
[  8] 693.0-694.0 sec  0.00 Bytes  0.00 bits/sec
[  8] 694.0-695.0 sec  0.00 Bytes  0.00 bits/sec
[  8] 695.0-696.0 sec  0.00 Bytes  0.00 bits/sec
[  8] 696.0-697.0 sec  0.00 Bytes  0.00 bits/sec
[  8] 697.0-698.0 sec  0.00 Bytes  0.00 bits/sec
[  8] 698.0-699.0 sec  0.00 Bytes  0.00 bits/sec
[  8] 699.0-700.0 sec  0.00 Bytes  0.00 bits/sec
[  8] 700.0-701.0 sec  0.00 Bytes  0.00 bits/sec
[  8] 701.0-702.0 sec  0.00 Bytes  0.00 bits/sec
[  8] 702.0-703.0 sec  0.00 Bytes  0.00 bits/sec
[  8] 703.0-704.0 sec  0.00 Bytes  0.00 bits/sec
[  8] 704.0-705.0 sec  0.00 Bytes  0.00 bits/sec
[  8] 705.0-706.0 sec  0.00 Bytes  0.00 bits/sec
[  8] 706.0-707.0 sec  0.00 Bytes  0.00 bits/sec
[  8] 707.0-708.0 sec  0.00 Bytes  0.00 bits/sec
[  8] 708.0-709.0 sec  0.00 Bytes  0.00 bits/sec
[  8] 709.0-710.0 sec  0.00 Bytes  0.00 bits/sec
[  8] 710.0-711.0 sec  0.00 Bytes  0.00 bits/sec
[  8] 711.0-712.0 sec  0.00 Bytes  0.00 bits/sec
[  8] 712.0-713.0 sec  0.00 Bytes  0.00 bits/sec
[  8] 713.0-714.0 sec  0.00 Bytes  0.00 bits/sec
[  8] 714.0-715.0 sec  0.00 Bytes  0.00 bits/sec
[  8] 715.0-716.0 sec  0.00 Bytes  0.00 bits/sec
[  8] 716.0-717.0 sec  0.00 Bytes  0.00 bits/sec
[  8] 717.0-718.0 sec  0.00 Bytes  0.00 bits/sec
[  8] 718.0-719.0 sec  0.00 Bytes  0.00 bits/sec
[  8] 719.0-720.0 sec  0.00 Bytes  0.00 bits/sec
[  8] 720.0-721.0 sec  0.00 Bytes  0.00 bits/sec
[  8] 721.0-722.0 sec  0.00 Bytes  0.00 bits/sec
[  8] 722.0-723.0 sec  0.00 Bytes  0.00 bits/sec
[  8] 723.0-724.0 sec  0.00 Bytes  0.00 bits/sec
[  8] 724.0-725.0 sec  0.00 Bytes  0.00 bits/sec
[  8] 725.0-726.0 sec  0.00 Bytes  0.00 bits/sec
[  8] 726.0-727.0 sec  0.00 Bytes  0.00 bits/sec
[  8] 727.0-728.0 sec  0.00 Bytes  0.00 bits/sec
[  8] 728.0-729.0 sec  0.00 Bytes  0.00 bits/sec
[  8] 729.0-730.0 sec  0.00 Bytes  0.00 bits/sec
[  8] 730.0-731.0 sec  0.00 Bytes  0.00 bits/sec
[  8] 731.0-732.0 sec  0.00 Bytes  0.00 bits/sec
[  8] 732.0-733.0 sec  0.00 Bytes  0.00 bits/sec
[  8] 733.0-734.0 sec  0.00 Bytes  0.00 bits/sec
[  8] 734.0-735.0 sec  0.00 Bytes  0.00 bits/sec
[  8] 735.0-736.0 sec  0.00 Bytes  0.00 bits/sec
[  8] 736.0-737.0 sec  0.00 Bytes  0.00 bits/sec
[  8] 737.0-738.0 sec  0.00 Bytes  0.00 bits/sec
[  8] 738.0-739.0 sec  0.00 Bytes  0.00 bits/sec
[  8] 739.0-740.0 sec  0.00 Bytes  0.00 bits/sec
[  8] 740.0-741.0 sec  0.00 Bytes  0.00 bits/sec
[  8] 741.0-742.0 sec  0.00 Bytes  0.00 bits/sec
[  8] 742.0-743.0 sec  0.00 Bytes  0.00 bits/sec
[  8] 743.0-744.0 sec  0.00 Bytes  0.00 bits/sec
[  8] 744.0-745.0 sec  0.00 Bytes  0.00 bits/sec
[  8] 745.0-746.0 sec  0.00 Bytes  0.00 bits/sec
[  8] 746.0-747.0 sec  0.00 Bytes  0.00 bits/sec
[  8] 747.0-748.0 sec  0.00 Bytes  0.00 bits/sec
[  8] 748.0-749.0 sec  0.00 Bytes  0.00 bits/sec
[  8] 749.0-750.0 sec  0.00 Bytes  0.00 bits/sec
[  8] 750.0-751.0 sec  0.00 Bytes  0.00 bits/sec
[  8] 751.0-752.0 sec  0.00 Bytes  0.00 bits/sec
[  8] 752.0-753.0 sec  0.00 Bytes  0.00 bits/sec
[  8] 753.0-754.0 sec  0.00 Bytes  0.00 bits/sec
[  8] 754.0-755.0 sec  0.00 Bytes  0.00 bits/sec
[  8] 755.0-756.0 sec  0.00 Bytes  0.00 bits/sec
[  8] 756.0-757.0 sec  0.00 Bytes  0.00 bits/sec
[  8] 757.0-758.0 sec  0.00 Bytes  0.00 bits/sec
[  8] 758.0-759.0 sec  0.00 Bytes  0.00 bits/sec
[  8] 759.0-760.0 sec  0.00 Bytes  0.00 bits/sec
[  8] 760.0-761.0 sec  0.00 Bytes  0.00 bits/sec
[  8] 761.0-762.0 sec  0.00 Bytes  0.00 bits/sec
[  8] 762.0-763.0 sec  0.00 Bytes  0.00 bits/sec
[  8] 763.0-764.0 sec  0.00 Bytes  0.00 bits/sec
[  8] 764.0-765.0 sec  0.00 Bytes  0.00 bits/sec
[  8] 765.0-766.0 sec  0.00 Bytes  0.00 bits/sec
[  8] 766.0-767.0 sec  0.00 Bytes  0.00 bits/sec
[  8] 767.0-768.0 sec  0.00 Bytes  0.00 bits/sec
[  8] 768.0-769.0 sec  0.00 Bytes  0.00 bits/sec
[  8] 769.0-770.0 sec  0.00 Bytes  0.00 bits/sec
[  8] 770.0-771.0 sec  0.00 Bytes  0.00 bits/sec
[  8] 771.0-772.0 sec  0.00 Bytes  0.00 bits/sec
[  8] 772.0-773.0 sec  0.00 Bytes  0.00 bits/sec
[  8] 773.0-774.0 sec  0.00 Bytes  0.00 bits/sec
[  8] 774.0-775.0 sec  0.00 Bytes  0.00 bits/sec
[  8] 775.0-776.0 sec  0.00 Bytes  0.00 bits/sec
[  8] 776.0-777.0 sec  0.00 Bytes  0.00 bits/sec
[  8] 777.0-778.0 sec  0.00 Bytes  0.00 bits/sec
[  8] 778.0-779.0 sec  0.00 Bytes  0.00 bits/sec
[  8] 779.0-780.0 sec  0.00 Bytes  0.00 bits/sec
[  8] 780.0-781.0 sec  0.00 Bytes  0.00 bits/sec
[  8] 781.0-782.0 sec  0.00 Bytes  0.00 bits/sec
[  8] 782.0-783.0 sec  0.00 Bytes  0.00 bits/sec
[  8] 783.0-784.0 sec  0.00 Bytes  0.00 bits/sec
[  8] 784.0-785.0 sec  0.00 Bytes  0.00 bits/sec
[  8] 785.0-786.0 sec  0.00 Bytes  0.00 bits/sec
[  8] 786.0-787.0 sec  0.00 Bytes  0.00 bits/sec
[  8] 787.0-788.0 sec  0.00 Bytes  0.00 bits/sec
[  8] 788.0-789.0 sec  0.00 Bytes  0.00 bits/sec
[  8] 789.0-790.0 sec  0.00 Bytes  0.00 bits/sec
[  8] 790.0-791.0 sec  0.00 Bytes  0.00 bits/sec
[  8] 791.0-792.0 sec  0.00 Bytes  0.00 bits/sec
[  8] 792.0-793.0 sec  0.00 Bytes  0.00 bits/sec
[  8] 793.0-794.0 sec  0.00 Bytes  0.00 bits/sec
[  8] 794.0-795.0 sec  0.00 Bytes  0.00 bits/sec
[  8] 795.0-796.0 sec  0.00 Bytes  0.00 bits/sec
[  8] 796.0-797.0 sec  0.00 Bytes  0.00 bits/sec
[  8] 797.0-798.0 sec  0.00 Bytes  0.00 bits/sec
[  8] 798.0-799.0 sec  0.00 Bytes  0.00 bits/sec
[  8] 799.0-800.0 sec  0.00 Bytes  0.00 bits/sec
[  8] 800.0-801.0 sec  0.00 Bytes  0.00 bits/sec
[  8] 801.0-802.0 sec  0.00 Bytes  0.00 bits/sec
[  8] 802.0-803.0 sec  0.00 Bytes  0.00 bits/sec
[  8] 803.0-804.0 sec  0.00 Bytes  0.00 bits/sec
[  8] 804.0-805.0 sec  0.00 Bytes  0.00 bits/sec
[  8] 805.0-806.0 sec  0.00 Bytes  0.00 bits/sec
[  8] 806.0-807.0 sec  0.00 Bytes  0.00 bits/sec
[  8] 807.0-808.0 sec  0.00 Bytes  0.00 bits/sec
[  8] 808.0-809.0 sec  0.00 Bytes  0.00 bits/sec
[  8] 809.0-810.0 sec  0.00 Bytes  0.00 bits/sec
[  8] 810.0-811.0 sec  0.00 Bytes  0.00 bits/sec
[  8] 811.0-812.0 sec  0.00 Bytes  0.00 bits/sec
[  8] 812.0-813.0 sec  0.00 Bytes  0.00 bits/sec
[  8] 813.0-814.0 sec  0.00 Bytes  0.00 bits/sec
[  8] 814.0-815.0 sec  0.00 Bytes  0.00 bits/sec
[  8] 815.0-816.0 sec  0.00 Bytes  0.00 bits/sec
[  8] 816.0-817.0 sec  0.00 Bytes  0.00 bits/sec
[  8] 817.0-818.0 sec  0.00 Bytes  0.00 bits/sec
[  8] 818.0-819.0 sec  0.00 Bytes  0.00 bits/sec
[  8] 819.0-820.0 sec  0.00 Bytes  0.00 bits/sec
[  8] 820.0-821.0 sec  0.00 Bytes  0.00 bits/sec
[  8] 821.0-822.0 sec  0.00 Bytes  0.00 bits/sec
[  8] 822.0-823.0 sec  0.00 Bytes  0.00 bits/sec
[  8] 823.0-824.0 sec  0.00 Bytes  0.00 bits/sec
[  8] 824.0-825.0 sec  0.00 Bytes  0.00 bits/sec
[  8] 825.0-826.0 sec  0.00 Bytes  0.00 bits/sec
[  8] 826.0-827.0 sec  0.00 Bytes  0.00 bits/sec
[  8] 827.0-828.0 sec  0.00 Bytes  0.00 bits/sec
[  8] 828.0-829.0 sec  0.00 Bytes  0.00 bits/sec
[  8] 829.0-830.0 sec  0.00 Bytes  0.00 bits/sec
[  8] 830.0-831.0 sec  0.00 Bytes  0.00 bits/sec
[  8] 831.0-832.0 sec  0.00 Bytes  0.00 bits/sec
[  8] 832.0-833.0 sec  0.00 Bytes  0.00 bits/sec
[  8] 833.0-834.0 sec  0.00 Bytes  0.00 bits/sec
[  8] 834.0-835.0 sec  0.00 Bytes  0.00 bits/sec
[  8] 835.0-836.0 sec  0.00 Bytes  0.00 bits/sec
[  8] 836.0-837.0 sec  0.00 Bytes  0.00 bits/sec
[  8] 837.0-838.0 sec  0.00 Bytes  0.00 bits/sec
[  8] 838.0-839.0 sec  0.00 Bytes  0.00 bits/sec
[  8] 839.0-840.0 sec  0.00 Bytes  0.00 bits/sec
[  8] 840.0-841.0 sec  0.00 Bytes  0.00 bits/sec
[  8] 841.0-842.0 sec  0.00 Bytes  0.00 bits/sec
[  8] 842.0-843.0 sec  0.00 Bytes  0.00 bits/sec
[  8] 843.0-844.0 sec  0.00 Bytes  0.00 bits/sec
[  8] 844.0-845.0 sec  0.00 Bytes  0.00 bits/sec
[  8] 845.0-846.0 sec  0.00 Bytes  0.00 bits/sec
[  8] 846.0-847.0 sec  0.00 Bytes  0.00 bits/sec
[  8] 847.0-848.0 sec  0.00 Bytes  0.00 bits/sec
[  8] 848.0-849.0 sec  0.00 Bytes  0.00 bits/sec
[  8] 849.0-850.0 sec  0.00 Bytes  0.00 bits/sec
[  8] 850.0-851.0 sec  0.00 Bytes  0.00 bits/sec
[  8] 851.0-852.0 sec  0.00 Bytes  0.00 bits/sec
[  8] 852.0-853.0 sec  0.00 Bytes  0.00 bits/sec
[  8] 853.0-854.0 sec  0.00 Bytes  0.00 bits/sec
[  8] 854.0-855.0 sec  0.00 Bytes  0.00 bits/sec
[  8] 855.0-856.0 sec  0.00 Bytes  0.00 bits/sec
[  8] 856.0-857.0 sec  0.00 Bytes  0.00 bits/sec
[  8] 857.0-858.0 sec  0.00 Bytes  0.00 bits/sec
[  8] 858.0-859.0 sec  0.00 Bytes  0.00 bits/sec
[  8] 859.0-860.0 sec  0.00 Bytes  0.00 bits/sec
[  8] 860.0-861.0 sec  0.00 Bytes  0.00 bits/sec
[  8] 861.0-862.0 sec  0.00 Bytes  0.00 bits/sec
[  8] 862.0-863.0 sec  0.00 Bytes  0.00 bits/sec
[  8] 863.0-864.0 sec  0.00 Bytes  0.00 bits/sec
[  8] 864.0-865.0 sec  0.00 Bytes  0.00 bits/sec
[  8] 865.0-866.0 sec  0.00 Bytes  0.00 bits/sec
[  8] 866.0-867.0 sec  0.00 Bytes  0.00 bits/sec
[  8] 867.0-868.0 sec  0.00 Bytes  0.00 bits/sec
[  8] 868.0-869.0 sec  0.00 Bytes  0.00 bits/sec
[  8] 869.0-870.0 sec  0.00 Bytes  0.00 bits/sec
[  8] 870.0-871.0 sec  0.00 Bytes  0.00 bits/sec
[  8] 871.0-872.0 sec  0.00 Bytes  0.00 bits/sec
[  8] 872.0-873.0 sec  0.00 Bytes  0.00 bits/sec
[  8] 873.0-874.0 sec  0.00 Bytes  0.00 bits/sec
[  8] 874.0-875.0 sec  0.00 Bytes  0.00 bits/sec
[  8] 875.0-876.0 sec  0.00 Bytes  0.00 bits/sec
[  8] 876.0-877.0 sec  0.00 Bytes  0.00 bits/sec
[  8] 877.0-878.0 sec  0.00 Bytes  0.00 bits/sec
[  8] 878.0-879.0 sec  0.00 Bytes  0.00 bits/sec
[  8] 879.0-880.0 sec  0.00 Bytes  0.00 bits/sec
[  8] 880.0-881.0 sec  0.00 Bytes  0.00 bits/sec
[  8] 881.0-882.0 sec  0.00 Bytes  0.00 bits/sec
[  8] 882.0-883.0 sec  0.00 Bytes  0.00 bits/sec
[  8] 883.0-884.0 sec  0.00 Bytes  0.00 bits/sec
[  8] 884.0-885.0 sec  0.00 Bytes  0.00 bits/sec
[  8] 885.0-886.0 sec  0.00 Bytes  0.00 bits/sec
[  8] 886.0-887.0 sec  0.00 Bytes  0.00 bits/sec
[  8] 887.0-888.0 sec  0.00 Bytes  0.00 bits/sec
[  8] 888.0-889.0 sec  0.00 Bytes  0.00 bits/sec
[  8] 889.0-890.0 sec  0.00 Bytes  0.00 bits/sec
[  8] 890.0-891.0 sec  0.00 Bytes  0.00 bits/sec
[  8] 891.0-892.0 sec  0.00 Bytes  0.00 bits/sec
[  8] 892.0-893.0 sec  0.00 Bytes  0.00 bits/sec
[  8] 893.0-894.0 sec  0.00 Bytes  0.00 bits/sec
[  8] 894.0-895.0 sec  0.00 Bytes  0.00 bits/sec
[  8] 895.0-896.0 sec  0.00 Bytes  0.00 bits/sec
[  8] 896.0-897.0 sec  0.00 Bytes  0.00 bits/sec
[  8] 897.0-898.0 sec  0.00 Bytes  0.00 bits/sec
[  8] 898.0-899.0 sec  0.00 Bytes  0.00 bits/sec
[  8] 899.0-900.0 sec  0.00 Bytes  0.00 bits/sec
[  8] 900.0-901.0 sec  0.00 Bytes  0.00 bits/sec
[  8] 901.0-902.0 sec  0.00 Bytes  0.00 bits/sec
[  8] 902.0-903.0 sec  0.00 Bytes  0.00 bits/sec
[  8] 903.0-904.0 sec  0.00 Bytes  0.00 bits/sec
[  8] 904.0-905.0 sec  0.00 Bytes  0.00 bits/sec
[  8] 905.0-906.0 sec  0.00 Bytes  0.00 bits/sec
[  8] 906.0-907.0 sec  0.00 Bytes  0.00 bits/sec
[  8] 907.0-908.0 sec  0.00 Bytes  0.00 bits/sec
[  8] 908.0-909.0 sec  0.00 Bytes  0.00 bits/sec
[  8] 909.0-910.0 sec  0.00 Bytes  0.00 bits/sec
[  8] 910.0-911.0 sec  0.00 Bytes  0.00 bits/sec
[  8] 911.0-912.0 sec  0.00 Bytes  0.00 bits/sec
[  8] 912.0-913.0 sec  0.00 Bytes  0.00 bits/sec
[  8] 913.0-914.0 sec  0.00 Bytes  0.00 bits/sec
[  8] 914.0-915.0 sec  0.00 Bytes  0.00 bits/sec
[  8] 915.0-916.0 sec  0.00 Bytes  0.00 bits/sec
[  8] 916.0-917.0 sec  0.00 Bytes  0.00 bits/sec
[  8] 917.0-918.0 sec  0.00 Bytes  0.00 bits/sec
[  8] 918.0-919.0 sec  0.00 Bytes  0.00 bits/sec
[  8] 919.0-920.0 sec  0.00 Bytes  0.00 bits/sec
[  8] 920.0-921.0 sec  0.00 Bytes  0.00 bits/sec
[  8] 921.0-922.0 sec  0.00 Bytes  0.00 bits/sec
[  8] 922.0-923.0 sec  0.00 Bytes  0.00 bits/sec
[  8] 923.0-924.0 sec  0.00 Bytes  0.00 bits/sec
[  8] 924.0-925.0 sec  0.00 Bytes  0.00 bits/sec
[  8]  0.0-925.4 sec  26.5 KBytes   235 bits/sec
[SUM]  0.0-925.4 sec  48.6 MBytes   440 Kbits/sec
