------------------------------------------------------------
Client connecting to 10.0.0.27, TCP port 5001
TCP window size: 85.3 KByte (default)
------------------------------------------------------------
[  4] local 10.0.0.24 port 40416 connected with 10.0.0.27 port 5001
[  3] local 10.0.0.24 port 40342 connected with 10.0.0.27 port 5001
[  5] local 10.0.0.24 port 40420 connected with 10.0.0.27 port 5001
[  6] local 10.0.0.24 port 40422 connected with 10.0.0.27 port 5001
[  8] local 10.0.0.24 port 40428 connected with 10.0.0.27 port 5001
[  7] local 10.0.0.24 port 40424 connected with 10.0.0.27 port 5001
[ ID] Interval       Transfer     Bandwidth
[  3]  0.0- 1.0 sec   128 KBytes  1.05 Mbits/sec
[  7]  0.0- 1.0 sec   128 KBytes  1.05 Mbits/sec
[  5]  0.0- 1.0 sec   128 KBytes  1.05 Mbits/sec
[  4]  0.0- 1.0 sec   128 KBytes  1.05 Mbits/sec
[  6]  0.0- 1.0 sec   128 KBytes  1.05 Mbits/sec
[  8]  0.0- 1.0 sec   128 KBytes  1.05 Mbits/sec
[SUM]  0.0- 1.0 sec   768 KBytes  6.29 Mbits/sec
[  6]  1.0- 2.0 sec   128 KBytes  1.05 Mbits/sec
[  8]  1.0- 2.0 sec   128 KBytes  1.05 Mbits/sec
[  3]  1.0- 2.0 sec   256 KBytes  2.10 Mbits/sec
[  4]  1.0- 2.0 sec   256 KBytes  2.10 Mbits/sec
[  5]  1.0- 2.0 sec   256 KBytes  2.10 Mbits/sec
[  7]  1.0- 2.0 sec   256 KBytes  2.10 Mbits/sec
[SUM]  1.0- 2.0 sec  1.25 MBytes  10.5 Mbits/sec
[  3]  2.0- 3.0 sec   256 KBytes  2.10 Mbits/sec
[  4]  2.0- 3.0 sec   256 KBytes  2.10 Mbits/sec
[  5]  2.0- 3.0 sec   256 KBytes  2.10 Mbits/sec
[  6]  2.0- 3.0 sec   384 KBytes  3.15 Mbits/sec
[  8]  2.0- 3.0 sec   384 KBytes  3.15 Mbits/sec
[  7]  2.0- 3.0 sec   256 KBytes  2.10 Mbits/sec
[SUM]  2.0- 3.0 sec  1.75 MBytes  14.7 Mbits/sec
[  4]  3.0- 4.0 sec   256 KBytes  2.10 Mbits/sec
[  3]  3.0- 4.0 sec   256 KBytes  2.10 Mbits/sec
[  5]  3.0- 4.0 sec   256 KBytes  2.10 Mbits/sec
[  6]  3.0- 4.0 sec   256 KBytes  2.10 Mbits/sec
[  7]  3.0- 4.0 sec   256 KBytes  2.10 Mbits/sec
[  8]  3.0- 4.0 sec   256 KBytes  2.10 Mbits/sec
[SUM]  3.0- 4.0 sec  1.50 MBytes  12.6 Mbits/sec
[  4]  4.0- 5.0 sec   896 KBytes  7.34 Mbits/sec
[  3]  4.0- 5.0 sec   256 KBytes  2.10 Mbits/sec
[  6]  4.0- 5.0 sec   256 KBytes  2.10 Mbits/sec
[  5]  4.0- 5.0 sec   256 KBytes  2.10 Mbits/sec
[  7]  4.0- 5.0 sec   256 KBytes  2.10 Mbits/sec
[  8]  4.0- 5.0 sec   256 KBytes  2.10 Mbits/sec
[SUM]  4.0- 5.0 sec  2.12 MBytes  17.8 Mbits/sec
[  3]  0.0- 6.0 sec  1.75 MBytes  2.43 Mbits/sec
[  4]  5.0- 6.0 sec  5.00 MBytes  41.9 Mbits/sec
[  6]  5.0- 6.0 sec   256 KBytes  2.10 Mbits/sec
[  5]  5.0- 6.0 sec   256 KBytes  2.10 Mbits/sec
[  7]  5.0- 6.0 sec   256 KBytes  2.10 Mbits/sec
[  8]  5.0- 6.0 sec   256 KBytes  2.10 Mbits/sec
[  4]  6.0- 7.0 sec  4.75 MBytes  39.8 Mbits/sec
[  5]  6.0- 7.0 sec   384 KBytes  3.15 Mbits/sec
[  6]  6.0- 7.0 sec   768 KBytes  6.29 Mbits/sec
[  7]  6.0- 7.0 sec   384 KBytes  3.15 Mbits/sec
[  8]  6.0- 7.0 sec   384 KBytes  3.15 Mbits/sec
[  4]  7.0- 8.0 sec  5.25 MBytes  44.0 Mbits/sec
[  6]  7.0- 8.0 sec  1.12 MBytes  9.44 Mbits/sec
[  5]  7.0- 8.0 sec   640 KBytes  5.24 Mbits/sec
[  8]  7.0- 8.0 sec   384 KBytes  3.15 Mbits/sec
[  7]  7.0- 8.0 sec   384 KBytes  3.15 Mbits/sec
[  4]  8.0- 9.0 sec  7.25 MBytes  60.8 Mbits/sec
[  5]  8.0- 9.0 sec   640 KBytes  5.24 Mbits/sec
[  6]  8.0- 9.0 sec   768 KBytes  6.29 Mbits/sec
[  8]  8.0- 9.0 sec   384 KBytes  3.15 Mbits/sec
[  7]  8.0- 9.0 sec   384 KBytes  3.15 Mbits/sec
[  4]  9.0-10.0 sec  7.12 MBytes  59.8 Mbits/sec
[  4]  0.0-10.0 sec  31.2 MBytes  26.2 Mbits/sec
[  5]  9.0-10.0 sec   768 KBytes  6.29 Mbits/sec
[  5]  0.0-10.2 sec  3.88 MBytes  3.18 Mbits/sec
[  6]  9.0-10.0 sec   384 KBytes  3.15 Mbits/sec
[  6]  0.0-10.3 sec  4.50 MBytes  3.68 Mbits/sec
[  8]  9.0-10.0 sec   512 KBytes  4.19 Mbits/sec
[  8]  0.0-10.3 sec  3.12 MBytes  2.55 Mbits/sec
[  7]  9.0-10.0 sec   384 KBytes  3.15 Mbits/sec
[  7]  0.0-10.3 sec  3.00 MBytes  2.44 Mbits/sec
[SUM]  0.0-10.3 sec  47.5 MBytes  38.7 Mbits/sec
