------------------------------------------------------------
Client connecting to 10.0.0.9, TCP port 5001
TCP window size: 85.3 KByte (default)
------------------------------------------------------------
[  8] local 10.0.0.25 port 39996 connected with 10.0.0.9 port 5001
[  6] local 10.0.0.25 port 39944 connected with 10.0.0.9 port 5001
[  3] local 10.0.0.25 port 39936 connected with 10.0.0.9 port 5001
[  5] local 10.0.0.25 port 39942 connected with 10.0.0.9 port 5001
[  7] local 10.0.0.25 port 39948 connected with 10.0.0.9 port 5001
[  4] local 10.0.0.25 port 39940 connected with 10.0.0.9 port 5001
[ ID] Interval       Transfer     Bandwidth
[  3]  0.0- 1.0 sec   128 KBytes  1.05 Mbits/sec
[  5]  0.0- 1.0 sec   128 KBytes  1.05 Mbits/sec
[  8]  0.0- 1.0 sec   128 KBytes  1.05 Mbits/sec
[  4]  0.0- 1.0 sec   128 KBytes  1.05 Mbits/sec
[  6]  0.0- 1.0 sec   256 KBytes  2.10 Mbits/sec
[  5]  1.0- 2.0 sec   128 KBytes  1.05 Mbits/sec
[  8]  1.0- 2.0 sec   128 KBytes  1.05 Mbits/sec
[  4]  1.0- 2.0 sec   128 KBytes  1.05 Mbits/sec
[  6]  1.0- 2.0 sec   128 KBytes  1.05 Mbits/sec
[  3]  1.0- 2.0 sec   256 KBytes  2.10 Mbits/sec
[  4]  2.0- 3.0 sec   128 KBytes  1.05 Mbits/sec
[  8]  2.0- 3.0 sec   128 KBytes  1.05 Mbits/sec
[  6]  2.0- 3.0 sec   128 KBytes  1.05 Mbits/sec
[  5]  2.0- 3.0 sec   256 KBytes  2.10 Mbits/sec
[  5]  3.0- 4.0 sec  0.00 Bytes  0.00 bits/sec
[  3]  2.0- 3.0 sec   128 KBytes  1.05 Mbits/sec
[  3]  3.0- 4.0 sec  0.00 Bytes  0.00 bits/sec
[  4]  3.0- 4.0 sec   128 KBytes  1.05 Mbits/sec
[  8]  3.0- 4.0 sec   128 KBytes  1.05 Mbits/sec
[  6]  3.0- 4.0 sec   128 KBytes  1.05 Mbits/sec
[  3]  4.0- 5.0 sec   256 KBytes  2.10 Mbits/sec
[  5]  4.0- 5.0 sec   256 KBytes  2.10 Mbits/sec
[  4]  4.0- 5.0 sec   256 KBytes  2.10 Mbits/sec
[  8]  4.0- 5.0 sec   256 KBytes  2.10 Mbits/sec
[  6]  4.0- 5.0 sec   256 KBytes  2.10 Mbits/sec
[  6]  5.0- 6.0 sec   384 KBytes  3.15 Mbits/sec
[  6]  0.0- 6.4 sec  1.50 MBytes  1.97 Mbits/sec
[SUM]  0.0- 6.4 sec  2.25 MBytes  2.96 Mbits/sec
[  5]  5.0- 6.0 sec   256 KBytes  2.10 Mbits/sec
[  4]  5.0- 6.0 sec   256 KBytes  2.10 Mbits/sec
[  8]  5.0- 6.0 sec   256 KBytes  2.10 Mbits/sec
[  3]  5.0- 6.0 sec   384 KBytes  3.15 Mbits/sec
[  5]  6.0- 7.0 sec   256 KBytes  2.10 Mbits/sec
[  4]  6.0- 7.0 sec   256 KBytes  2.10 Mbits/sec
[  8]  6.0- 7.0 sec   256 KBytes  2.10 Mbits/sec
[  3]  6.0- 7.0 sec   256 KBytes  2.10 Mbits/sec
[  3]  0.0- 8.1 sec  1.62 MBytes  1.68 Mbits/sec
[  4]  7.0- 8.0 sec   256 KBytes  2.10 Mbits/sec
[  5]  7.0- 8.0 sec   256 KBytes  2.10 Mbits/sec
[  5]  0.0- 8.5 sec  1.62 MBytes  1.60 Mbits/sec
[  8]  7.0- 8.0 sec   256 KBytes  2.10 Mbits/sec
[  4]  8.0- 9.0 sec   640 KBytes  5.24 Mbits/sec
[  8]  8.0- 9.0 sec   256 KBytes  2.10 Mbits/sec
[  4]  9.0-10.0 sec  4.00 MBytes  33.6 Mbits/sec
[  4]  0.0-10.0 sec  6.25 MBytes  5.22 Mbits/sec
[  8]  9.0-10.0 sec   384 KBytes  3.15 Mbits/sec
[  8]  0.0-10.2 sec  2.25 MBytes  1.86 Mbits/sec
[  7]  0.0- 1.0 sec  26.5 KBytes   217 Kbits/sec
[  7]  1.0- 2.0 sec  0.00 Bytes  0.00 bits/sec
[SUM]  1.0- 2.0 sec   768 KBytes  6.29 Mbits/sec
[  7]  2.0- 3.0 sec  0.00 Bytes  0.00 bits/sec
[SUM]  2.0- 3.0 sec   768 KBytes  6.29 Mbits/sec
[  7]  3.0- 4.0 sec  0.00 Bytes  0.00 bits/sec
[SUM]  3.0- 4.0 sec   384 KBytes  3.15 Mbits/sec
[  7]  4.0- 5.0 sec  0.00 Bytes  0.00 bits/sec
[  7]  5.0- 6.0 sec  0.00 Bytes  0.00 bits/sec
[  7]  6.0- 7.0 sec  0.00 Bytes  0.00 bits/sec
[  7]  7.0- 8.0 sec  0.00 Bytes  0.00 bits/sec
[  7]  8.0- 9.0 sec  0.00 Bytes  0.00 bits/sec
[  7]  9.0-10.0 sec  0.00 Bytes  0.00 bits/sec
[  7] 10.0-11.0 sec  0.00 Bytes  0.00 bits/sec
[  7] 11.0-12.0 sec  0.00 Bytes  0.00 bits/sec
[  7] 12.0-13.0 sec  0.00 Bytes  0.00 bits/sec
[  7] 13.0-14.0 sec  0.00 Bytes  0.00 bits/sec
[  7] 14.0-15.0 sec  0.00 Bytes  0.00 bits/sec
[  7] 15.0-16.0 sec  0.00 Bytes  0.00 bits/sec
[  7] 16.0-17.0 sec  0.00 Bytes  0.00 bits/sec
[  7] 17.0-18.0 sec  0.00 Bytes  0.00 bits/sec
[  7] 18.0-19.0 sec  0.00 Bytes  0.00 bits/sec
[  7] 19.0-20.0 sec  0.00 Bytes  0.00 bits/sec
[  7] 20.0-21.0 sec  0.00 Bytes  0.00 bits/sec
[  7] 21.0-22.0 sec  0.00 Bytes  0.00 bits/sec
[  7] 22.0-23.0 sec  0.00 Bytes  0.00 bits/sec
[  7] 23.0-24.0 sec  0.00 Bytes  0.00 bits/sec
[  7] 24.0-25.0 sec  0.00 Bytes  0.00 bits/sec
[  7] 25.0-26.0 sec  0.00 Bytes  0.00 bits/sec
[  7] 26.0-27.0 sec  0.00 Bytes  0.00 bits/sec
[  7] 27.0-28.0 sec  0.00 Bytes  0.00 bits/sec
[  7] 28.0-29.0 sec  0.00 Bytes  0.00 bits/sec
[  7] 29.0-30.0 sec  0.00 Bytes  0.00 bits/sec
[  7] 30.0-31.0 sec  0.00 Bytes  0.00 bits/sec
[  7] 31.0-32.0 sec  0.00 Bytes  0.00 bits/sec
[  7] 32.0-33.0 sec  0.00 Bytes  0.00 bits/sec
[  7] 33.0-34.0 sec  0.00 Bytes  0.00 bits/sec
[  7] 34.0-35.0 sec  0.00 Bytes  0.00 bits/sec
[  7] 35.0-36.0 sec  0.00 Bytes  0.00 bits/sec
[  7] 36.0-37.0 sec  0.00 Bytes  0.00 bits/sec
[  7] 37.0-38.0 sec  0.00 Bytes  0.00 bits/sec
[  7] 38.0-39.0 sec  0.00 Bytes  0.00 bits/sec
[  7] 39.0-40.0 sec  0.00 Bytes  0.00 bits/sec
[  7] 40.0-41.0 sec  0.00 Bytes  0.00 bits/sec
[  7] 41.0-42.0 sec  0.00 Bytes  0.00 bits/sec
[  7] 42.0-43.0 sec  0.00 Bytes  0.00 bits/sec
[  7] 43.0-44.0 sec  0.00 Bytes  0.00 bits/sec
[  7] 44.0-45.0 sec  0.00 Bytes  0.00 bits/sec
[  7] 45.0-46.0 sec  0.00 Bytes  0.00 bits/sec
[  7] 46.0-47.0 sec  0.00 Bytes  0.00 bits/sec
[  7] 47.0-48.0 sec  0.00 Bytes  0.00 bits/sec
[  7] 48.0-49.0 sec  0.00 Bytes  0.00 bits/sec
[  7] 49.0-50.0 sec  0.00 Bytes  0.00 bits/sec
[  7] 50.0-51.0 sec  0.00 Bytes  0.00 bits/sec
[  7] 51.0-52.0 sec  0.00 Bytes  0.00 bits/sec
[  7] 52.0-53.0 sec  0.00 Bytes  0.00 bits/sec
[  7] 53.0-54.0 sec  0.00 Bytes  0.00 bits/sec
[  7] 54.0-55.0 sec  0.00 Bytes  0.00 bits/sec
[  7] 55.0-56.0 sec  0.00 Bytes  0.00 bits/sec
[  7] 56.0-57.0 sec  0.00 Bytes  0.00 bits/sec
[  7] 57.0-58.0 sec  0.00 Bytes  0.00 bits/sec
[  7] 58.0-59.0 sec  0.00 Bytes  0.00 bits/sec
[  7] 59.0-60.0 sec  0.00 Bytes  0.00 bits/sec
[  7] 60.0-61.0 sec  0.00 Bytes  0.00 bits/sec
[  7] 61.0-62.0 sec  0.00 Bytes  0.00 bits/sec
[  7] 62.0-63.0 sec  0.00 Bytes  0.00 bits/sec
[  7] 63.0-64.0 sec  0.00 Bytes  0.00 bits/sec
[  7] 64.0-65.0 sec  0.00 Bytes  0.00 bits/sec
[  7] 65.0-66.0 sec  0.00 Bytes  0.00 bits/sec
[  7] 66.0-67.0 sec  0.00 Bytes  0.00 bits/sec
[  7] 67.0-68.0 sec  0.00 Bytes  0.00 bits/sec
[  7] 68.0-69.0 sec  0.00 Bytes  0.00 bits/sec
[  7] 69.0-70.0 sec  0.00 Bytes  0.00 bits/sec
[  7] 70.0-71.0 sec  0.00 Bytes  0.00 bits/sec
[  7] 71.0-72.0 sec  0.00 Bytes  0.00 bits/sec
[  7] 72.0-73.0 sec  0.00 Bytes  0.00 bits/sec
[  7] 73.0-74.0 sec  0.00 Bytes  0.00 bits/sec
[  7] 74.0-75.0 sec  0.00 Bytes  0.00 bits/sec
[  7] 75.0-76.0 sec  0.00 Bytes  0.00 bits/sec
[  7] 76.0-77.0 sec  0.00 Bytes  0.00 bits/sec
[  7] 77.0-78.0 sec  0.00 Bytes  0.00 bits/sec
[  7] 78.0-79.0 sec  0.00 Bytes  0.00 bits/sec
[  7] 79.0-80.0 sec  0.00 Bytes  0.00 bits/sec
[  7] 80.0-81.0 sec  0.00 Bytes  0.00 bits/sec
[  7] 81.0-82.0 sec  0.00 Bytes  0.00 bits/sec
[  7] 82.0-83.0 sec  0.00 Bytes  0.00 bits/sec
[  7] 83.0-84.0 sec  0.00 Bytes  0.00 bits/sec
[  7] 84.0-85.0 sec  0.00 Bytes  0.00 bits/sec
[  7] 85.0-86.0 sec  0.00 Bytes  0.00 bits/sec
[  7] 86.0-87.0 sec  0.00 Bytes  0.00 bits/sec
[  7] 87.0-88.0 sec  0.00 Bytes  0.00 bits/sec
[  7] 88.0-89.0 sec  0.00 Bytes  0.00 bits/sec
[  7] 89.0-90.0 sec  0.00 Bytes  0.00 bits/sec
[  7] 90.0-91.0 sec  0.00 Bytes  0.00 bits/sec
[  7] 91.0-92.0 sec  0.00 Bytes  0.00 bits/sec
[  7] 92.0-93.0 sec  0.00 Bytes  0.00 bits/sec
[  7] 93.0-94.0 sec  0.00 Bytes  0.00 bits/sec
[  7] 94.0-95.0 sec  0.00 Bytes  0.00 bits/sec
[  7] 95.0-96.0 sec  0.00 Bytes  0.00 bits/sec
[  7] 96.0-97.0 sec  0.00 Bytes  0.00 bits/sec
[  7] 97.0-98.0 sec  0.00 Bytes  0.00 bits/sec
[  7] 98.0-99.0 sec  0.00 Bytes  0.00 bits/sec
[  7] 99.0-100.0 sec  0.00 Bytes  0.00 bits/sec
[  7] 100.0-101.0 sec  0.00 Bytes  0.00 bits/sec
[  7] 101.0-102.0 sec  0.00 Bytes  0.00 bits/sec
[  7] 102.0-103.0 sec  0.00 Bytes  0.00 bits/sec
[  7] 103.0-104.0 sec  0.00 Bytes  0.00 bits/sec
[  7] 104.0-105.0 sec  0.00 Bytes  0.00 bits/sec
[  7] 105.0-106.0 sec  0.00 Bytes  0.00 bits/sec
[  7] 106.0-107.0 sec  0.00 Bytes  0.00 bits/sec
[  7] 107.0-108.0 sec  0.00 Bytes  0.00 bits/sec
[  7] 108.0-109.0 sec  0.00 Bytes  0.00 bits/sec
[  7] 109.0-110.0 sec  0.00 Bytes  0.00 bits/sec
[  7] 110.0-111.0 sec  0.00 Bytes  0.00 bits/sec
[  7] 111.0-112.0 sec  0.00 Bytes  0.00 bits/sec
[  7] 112.0-113.0 sec  0.00 Bytes  0.00 bits/sec
[  7] 113.0-114.0 sec  0.00 Bytes  0.00 bits/sec
[  7] 114.0-115.0 sec  0.00 Bytes  0.00 bits/sec
[  7] 115.0-116.0 sec  0.00 Bytes  0.00 bits/sec
[  7] 116.0-117.0 sec  0.00 Bytes  0.00 bits/sec
[  7] 117.0-118.0 sec  0.00 Bytes  0.00 bits/sec
[  7] 118.0-119.0 sec  0.00 Bytes  0.00 bits/sec
[  7] 119.0-120.0 sec  0.00 Bytes  0.00 bits/sec
[  7] 120.0-121.0 sec  0.00 Bytes  0.00 bits/sec
[  7] 121.0-122.0 sec  0.00 Bytes  0.00 bits/sec
[  7] 122.0-123.0 sec  0.00 Bytes  0.00 bits/sec
[  7] 123.0-124.0 sec  0.00 Bytes  0.00 bits/sec
[  7] 124.0-125.0 sec  0.00 Bytes  0.00 bits/sec
[  7] 125.0-126.0 sec  0.00 Bytes  0.00 bits/sec
[  7] 126.0-127.0 sec  0.00 Bytes  0.00 bits/sec
[  7] 127.0-128.0 sec  0.00 Bytes  0.00 bits/sec
[  7] 128.0-129.0 sec  0.00 Bytes  0.00 bits/sec
[  7] 129.0-130.0 sec  0.00 Bytes  0.00 bits/sec
[  7] 130.0-131.0 sec  0.00 Bytes  0.00 bits/sec
[  7] 131.0-132.0 sec  0.00 Bytes  0.00 bits/sec
[  7] 132.0-133.0 sec  0.00 Bytes  0.00 bits/sec
[  7] 133.0-134.0 sec  0.00 Bytes  0.00 bits/sec
[  7] 134.0-135.0 sec  0.00 Bytes  0.00 bits/sec
[  7] 135.0-136.0 sec  0.00 Bytes  0.00 bits/sec
[  7] 136.0-137.0 sec  0.00 Bytes  0.00 bits/sec
[  7] 137.0-138.0 sec  0.00 Bytes  0.00 bits/sec
[  7] 138.0-139.0 sec  0.00 Bytes  0.00 bits/sec
[  7] 139.0-140.0 sec  0.00 Bytes  0.00 bits/sec
[  7] 140.0-141.0 sec  0.00 Bytes  0.00 bits/sec
[  7] 141.0-142.0 sec  0.00 Bytes  0.00 bits/sec
[  7] 142.0-143.0 sec  0.00 Bytes  0.00 bits/sec
[  7] 143.0-144.0 sec  0.00 Bytes  0.00 bits/sec
[  7] 144.0-145.0 sec  0.00 Bytes  0.00 bits/sec
[  7] 145.0-146.0 sec  0.00 Bytes  0.00 bits/sec
[  7] 146.0-147.0 sec  0.00 Bytes  0.00 bits/sec
[  7] 147.0-148.0 sec  0.00 Bytes  0.00 bits/sec
[  7] 148.0-149.0 sec  0.00 Bytes  0.00 bits/sec
[  7] 149.0-150.0 sec  0.00 Bytes  0.00 bits/sec
[  7] 150.0-151.0 sec  0.00 Bytes  0.00 bits/sec
[  7] 151.0-152.0 sec  0.00 Bytes  0.00 bits/sec
[  7] 152.0-153.0 sec  0.00 Bytes  0.00 bits/sec
[  7] 153.0-154.0 sec  0.00 Bytes  0.00 bits/sec
[  7] 154.0-155.0 sec  0.00 Bytes  0.00 bits/sec
[  7] 155.0-156.0 sec  0.00 Bytes  0.00 bits/sec
[  7] 156.0-157.0 sec  0.00 Bytes  0.00 bits/sec
[  7] 157.0-158.0 sec  0.00 Bytes  0.00 bits/sec
[  7] 158.0-159.0 sec  0.00 Bytes  0.00 bits/sec
[  7] 159.0-160.0 sec  0.00 Bytes  0.00 bits/sec
[  7] 160.0-161.0 sec  0.00 Bytes  0.00 bits/sec
[  7] 161.0-162.0 sec  0.00 Bytes  0.00 bits/sec
[  7] 162.0-163.0 sec  0.00 Bytes  0.00 bits/sec
[  7] 163.0-164.0 sec  0.00 Bytes  0.00 bits/sec
[  7] 164.0-165.0 sec  0.00 Bytes  0.00 bits/sec
[  7] 165.0-166.0 sec  0.00 Bytes  0.00 bits/sec
[  7] 166.0-167.0 sec  0.00 Bytes  0.00 bits/sec
[  7] 167.0-168.0 sec  0.00 Bytes  0.00 bits/sec
[  7] 168.0-169.0 sec  0.00 Bytes  0.00 bits/sec
[  7] 169.0-170.0 sec  0.00 Bytes  0.00 bits/sec
[  7] 170.0-171.0 sec  0.00 Bytes  0.00 bits/sec
[  7] 171.0-172.0 sec  0.00 Bytes  0.00 bits/sec
[  7] 172.0-173.0 sec  0.00 Bytes  0.00 bits/sec
[  7] 173.0-174.0 sec  0.00 Bytes  0.00 bits/sec
[  7] 174.0-175.0 sec  0.00 Bytes  0.00 bits/sec
[  7] 175.0-176.0 sec  0.00 Bytes  0.00 bits/sec
[  7] 176.0-177.0 sec  0.00 Bytes  0.00 bits/sec
[  7] 177.0-178.0 sec  0.00 Bytes  0.00 bits/sec
[  7] 178.0-179.0 sec  0.00 Bytes  0.00 bits/sec
[  7] 179.0-180.0 sec  0.00 Bytes  0.00 bits/sec
[  7] 180.0-181.0 sec  0.00 Bytes  0.00 bits/sec
[  7] 181.0-182.0 sec  0.00 Bytes  0.00 bits/sec
[  7] 182.0-183.0 sec  0.00 Bytes  0.00 bits/sec
[  7] 183.0-184.0 sec  0.00 Bytes  0.00 bits/sec
[  7] 184.0-185.0 sec  0.00 Bytes  0.00 bits/sec
[  7] 185.0-186.0 sec  0.00 Bytes  0.00 bits/sec
[  7] 186.0-187.0 sec  0.00 Bytes  0.00 bits/sec
[  7] 187.0-188.0 sec  0.00 Bytes  0.00 bits/sec
[  7] 188.0-189.0 sec  0.00 Bytes  0.00 bits/sec
[  7] 189.0-190.0 sec  0.00 Bytes  0.00 bits/sec
[  7] 190.0-191.0 sec  0.00 Bytes  0.00 bits/sec
[  7] 191.0-192.0 sec  0.00 Bytes  0.00 bits/sec
[  7] 192.0-193.0 sec  0.00 Bytes  0.00 bits/sec
[  7] 193.0-194.0 sec  0.00 Bytes  0.00 bits/sec
[  7] 194.0-195.0 sec  0.00 Bytes  0.00 bits/sec
[  7] 195.0-196.0 sec  0.00 Bytes  0.00 bits/sec
[  7] 196.0-197.0 sec  0.00 Bytes  0.00 bits/sec
[  7] 197.0-198.0 sec  0.00 Bytes  0.00 bits/sec
[  7] 198.0-199.0 sec  0.00 Bytes  0.00 bits/sec
[  7] 199.0-200.0 sec  0.00 Bytes  0.00 bits/sec
[  7] 200.0-201.0 sec  0.00 Bytes  0.00 bits/sec
[  7] 201.0-202.0 sec  0.00 Bytes  0.00 bits/sec
[  7] 202.0-203.0 sec  0.00 Bytes  0.00 bits/sec
[  7] 203.0-204.0 sec  0.00 Bytes  0.00 bits/sec
[  7] 204.0-205.0 sec  0.00 Bytes  0.00 bits/sec
[  7] 205.0-206.0 sec  0.00 Bytes  0.00 bits/sec
[  7] 206.0-207.0 sec  0.00 Bytes  0.00 bits/sec
[  7] 207.0-208.0 sec  0.00 Bytes  0.00 bits/sec
[  7] 208.0-209.0 sec  0.00 Bytes  0.00 bits/sec
[  7] 209.0-210.0 sec  0.00 Bytes  0.00 bits/sec
[  7] 210.0-211.0 sec  0.00 Bytes  0.00 bits/sec
[  7] 211.0-212.0 sec  0.00 Bytes  0.00 bits/sec
[  7] 212.0-213.0 sec  0.00 Bytes  0.00 bits/sec
[  7] 213.0-214.0 sec  0.00 Bytes  0.00 bits/sec
[  7] 214.0-215.0 sec  0.00 Bytes  0.00 bits/sec
[  7] 215.0-216.0 sec  0.00 Bytes  0.00 bits/sec
[  7] 216.0-217.0 sec  0.00 Bytes  0.00 bits/sec
[  7] 217.0-218.0 sec  0.00 Bytes  0.00 bits/sec
[  7] 218.0-219.0 sec  0.00 Bytes  0.00 bits/sec
[  7] 219.0-220.0 sec  0.00 Bytes  0.00 bits/sec
[  7] 220.0-221.0 sec  0.00 Bytes  0.00 bits/sec
[  7] 221.0-222.0 sec  0.00 Bytes  0.00 bits/sec
[  7] 222.0-223.0 sec  0.00 Bytes  0.00 bits/sec
[  7] 223.0-224.0 sec  0.00 Bytes  0.00 bits/sec
[  7] 224.0-225.0 sec  0.00 Bytes  0.00 bits/sec
[  7] 225.0-226.0 sec  0.00 Bytes  0.00 bits/sec
[  7] 226.0-227.0 sec  0.00 Bytes  0.00 bits/sec
[  7] 227.0-228.0 sec  0.00 Bytes  0.00 bits/sec
[  7] 228.0-229.0 sec  0.00 Bytes  0.00 bits/sec
[  7] 229.0-230.0 sec  0.00 Bytes  0.00 bits/sec
[  7] 230.0-231.0 sec  0.00 Bytes  0.00 bits/sec
[  7] 231.0-232.0 sec  0.00 Bytes  0.00 bits/sec
[  7] 232.0-233.0 sec  0.00 Bytes  0.00 bits/sec
[  7] 233.0-234.0 sec  0.00 Bytes  0.00 bits/sec
[  7] 234.0-235.0 sec  0.00 Bytes  0.00 bits/sec
[  7] 235.0-236.0 sec  0.00 Bytes  0.00 bits/sec
[  7] 236.0-237.0 sec  0.00 Bytes  0.00 bits/sec
[  7] 237.0-238.0 sec  0.00 Bytes  0.00 bits/sec
[  7] 238.0-239.0 sec  0.00 Bytes  0.00 bits/sec
[  7] 239.0-240.0 sec  0.00 Bytes  0.00 bits/sec
[  7] 240.0-241.0 sec  0.00 Bytes  0.00 bits/sec
[  7] 241.0-242.0 sec  0.00 Bytes  0.00 bits/sec
[  7] 242.0-243.0 sec  0.00 Bytes  0.00 bits/sec
[  7] 243.0-244.0 sec  0.00 Bytes  0.00 bits/sec
[  7] 244.0-245.0 sec  0.00 Bytes  0.00 bits/sec
[  7] 245.0-246.0 sec  0.00 Bytes  0.00 bits/sec
[  7] 246.0-247.0 sec  0.00 Bytes  0.00 bits/sec
[  7] 247.0-248.0 sec  0.00 Bytes  0.00 bits/sec
[  7] 248.0-249.0 sec  0.00 Bytes  0.00 bits/sec
[  7] 249.0-250.0 sec  0.00 Bytes  0.00 bits/sec
[  7] 250.0-251.0 sec  0.00 Bytes  0.00 bits/sec
[  7] 251.0-252.0 sec  0.00 Bytes  0.00 bits/sec
[  7] 252.0-253.0 sec  0.00 Bytes  0.00 bits/sec
[  7] 253.0-254.0 sec  0.00 Bytes  0.00 bits/sec
[  7] 254.0-255.0 sec  0.00 Bytes  0.00 bits/sec
[  7] 255.0-256.0 sec  0.00 Bytes  0.00 bits/sec
[  7] 256.0-257.0 sec  0.00 Bytes  0.00 bits/sec
[  7] 257.0-258.0 sec  0.00 Bytes  0.00 bits/sec
[  7] 258.0-259.0 sec  0.00 Bytes  0.00 bits/sec
[  7] 259.0-260.0 sec  0.00 Bytes  0.00 bits/sec
[  7] 260.0-261.0 sec  0.00 Bytes  0.00 bits/sec
[  7] 261.0-262.0 sec  0.00 Bytes  0.00 bits/sec
[  7] 262.0-263.0 sec  0.00 Bytes  0.00 bits/sec
[  7] 263.0-264.0 sec  0.00 Bytes  0.00 bits/sec
[  7] 264.0-265.0 sec  0.00 Bytes  0.00 bits/sec
[  7] 265.0-266.0 sec  0.00 Bytes  0.00 bits/sec
[  7] 266.0-267.0 sec  0.00 Bytes  0.00 bits/sec
[  7] 267.0-268.0 sec  0.00 Bytes  0.00 bits/sec
[  7] 268.0-269.0 sec  0.00 Bytes  0.00 bits/sec
[  7] 269.0-270.0 sec  0.00 Bytes  0.00 bits/sec
[  7] 270.0-271.0 sec  0.00 Bytes  0.00 bits/sec
[  7] 271.0-272.0 sec  0.00 Bytes  0.00 bits/sec
[  7] 272.0-273.0 sec  0.00 Bytes  0.00 bits/sec
[  7] 273.0-274.0 sec  0.00 Bytes  0.00 bits/sec
[  7] 274.0-275.0 sec  0.00 Bytes  0.00 bits/sec
[  7] 275.0-276.0 sec  0.00 Bytes  0.00 bits/sec
[  7] 276.0-277.0 sec  0.00 Bytes  0.00 bits/sec
[  7] 277.0-278.0 sec  0.00 Bytes  0.00 bits/sec
[  7] 278.0-279.0 sec  0.00 Bytes  0.00 bits/sec
[  7] 279.0-280.0 sec  0.00 Bytes  0.00 bits/sec
[  7] 280.0-281.0 sec  0.00 Bytes  0.00 bits/sec
[  7] 281.0-282.0 sec  0.00 Bytes  0.00 bits/sec
[  7] 282.0-283.0 sec  0.00 Bytes  0.00 bits/sec
[  7] 283.0-284.0 sec  0.00 Bytes  0.00 bits/sec
[  7] 284.0-285.0 sec  0.00 Bytes  0.00 bits/sec
[  7] 285.0-286.0 sec  0.00 Bytes  0.00 bits/sec
[  7] 286.0-287.0 sec  0.00 Bytes  0.00 bits/sec
[  7] 287.0-288.0 sec  0.00 Bytes  0.00 bits/sec
[  7] 288.0-289.0 sec  0.00 Bytes  0.00 bits/sec
[  7] 289.0-290.0 sec  0.00 Bytes  0.00 bits/sec
[  7] 290.0-291.0 sec  0.00 Bytes  0.00 bits/sec
[  7] 291.0-292.0 sec  0.00 Bytes  0.00 bits/sec
[  7] 292.0-293.0 sec  0.00 Bytes  0.00 bits/sec
[  7] 293.0-294.0 sec  0.00 Bytes  0.00 bits/sec
[  7] 294.0-295.0 sec  0.00 Bytes  0.00 bits/sec
[  7] 295.0-296.0 sec  0.00 Bytes  0.00 bits/sec
[  7] 296.0-297.0 sec  0.00 Bytes  0.00 bits/sec
[  7] 297.0-298.0 sec  0.00 Bytes  0.00 bits/sec
[  7] 298.0-299.0 sec  0.00 Bytes  0.00 bits/sec
[  7] 299.0-300.0 sec  0.00 Bytes  0.00 bits/sec
[  7] 300.0-301.0 sec  0.00 Bytes  0.00 bits/sec
[  7] 301.0-302.0 sec  0.00 Bytes  0.00 bits/sec
[  7] 302.0-303.0 sec  0.00 Bytes  0.00 bits/sec
[  7] 303.0-304.0 sec  0.00 Bytes  0.00 bits/sec
[  7] 304.0-305.0 sec  0.00 Bytes  0.00 bits/sec
[  7] 305.0-306.0 sec  0.00 Bytes  0.00 bits/sec
[  7] 306.0-307.0 sec  0.00 Bytes  0.00 bits/sec
[  7] 307.0-308.0 sec  0.00 Bytes  0.00 bits/sec
[  7] 308.0-309.0 sec  0.00 Bytes  0.00 bits/sec
[  7] 309.0-310.0 sec  0.00 Bytes  0.00 bits/sec
[  7] 310.0-311.0 sec  0.00 Bytes  0.00 bits/sec
[  7] 311.0-312.0 sec  0.00 Bytes  0.00 bits/sec
[  7] 312.0-313.0 sec  0.00 Bytes  0.00 bits/sec
[  7] 313.0-314.0 sec  0.00 Bytes  0.00 bits/sec
[  7] 314.0-315.0 sec  0.00 Bytes  0.00 bits/sec
[  7] 315.0-316.0 sec  0.00 Bytes  0.00 bits/sec
[  7] 316.0-317.0 sec  0.00 Bytes  0.00 bits/sec
[  7] 317.0-318.0 sec  0.00 Bytes  0.00 bits/sec
[  7] 318.0-319.0 sec  0.00 Bytes  0.00 bits/sec
[  7] 319.0-320.0 sec  0.00 Bytes  0.00 bits/sec
[  7] 320.0-321.0 sec  0.00 Bytes  0.00 bits/sec
[  7] 321.0-322.0 sec  0.00 Bytes  0.00 bits/sec
[  7] 322.0-323.0 sec  0.00 Bytes  0.00 bits/sec
[  7] 323.0-324.0 sec  0.00 Bytes  0.00 bits/sec
[  7] 324.0-325.0 sec  0.00 Bytes  0.00 bits/sec
[  7] 325.0-326.0 sec  0.00 Bytes  0.00 bits/sec
[  7] 326.0-327.0 sec  0.00 Bytes  0.00 bits/sec
[  7] 327.0-328.0 sec  0.00 Bytes  0.00 bits/sec
[  7] 328.0-329.0 sec  0.00 Bytes  0.00 bits/sec
[  7] 329.0-330.0 sec  0.00 Bytes  0.00 bits/sec
[  7] 330.0-331.0 sec  0.00 Bytes  0.00 bits/sec
[  7] 331.0-332.0 sec  0.00 Bytes  0.00 bits/sec
[  7] 332.0-333.0 sec  0.00 Bytes  0.00 bits/sec
[  7] 333.0-334.0 sec  0.00 Bytes  0.00 bits/sec
[  7] 334.0-335.0 sec  0.00 Bytes  0.00 bits/sec
[  7] 335.0-336.0 sec  0.00 Bytes  0.00 bits/sec
[  7] 336.0-337.0 sec  0.00 Bytes  0.00 bits/sec
[  7] 337.0-338.0 sec  0.00 Bytes  0.00 bits/sec
[  7] 338.0-339.0 sec  0.00 Bytes  0.00 bits/sec
[  7] 339.0-340.0 sec  0.00 Bytes  0.00 bits/sec
[  7] 340.0-341.0 sec  0.00 Bytes  0.00 bits/sec
[  7] 341.0-342.0 sec  0.00 Bytes  0.00 bits/sec
[  7] 342.0-343.0 sec  0.00 Bytes  0.00 bits/sec
[  7] 343.0-344.0 sec  0.00 Bytes  0.00 bits/sec
[  7] 344.0-345.0 sec  0.00 Bytes  0.00 bits/sec
[  7] 345.0-346.0 sec  0.00 Bytes  0.00 bits/sec
[  7] 346.0-347.0 sec  0.00 Bytes  0.00 bits/sec
[  7] 347.0-348.0 sec  0.00 Bytes  0.00 bits/sec
[  7] 348.0-349.0 sec  0.00 Bytes  0.00 bits/sec
[  7] 349.0-350.0 sec  0.00 Bytes  0.00 bits/sec
[  7] 350.0-351.0 sec  0.00 Bytes  0.00 bits/sec
[  7] 351.0-352.0 sec  0.00 Bytes  0.00 bits/sec
[  7] 352.0-353.0 sec  0.00 Bytes  0.00 bits/sec
[  7] 353.0-354.0 sec  0.00 Bytes  0.00 bits/sec
[  7] 354.0-355.0 sec  0.00 Bytes  0.00 bits/sec
[  7] 355.0-356.0 sec  0.00 Bytes  0.00 bits/sec
[  7] 356.0-357.0 sec  0.00 Bytes  0.00 bits/sec
[  7] 357.0-358.0 sec  0.00 Bytes  0.00 bits/sec
[  7] 358.0-359.0 sec  0.00 Bytes  0.00 bits/sec
[  7] 359.0-360.0 sec  0.00 Bytes  0.00 bits/sec
[  7] 360.0-361.0 sec  0.00 Bytes  0.00 bits/sec
[  7] 361.0-362.0 sec  0.00 Bytes  0.00 bits/sec
[  7] 362.0-363.0 sec  0.00 Bytes  0.00 bits/sec
[  7] 363.0-364.0 sec  0.00 Bytes  0.00 bits/sec
[  7] 364.0-365.0 sec  0.00 Bytes  0.00 bits/sec
[  7] 365.0-366.0 sec  0.00 Bytes  0.00 bits/sec
[  7] 366.0-367.0 sec  0.00 Bytes  0.00 bits/sec
[  7] 367.0-368.0 sec  0.00 Bytes  0.00 bits/sec
[  7] 368.0-369.0 sec  0.00 Bytes  0.00 bits/sec
[  7] 369.0-370.0 sec  0.00 Bytes  0.00 bits/sec
[  7] 370.0-371.0 sec  0.00 Bytes  0.00 bits/sec
[  7] 371.0-372.0 sec  0.00 Bytes  0.00 bits/sec
[  7] 372.0-373.0 sec  0.00 Bytes  0.00 bits/sec
[  7] 373.0-374.0 sec  0.00 Bytes  0.00 bits/sec
[  7] 374.0-375.0 sec  0.00 Bytes  0.00 bits/sec
[  7] 375.0-376.0 sec  0.00 Bytes  0.00 bits/sec
[  7] 376.0-377.0 sec  0.00 Bytes  0.00 bits/sec
[  7] 377.0-378.0 sec  0.00 Bytes  0.00 bits/sec
[  7] 378.0-379.0 sec  0.00 Bytes  0.00 bits/sec
[  7] 379.0-380.0 sec  0.00 Bytes  0.00 bits/sec
[  7] 380.0-381.0 sec  0.00 Bytes  0.00 bits/sec
[  7] 381.0-382.0 sec  0.00 Bytes  0.00 bits/sec
[  7] 382.0-383.0 sec  0.00 Bytes  0.00 bits/sec
[  7] 383.0-384.0 sec  0.00 Bytes  0.00 bits/sec
[  7] 384.0-385.0 sec  0.00 Bytes  0.00 bits/sec
[  7] 385.0-386.0 sec  0.00 Bytes  0.00 bits/sec
[  7] 386.0-387.0 sec  0.00 Bytes  0.00 bits/sec
[  7] 387.0-388.0 sec  0.00 Bytes  0.00 bits/sec
[  7] 388.0-389.0 sec  0.00 Bytes  0.00 bits/sec
[  7] 389.0-390.0 sec  0.00 Bytes  0.00 bits/sec
[  7] 390.0-391.0 sec  0.00 Bytes  0.00 bits/sec
[  7] 391.0-392.0 sec  0.00 Bytes  0.00 bits/sec
[  7] 392.0-393.0 sec  0.00 Bytes  0.00 bits/sec
[  7] 393.0-394.0 sec  0.00 Bytes  0.00 bits/sec
[  7] 394.0-395.0 sec  0.00 Bytes  0.00 bits/sec
[  7] 395.0-396.0 sec  0.00 Bytes  0.00 bits/sec
[  7] 396.0-397.0 sec  0.00 Bytes  0.00 bits/sec
[  7] 397.0-398.0 sec  0.00 Bytes  0.00 bits/sec
[  7] 398.0-399.0 sec  0.00 Bytes  0.00 bits/sec
[  7] 399.0-400.0 sec  0.00 Bytes  0.00 bits/sec
[  7] 400.0-401.0 sec  0.00 Bytes  0.00 bits/sec
[  7] 401.0-402.0 sec  0.00 Bytes  0.00 bits/sec
[  7] 402.0-403.0 sec  0.00 Bytes  0.00 bits/sec
[  7] 403.0-404.0 sec  0.00 Bytes  0.00 bits/sec
[  7] 404.0-405.0 sec  0.00 Bytes  0.00 bits/sec
[  7] 405.0-406.0 sec  0.00 Bytes  0.00 bits/sec
[  7] 406.0-407.0 sec  0.00 Bytes  0.00 bits/sec
[  7] 407.0-408.0 sec  0.00 Bytes  0.00 bits/sec
[  7] 408.0-409.0 sec  0.00 Bytes  0.00 bits/sec
[  7] 409.0-410.0 sec  0.00 Bytes  0.00 bits/sec
[  7] 410.0-411.0 sec  0.00 Bytes  0.00 bits/sec
[  7] 411.0-412.0 sec  0.00 Bytes  0.00 bits/sec
[  7] 412.0-413.0 sec  0.00 Bytes  0.00 bits/sec
[  7] 413.0-414.0 sec  0.00 Bytes  0.00 bits/sec
[  7] 414.0-415.0 sec  0.00 Bytes  0.00 bits/sec
[  7] 415.0-416.0 sec  0.00 Bytes  0.00 bits/sec
[  7] 416.0-417.0 sec  0.00 Bytes  0.00 bits/sec
[  7] 417.0-418.0 sec  0.00 Bytes  0.00 bits/sec
[  7] 418.0-419.0 sec  0.00 Bytes  0.00 bits/sec
[  7] 419.0-420.0 sec  0.00 Bytes  0.00 bits/sec
[  7] 420.0-421.0 sec  0.00 Bytes  0.00 bits/sec
[  7] 421.0-422.0 sec  0.00 Bytes  0.00 bits/sec
[  7] 422.0-423.0 sec  0.00 Bytes  0.00 bits/sec
[  7] 423.0-424.0 sec  0.00 Bytes  0.00 bits/sec
[  7] 424.0-425.0 sec  0.00 Bytes  0.00 bits/sec
[  7] 425.0-426.0 sec  0.00 Bytes  0.00 bits/sec
[  7] 426.0-427.0 sec  0.00 Bytes  0.00 bits/sec
[  7] 427.0-428.0 sec  0.00 Bytes  0.00 bits/sec
[  7] 428.0-429.0 sec  0.00 Bytes  0.00 bits/sec
[  7] 429.0-430.0 sec  0.00 Bytes  0.00 bits/sec
[  7] 430.0-431.0 sec  0.00 Bytes  0.00 bits/sec
[  7] 431.0-432.0 sec  0.00 Bytes  0.00 bits/sec
[  7] 432.0-433.0 sec  0.00 Bytes  0.00 bits/sec
[  7] 433.0-434.0 sec  0.00 Bytes  0.00 bits/sec
[  7] 434.0-435.0 sec  0.00 Bytes  0.00 bits/sec
[  7] 435.0-436.0 sec  0.00 Bytes  0.00 bits/sec
[  7] 436.0-437.0 sec  0.00 Bytes  0.00 bits/sec
[  7] 437.0-438.0 sec  0.00 Bytes  0.00 bits/sec
[  7] 438.0-439.0 sec  0.00 Bytes  0.00 bits/sec
[  7] 439.0-440.0 sec  0.00 Bytes  0.00 bits/sec
[  7] 440.0-441.0 sec  0.00 Bytes  0.00 bits/sec
[  7] 441.0-442.0 sec  0.00 Bytes  0.00 bits/sec
[  7] 442.0-443.0 sec  0.00 Bytes  0.00 bits/sec
[  7] 443.0-444.0 sec  0.00 Bytes  0.00 bits/sec
[  7] 444.0-445.0 sec  0.00 Bytes  0.00 bits/sec
[  7] 445.0-446.0 sec  0.00 Bytes  0.00 bits/sec
[  7] 446.0-447.0 sec  0.00 Bytes  0.00 bits/sec
[  7] 447.0-448.0 sec  0.00 Bytes  0.00 bits/sec
[  7] 448.0-449.0 sec  0.00 Bytes  0.00 bits/sec
[  7] 449.0-450.0 sec  0.00 Bytes  0.00 bits/sec
[  7] 450.0-451.0 sec  0.00 Bytes  0.00 bits/sec
[  7] 451.0-452.0 sec  0.00 Bytes  0.00 bits/sec
[  7] 452.0-453.0 sec  0.00 Bytes  0.00 bits/sec
[  7] 453.0-454.0 sec  0.00 Bytes  0.00 bits/sec
[  7] 454.0-455.0 sec  0.00 Bytes  0.00 bits/sec
[  7] 455.0-456.0 sec  0.00 Bytes  0.00 bits/sec
[  7] 456.0-457.0 sec  0.00 Bytes  0.00 bits/sec
[  7] 457.0-458.0 sec  0.00 Bytes  0.00 bits/sec
[  7] 458.0-459.0 sec  0.00 Bytes  0.00 bits/sec
[  7] 459.0-460.0 sec  0.00 Bytes  0.00 bits/sec
[  7] 460.0-461.0 sec  0.00 Bytes  0.00 bits/sec
[  7] 461.0-462.0 sec  0.00 Bytes  0.00 bits/sec
[  7] 462.0-463.0 sec  0.00 Bytes  0.00 bits/sec
[  7] 463.0-464.0 sec  0.00 Bytes  0.00 bits/sec
[  7] 464.0-465.0 sec  0.00 Bytes  0.00 bits/sec
[  7] 465.0-466.0 sec  0.00 Bytes  0.00 bits/sec
[  7] 466.0-467.0 sec  0.00 Bytes  0.00 bits/sec
[  7] 467.0-468.0 sec  0.00 Bytes  0.00 bits/sec
[  7] 468.0-469.0 sec  0.00 Bytes  0.00 bits/sec
[  7] 469.0-470.0 sec  0.00 Bytes  0.00 bits/sec
[  7] 470.0-471.0 sec  0.00 Bytes  0.00 bits/sec
[  7] 471.0-472.0 sec  0.00 Bytes  0.00 bits/sec
[  7] 472.0-473.0 sec  0.00 Bytes  0.00 bits/sec
[  7] 473.0-474.0 sec  0.00 Bytes  0.00 bits/sec
[  7] 474.0-475.0 sec  0.00 Bytes  0.00 bits/sec
[  7] 475.0-476.0 sec  0.00 Bytes  0.00 bits/sec
[  7] 476.0-477.0 sec  0.00 Bytes  0.00 bits/sec
[  7] 477.0-478.0 sec  0.00 Bytes  0.00 bits/sec
[  7] 478.0-479.0 sec  0.00 Bytes  0.00 bits/sec
[  7] 479.0-480.0 sec  0.00 Bytes  0.00 bits/sec
[  7] 480.0-481.0 sec  0.00 Bytes  0.00 bits/sec
[  7] 481.0-482.0 sec  0.00 Bytes  0.00 bits/sec
[  7] 482.0-483.0 sec  0.00 Bytes  0.00 bits/sec
[  7] 483.0-484.0 sec  0.00 Bytes  0.00 bits/sec
[  7] 484.0-485.0 sec  0.00 Bytes  0.00 bits/sec
[  7] 485.0-486.0 sec  0.00 Bytes  0.00 bits/sec
[  7] 486.0-487.0 sec  0.00 Bytes  0.00 bits/sec
[  7] 487.0-488.0 sec  0.00 Bytes  0.00 bits/sec
[  7] 488.0-489.0 sec  0.00 Bytes  0.00 bits/sec
[  7] 489.0-490.0 sec  0.00 Bytes  0.00 bits/sec
[  7] 490.0-491.0 sec  0.00 Bytes  0.00 bits/sec
[  7] 491.0-492.0 sec  0.00 Bytes  0.00 bits/sec
[  7] 492.0-493.0 sec  0.00 Bytes  0.00 bits/sec
[  7] 493.0-494.0 sec  0.00 Bytes  0.00 bits/sec
[  7] 494.0-495.0 sec  0.00 Bytes  0.00 bits/sec
[  7] 495.0-496.0 sec  0.00 Bytes  0.00 bits/sec
[  7] 496.0-497.0 sec  0.00 Bytes  0.00 bits/sec
[  7] 497.0-498.0 sec  0.00 Bytes  0.00 bits/sec
[  7] 498.0-499.0 sec  0.00 Bytes  0.00 bits/sec
[  7] 499.0-500.0 sec  0.00 Bytes  0.00 bits/sec
[  7] 500.0-501.0 sec  0.00 Bytes  0.00 bits/sec
[  7] 501.0-502.0 sec  0.00 Bytes  0.00 bits/sec
[  7] 502.0-503.0 sec  0.00 Bytes  0.00 bits/sec
[  7] 503.0-504.0 sec  0.00 Bytes  0.00 bits/sec
[  7] 504.0-505.0 sec  0.00 Bytes  0.00 bits/sec
[  7] 505.0-506.0 sec  0.00 Bytes  0.00 bits/sec
[  7] 506.0-507.0 sec  0.00 Bytes  0.00 bits/sec
[  7] 507.0-508.0 sec  0.00 Bytes  0.00 bits/sec
[  7] 508.0-509.0 sec  0.00 Bytes  0.00 bits/sec
[  7] 509.0-510.0 sec  0.00 Bytes  0.00 bits/sec
[  7] 510.0-511.0 sec  0.00 Bytes  0.00 bits/sec
[  7] 511.0-512.0 sec  0.00 Bytes  0.00 bits/sec
[  7] 512.0-513.0 sec  0.00 Bytes  0.00 bits/sec
[  7] 513.0-514.0 sec  0.00 Bytes  0.00 bits/sec
[  7] 514.0-515.0 sec  0.00 Bytes  0.00 bits/sec
[  7] 515.0-516.0 sec  0.00 Bytes  0.00 bits/sec
[  7] 516.0-517.0 sec  0.00 Bytes  0.00 bits/sec
[  7] 517.0-518.0 sec  0.00 Bytes  0.00 bits/sec
[  7] 518.0-519.0 sec  0.00 Bytes  0.00 bits/sec
[  7] 519.0-520.0 sec  0.00 Bytes  0.00 bits/sec
[  7] 520.0-521.0 sec  0.00 Bytes  0.00 bits/sec
[  7] 521.0-522.0 sec  0.00 Bytes  0.00 bits/sec
[  7] 522.0-523.0 sec  0.00 Bytes  0.00 bits/sec
[  7] 523.0-524.0 sec  0.00 Bytes  0.00 bits/sec
[  7] 524.0-525.0 sec  0.00 Bytes  0.00 bits/sec
[  7] 525.0-526.0 sec  0.00 Bytes  0.00 bits/sec
[  7] 526.0-527.0 sec  0.00 Bytes  0.00 bits/sec
[  7] 527.0-528.0 sec  0.00 Bytes  0.00 bits/sec
[  7] 528.0-529.0 sec  0.00 Bytes  0.00 bits/sec
[  7] 529.0-530.0 sec  0.00 Bytes  0.00 bits/sec
[  7] 530.0-531.0 sec  0.00 Bytes  0.00 bits/sec
[  7] 531.0-532.0 sec  0.00 Bytes  0.00 bits/sec
[  7] 532.0-533.0 sec  0.00 Bytes  0.00 bits/sec
[  7] 533.0-534.0 sec  0.00 Bytes  0.00 bits/sec
[  7] 534.0-535.0 sec  0.00 Bytes  0.00 bits/sec
[  7] 535.0-536.0 sec  0.00 Bytes  0.00 bits/sec
[  7] 536.0-537.0 sec  0.00 Bytes  0.00 bits/sec
[  7] 537.0-538.0 sec  0.00 Bytes  0.00 bits/sec
[  7] 538.0-539.0 sec  0.00 Bytes  0.00 bits/sec
[  7] 539.0-540.0 sec  0.00 Bytes  0.00 bits/sec
[  7] 540.0-541.0 sec  0.00 Bytes  0.00 bits/sec
[  7] 541.0-542.0 sec  0.00 Bytes  0.00 bits/sec
[  7] 542.0-543.0 sec  0.00 Bytes  0.00 bits/sec
[  7] 543.0-544.0 sec  0.00 Bytes  0.00 bits/sec
[  7] 544.0-545.0 sec  0.00 Bytes  0.00 bits/sec
[  7] 545.0-546.0 sec  0.00 Bytes  0.00 bits/sec
[  7] 546.0-547.0 sec  0.00 Bytes  0.00 bits/sec
[  7] 547.0-548.0 sec  0.00 Bytes  0.00 bits/sec
[  7] 548.0-549.0 sec  0.00 Bytes  0.00 bits/sec
[  7] 549.0-550.0 sec  0.00 Bytes  0.00 bits/sec
[  7] 550.0-551.0 sec  0.00 Bytes  0.00 bits/sec
[  7] 551.0-552.0 sec  0.00 Bytes  0.00 bits/sec
[  7] 552.0-553.0 sec  0.00 Bytes  0.00 bits/sec
[  7] 553.0-554.0 sec  0.00 Bytes  0.00 bits/sec
[  7] 554.0-555.0 sec  0.00 Bytes  0.00 bits/sec
[  7] 555.0-556.0 sec  0.00 Bytes  0.00 bits/sec
[  7] 556.0-557.0 sec  0.00 Bytes  0.00 bits/sec
[  7] 557.0-558.0 sec  0.00 Bytes  0.00 bits/sec
[  7] 558.0-559.0 sec  0.00 Bytes  0.00 bits/sec
[  7] 559.0-560.0 sec  0.00 Bytes  0.00 bits/sec
[  7] 560.0-561.0 sec  0.00 Bytes  0.00 bits/sec
[  7] 561.0-562.0 sec  0.00 Bytes  0.00 bits/sec
[  7] 562.0-563.0 sec  0.00 Bytes  0.00 bits/sec
[  7] 563.0-564.0 sec  0.00 Bytes  0.00 bits/sec
[  7] 564.0-565.0 sec  0.00 Bytes  0.00 bits/sec
[  7] 565.0-566.0 sec  0.00 Bytes  0.00 bits/sec
[  7] 566.0-567.0 sec  0.00 Bytes  0.00 bits/sec
[  7] 567.0-568.0 sec  0.00 Bytes  0.00 bits/sec
[  7] 568.0-569.0 sec  0.00 Bytes  0.00 bits/sec
[  7] 569.0-570.0 sec  0.00 Bytes  0.00 bits/sec
[  7] 570.0-571.0 sec  0.00 Bytes  0.00 bits/sec
[  7] 571.0-572.0 sec  0.00 Bytes  0.00 bits/sec
[  7] 572.0-573.0 sec  0.00 Bytes  0.00 bits/sec
[  7] 573.0-574.0 sec  0.00 Bytes  0.00 bits/sec
[  7] 574.0-575.0 sec  0.00 Bytes  0.00 bits/sec
[  7] 575.0-576.0 sec  0.00 Bytes  0.00 bits/sec
[  7] 576.0-577.0 sec  0.00 Bytes  0.00 bits/sec
[  7] 577.0-578.0 sec  0.00 Bytes  0.00 bits/sec
[  7] 578.0-579.0 sec  0.00 Bytes  0.00 bits/sec
[  7] 579.0-580.0 sec  0.00 Bytes  0.00 bits/sec
[  7] 580.0-581.0 sec  0.00 Bytes  0.00 bits/sec
[  7] 581.0-582.0 sec  0.00 Bytes  0.00 bits/sec
[  7] 582.0-583.0 sec  0.00 Bytes  0.00 bits/sec
[  7] 583.0-584.0 sec  0.00 Bytes  0.00 bits/sec
[  7] 584.0-585.0 sec  0.00 Bytes  0.00 bits/sec
[  7] 585.0-586.0 sec  0.00 Bytes  0.00 bits/sec
[  7] 586.0-587.0 sec  0.00 Bytes  0.00 bits/sec
[  7] 587.0-588.0 sec  0.00 Bytes  0.00 bits/sec
[  7] 588.0-589.0 sec  0.00 Bytes  0.00 bits/sec
[  7] 589.0-590.0 sec  0.00 Bytes  0.00 bits/sec
[  7] 590.0-591.0 sec  0.00 Bytes  0.00 bits/sec
[  7] 591.0-592.0 sec  0.00 Bytes  0.00 bits/sec
[  7] 592.0-593.0 sec  0.00 Bytes  0.00 bits/sec
[  7] 593.0-594.0 sec  0.00 Bytes  0.00 bits/sec
[  7] 594.0-595.0 sec  0.00 Bytes  0.00 bits/sec
[  7] 595.0-596.0 sec  0.00 Bytes  0.00 bits/sec
[  7] 596.0-597.0 sec  0.00 Bytes  0.00 bits/sec
[  7] 597.0-598.0 sec  0.00 Bytes  0.00 bits/sec
[  7] 598.0-599.0 sec  0.00 Bytes  0.00 bits/sec
[  7] 599.0-600.0 sec  0.00 Bytes  0.00 bits/sec
[  7] 600.0-601.0 sec  0.00 Bytes  0.00 bits/sec
[  7] 601.0-602.0 sec  0.00 Bytes  0.00 bits/sec
[  7] 602.0-603.0 sec  0.00 Bytes  0.00 bits/sec
[  7] 603.0-604.0 sec  0.00 Bytes  0.00 bits/sec
[  7] 604.0-605.0 sec  0.00 Bytes  0.00 bits/sec
[  7] 605.0-606.0 sec  0.00 Bytes  0.00 bits/sec
[  7] 606.0-607.0 sec  0.00 Bytes  0.00 bits/sec
[  7] 607.0-608.0 sec  0.00 Bytes  0.00 bits/sec
[  7] 608.0-609.0 sec  0.00 Bytes  0.00 bits/sec
[  7] 609.0-610.0 sec  0.00 Bytes  0.00 bits/sec
[  7] 610.0-611.0 sec  0.00 Bytes  0.00 bits/sec
[  7] 611.0-612.0 sec  0.00 Bytes  0.00 bits/sec
[  7] 612.0-613.0 sec  0.00 Bytes  0.00 bits/sec
[  7] 613.0-614.0 sec  0.00 Bytes  0.00 bits/sec
[  7] 614.0-615.0 sec  0.00 Bytes  0.00 bits/sec
[  7] 615.0-616.0 sec  0.00 Bytes  0.00 bits/sec
[  7] 616.0-617.0 sec  0.00 Bytes  0.00 bits/sec
[  7] 617.0-618.0 sec  0.00 Bytes  0.00 bits/sec
[  7] 618.0-619.0 sec  0.00 Bytes  0.00 bits/sec
[  7] 619.0-620.0 sec  0.00 Bytes  0.00 bits/sec
[  7] 620.0-621.0 sec  0.00 Bytes  0.00 bits/sec
[  7] 621.0-622.0 sec  0.00 Bytes  0.00 bits/sec
[  7] 622.0-623.0 sec  0.00 Bytes  0.00 bits/sec
[  7] 623.0-624.0 sec  0.00 Bytes  0.00 bits/sec
[  7] 624.0-625.0 sec  0.00 Bytes  0.00 bits/sec
[  7] 625.0-626.0 sec  0.00 Bytes  0.00 bits/sec
[  7] 626.0-627.0 sec  0.00 Bytes  0.00 bits/sec
[  7] 627.0-628.0 sec  0.00 Bytes  0.00 bits/sec
[  7] 628.0-629.0 sec  0.00 Bytes  0.00 bits/sec
[  7] 629.0-630.0 sec  0.00 Bytes  0.00 bits/sec
[  7] 630.0-631.0 sec  0.00 Bytes  0.00 bits/sec
[  7] 631.0-632.0 sec  0.00 Bytes  0.00 bits/sec
[  7] 632.0-633.0 sec  0.00 Bytes  0.00 bits/sec
[  7] 633.0-634.0 sec  0.00 Bytes  0.00 bits/sec
[  7] 634.0-635.0 sec  0.00 Bytes  0.00 bits/sec
[  7] 635.0-636.0 sec  0.00 Bytes  0.00 bits/sec
[  7] 636.0-637.0 sec  0.00 Bytes  0.00 bits/sec
[  7] 637.0-638.0 sec  0.00 Bytes  0.00 bits/sec
[  7] 638.0-639.0 sec  0.00 Bytes  0.00 bits/sec
[  7] 639.0-640.0 sec  0.00 Bytes  0.00 bits/sec
[  7] 640.0-641.0 sec  0.00 Bytes  0.00 bits/sec
[  7] 641.0-642.0 sec  0.00 Bytes  0.00 bits/sec
[  7] 642.0-643.0 sec  0.00 Bytes  0.00 bits/sec
[  7] 643.0-644.0 sec  0.00 Bytes  0.00 bits/sec
[  7] 644.0-645.0 sec  0.00 Bytes  0.00 bits/sec
[  7] 645.0-646.0 sec  0.00 Bytes  0.00 bits/sec
[  7] 646.0-647.0 sec  0.00 Bytes  0.00 bits/sec
[  7] 647.0-648.0 sec  0.00 Bytes  0.00 bits/sec
[  7] 648.0-649.0 sec  0.00 Bytes  0.00 bits/sec
[  7] 649.0-650.0 sec  0.00 Bytes  0.00 bits/sec
[  7] 650.0-651.0 sec  0.00 Bytes  0.00 bits/sec
[  7] 651.0-652.0 sec  0.00 Bytes  0.00 bits/sec
[  7] 652.0-653.0 sec  0.00 Bytes  0.00 bits/sec
[  7] 653.0-654.0 sec  0.00 Bytes  0.00 bits/sec
[  7] 654.0-655.0 sec  0.00 Bytes  0.00 bits/sec
[  7] 655.0-656.0 sec  0.00 Bytes  0.00 bits/sec
[  7] 656.0-657.0 sec  0.00 Bytes  0.00 bits/sec
[  7] 657.0-658.0 sec  0.00 Bytes  0.00 bits/sec
[  7] 658.0-659.0 sec  0.00 Bytes  0.00 bits/sec
[  7] 659.0-660.0 sec  0.00 Bytes  0.00 bits/sec
[  7] 660.0-661.0 sec  0.00 Bytes  0.00 bits/sec
[  7] 661.0-662.0 sec  0.00 Bytes  0.00 bits/sec
[  7] 662.0-663.0 sec  0.00 Bytes  0.00 bits/sec
[  7] 663.0-664.0 sec  0.00 Bytes  0.00 bits/sec
[  7] 664.0-665.0 sec  0.00 Bytes  0.00 bits/sec
[  7] 665.0-666.0 sec  0.00 Bytes  0.00 bits/sec
[  7] 666.0-667.0 sec  0.00 Bytes  0.00 bits/sec
[  7] 667.0-668.0 sec  0.00 Bytes  0.00 bits/sec
[  7] 668.0-669.0 sec  0.00 Bytes  0.00 bits/sec
[  7] 669.0-670.0 sec  0.00 Bytes  0.00 bits/sec
[  7] 670.0-671.0 sec  0.00 Bytes  0.00 bits/sec
[  7] 671.0-672.0 sec  0.00 Bytes  0.00 bits/sec
[  7] 672.0-673.0 sec  0.00 Bytes  0.00 bits/sec
[  7] 673.0-674.0 sec  0.00 Bytes  0.00 bits/sec
[  7] 674.0-675.0 sec  0.00 Bytes  0.00 bits/sec
[  7] 675.0-676.0 sec  0.00 Bytes  0.00 bits/sec
[  7] 676.0-677.0 sec  0.00 Bytes  0.00 bits/sec
[  7] 677.0-678.0 sec  0.00 Bytes  0.00 bits/sec
[  7] 678.0-679.0 sec  0.00 Bytes  0.00 bits/sec
[  7] 679.0-680.0 sec  0.00 Bytes  0.00 bits/sec
[  7] 680.0-681.0 sec  0.00 Bytes  0.00 bits/sec
[  7] 681.0-682.0 sec  0.00 Bytes  0.00 bits/sec
[  7] 682.0-683.0 sec  0.00 Bytes  0.00 bits/sec
[  7] 683.0-684.0 sec  0.00 Bytes  0.00 bits/sec
[  7] 684.0-685.0 sec  0.00 Bytes  0.00 bits/sec
[  7] 685.0-686.0 sec  0.00 Bytes  0.00 bits/sec
[  7] 686.0-687.0 sec  0.00 Bytes  0.00 bits/sec
[  7] 687.0-688.0 sec  0.00 Bytes  0.00 bits/sec
[  7] 688.0-689.0 sec  0.00 Bytes  0.00 bits/sec
[  7] 689.0-690.0 sec  0.00 Bytes  0.00 bits/sec
[  7] 690.0-691.0 sec  0.00 Bytes  0.00 bits/sec
[  7] 691.0-692.0 sec  0.00 Bytes  0.00 bits/sec
[  7] 692.0-693.0 sec  0.00 Bytes  0.00 bits/sec
[  7] 693.0-694.0 sec  0.00 Bytes  0.00 bits/sec
[  7] 694.0-695.0 sec  0.00 Bytes  0.00 bits/sec
[  7] 695.0-696.0 sec  0.00 Bytes  0.00 bits/sec
[  7] 696.0-697.0 sec  0.00 Bytes  0.00 bits/sec
[  7] 697.0-698.0 sec  0.00 Bytes  0.00 bits/sec
[  7] 698.0-699.0 sec  0.00 Bytes  0.00 bits/sec
[  7] 699.0-700.0 sec  0.00 Bytes  0.00 bits/sec
[  7] 700.0-701.0 sec  0.00 Bytes  0.00 bits/sec
[  7] 701.0-702.0 sec  0.00 Bytes  0.00 bits/sec
[  7] 702.0-703.0 sec  0.00 Bytes  0.00 bits/sec
[  7] 703.0-704.0 sec  0.00 Bytes  0.00 bits/sec
[  7] 704.0-705.0 sec  0.00 Bytes  0.00 bits/sec
[  7] 705.0-706.0 sec  0.00 Bytes  0.00 bits/sec
[  7] 706.0-707.0 sec  0.00 Bytes  0.00 bits/sec
[  7] 707.0-708.0 sec  0.00 Bytes  0.00 bits/sec
[  7] 708.0-709.0 sec  0.00 Bytes  0.00 bits/sec
[  7] 709.0-710.0 sec  0.00 Bytes  0.00 bits/sec
[  7] 710.0-711.0 sec  0.00 Bytes  0.00 bits/sec
[  7] 711.0-712.0 sec  0.00 Bytes  0.00 bits/sec
[  7] 712.0-713.0 sec  0.00 Bytes  0.00 bits/sec
[  7] 713.0-714.0 sec  0.00 Bytes  0.00 bits/sec
[  7] 714.0-715.0 sec  0.00 Bytes  0.00 bits/sec
[  7] 715.0-716.0 sec  0.00 Bytes  0.00 bits/sec
[  7] 716.0-717.0 sec  0.00 Bytes  0.00 bits/sec
[  7] 717.0-718.0 sec  0.00 Bytes  0.00 bits/sec
[  7] 718.0-719.0 sec  0.00 Bytes  0.00 bits/sec
[  7] 719.0-720.0 sec  0.00 Bytes  0.00 bits/sec
[  7] 720.0-721.0 sec  0.00 Bytes  0.00 bits/sec
[  7] 721.0-722.0 sec  0.00 Bytes  0.00 bits/sec
[  7] 722.0-723.0 sec  0.00 Bytes  0.00 bits/sec
[  7] 723.0-724.0 sec  0.00 Bytes  0.00 bits/sec
[  7] 724.0-725.0 sec  0.00 Bytes  0.00 bits/sec
[  7] 725.0-726.0 sec  0.00 Bytes  0.00 bits/sec
[  7] 726.0-727.0 sec  0.00 Bytes  0.00 bits/sec
[  7] 727.0-728.0 sec  0.00 Bytes  0.00 bits/sec
[  7] 728.0-729.0 sec  0.00 Bytes  0.00 bits/sec
[  7] 729.0-730.0 sec  0.00 Bytes  0.00 bits/sec
[  7] 730.0-731.0 sec  0.00 Bytes  0.00 bits/sec
[  7] 731.0-732.0 sec  0.00 Bytes  0.00 bits/sec
[  7] 732.0-733.0 sec  0.00 Bytes  0.00 bits/sec
[  7] 733.0-734.0 sec  0.00 Bytes  0.00 bits/sec
[  7] 734.0-735.0 sec  0.00 Bytes  0.00 bits/sec
[  7] 735.0-736.0 sec  0.00 Bytes  0.00 bits/sec
[  7] 736.0-737.0 sec  0.00 Bytes  0.00 bits/sec
[  7] 737.0-738.0 sec  0.00 Bytes  0.00 bits/sec
[  7] 738.0-739.0 sec  0.00 Bytes  0.00 bits/sec
[  7] 739.0-740.0 sec  0.00 Bytes  0.00 bits/sec
[  7] 740.0-741.0 sec  0.00 Bytes  0.00 bits/sec
[  7] 741.0-742.0 sec  0.00 Bytes  0.00 bits/sec
[  7] 742.0-743.0 sec  0.00 Bytes  0.00 bits/sec
[  7] 743.0-744.0 sec  0.00 Bytes  0.00 bits/sec
[  7] 744.0-745.0 sec  0.00 Bytes  0.00 bits/sec
[  7] 745.0-746.0 sec  0.00 Bytes  0.00 bits/sec
[  7] 746.0-747.0 sec  0.00 Bytes  0.00 bits/sec
[  7] 747.0-748.0 sec  0.00 Bytes  0.00 bits/sec
[  7] 748.0-749.0 sec  0.00 Bytes  0.00 bits/sec
[  7] 749.0-750.0 sec  0.00 Bytes  0.00 bits/sec
[  7] 750.0-751.0 sec  0.00 Bytes  0.00 bits/sec
[  7] 751.0-752.0 sec  0.00 Bytes  0.00 bits/sec
[  7] 752.0-753.0 sec  0.00 Bytes  0.00 bits/sec
[  7] 753.0-754.0 sec  0.00 Bytes  0.00 bits/sec
[  7] 754.0-755.0 sec  0.00 Bytes  0.00 bits/sec
[  7] 755.0-756.0 sec  0.00 Bytes  0.00 bits/sec
[  7] 756.0-757.0 sec  0.00 Bytes  0.00 bits/sec
[  7] 757.0-758.0 sec  0.00 Bytes  0.00 bits/sec
[  7] 758.0-759.0 sec  0.00 Bytes  0.00 bits/sec
[  7] 759.0-760.0 sec  0.00 Bytes  0.00 bits/sec
[  7] 760.0-761.0 sec  0.00 Bytes  0.00 bits/sec
[  7] 761.0-762.0 sec  0.00 Bytes  0.00 bits/sec
[  7] 762.0-763.0 sec  0.00 Bytes  0.00 bits/sec
[  7] 763.0-764.0 sec  0.00 Bytes  0.00 bits/sec
[  7] 764.0-765.0 sec  0.00 Bytes  0.00 bits/sec
[  7] 765.0-766.0 sec  0.00 Bytes  0.00 bits/sec
[  7] 766.0-767.0 sec  0.00 Bytes  0.00 bits/sec
[  7] 767.0-768.0 sec  0.00 Bytes  0.00 bits/sec
[  7] 768.0-769.0 sec  0.00 Bytes  0.00 bits/sec
[  7] 769.0-770.0 sec  0.00 Bytes  0.00 bits/sec
[  7] 770.0-771.0 sec  0.00 Bytes  0.00 bits/sec
[  7] 771.0-772.0 sec  0.00 Bytes  0.00 bits/sec
[  7] 772.0-773.0 sec  0.00 Bytes  0.00 bits/sec
[  7] 773.0-774.0 sec  0.00 Bytes  0.00 bits/sec
[  7] 774.0-775.0 sec  0.00 Bytes  0.00 bits/sec
[  7] 775.0-776.0 sec  0.00 Bytes  0.00 bits/sec
[  7] 776.0-777.0 sec  0.00 Bytes  0.00 bits/sec
[  7] 777.0-778.0 sec  0.00 Bytes  0.00 bits/sec
[  7] 778.0-779.0 sec  0.00 Bytes  0.00 bits/sec
[  7] 779.0-780.0 sec  0.00 Bytes  0.00 bits/sec
[  7] 780.0-781.0 sec  0.00 Bytes  0.00 bits/sec
[  7] 781.0-782.0 sec  0.00 Bytes  0.00 bits/sec
[  7] 782.0-783.0 sec  0.00 Bytes  0.00 bits/sec
[  7] 783.0-784.0 sec  0.00 Bytes  0.00 bits/sec
[  7] 784.0-785.0 sec  0.00 Bytes  0.00 bits/sec
[  7] 785.0-786.0 sec  0.00 Bytes  0.00 bits/sec
[  7] 786.0-787.0 sec  0.00 Bytes  0.00 bits/sec
[  7] 787.0-788.0 sec  0.00 Bytes  0.00 bits/sec
[  7] 788.0-789.0 sec  0.00 Bytes  0.00 bits/sec
[  7] 789.0-790.0 sec  0.00 Bytes  0.00 bits/sec
[  7] 790.0-791.0 sec  0.00 Bytes  0.00 bits/sec
[  7] 791.0-792.0 sec  0.00 Bytes  0.00 bits/sec
[  7] 792.0-793.0 sec  0.00 Bytes  0.00 bits/sec
[  7] 793.0-794.0 sec  0.00 Bytes  0.00 bits/sec
[  7] 794.0-795.0 sec  0.00 Bytes  0.00 bits/sec
[  7] 795.0-796.0 sec  0.00 Bytes  0.00 bits/sec
[  7] 796.0-797.0 sec  0.00 Bytes  0.00 bits/sec
[  7] 797.0-798.0 sec  0.00 Bytes  0.00 bits/sec
[  7] 798.0-799.0 sec  0.00 Bytes  0.00 bits/sec
[  7] 799.0-800.0 sec  0.00 Bytes  0.00 bits/sec
[  7] 800.0-801.0 sec  0.00 Bytes  0.00 bits/sec
[  7] 801.0-802.0 sec  0.00 Bytes  0.00 bits/sec
[  7] 802.0-803.0 sec  0.00 Bytes  0.00 bits/sec
[  7] 803.0-804.0 sec  0.00 Bytes  0.00 bits/sec
[  7] 804.0-805.0 sec  0.00 Bytes  0.00 bits/sec
[  7] 805.0-806.0 sec  0.00 Bytes  0.00 bits/sec
[  7] 806.0-807.0 sec  0.00 Bytes  0.00 bits/sec
[  7] 807.0-808.0 sec  0.00 Bytes  0.00 bits/sec
[  7] 808.0-809.0 sec  0.00 Bytes  0.00 bits/sec
[  7] 809.0-810.0 sec  0.00 Bytes  0.00 bits/sec
[  7] 810.0-811.0 sec  0.00 Bytes  0.00 bits/sec
[  7] 811.0-812.0 sec  0.00 Bytes  0.00 bits/sec
[  7] 812.0-813.0 sec  0.00 Bytes  0.00 bits/sec
[  7] 813.0-814.0 sec  0.00 Bytes  0.00 bits/sec
[  7] 814.0-815.0 sec  0.00 Bytes  0.00 bits/sec
[  7] 815.0-816.0 sec  0.00 Bytes  0.00 bits/sec
[  7] 816.0-817.0 sec  0.00 Bytes  0.00 bits/sec
[  7] 817.0-818.0 sec  0.00 Bytes  0.00 bits/sec
[  7] 818.0-819.0 sec  0.00 Bytes  0.00 bits/sec
[  7] 819.0-820.0 sec  0.00 Bytes  0.00 bits/sec
[  7] 820.0-821.0 sec  0.00 Bytes  0.00 bits/sec
[  7] 821.0-822.0 sec  0.00 Bytes  0.00 bits/sec
[  7] 822.0-823.0 sec  0.00 Bytes  0.00 bits/sec
[  7] 823.0-824.0 sec  0.00 Bytes  0.00 bits/sec
[  7] 824.0-825.0 sec  0.00 Bytes  0.00 bits/sec
[  7] 825.0-826.0 sec  0.00 Bytes  0.00 bits/sec
[  7] 826.0-827.0 sec  0.00 Bytes  0.00 bits/sec
[  7] 827.0-828.0 sec  0.00 Bytes  0.00 bits/sec
[  7] 828.0-829.0 sec  0.00 Bytes  0.00 bits/sec
[  7] 829.0-830.0 sec  0.00 Bytes  0.00 bits/sec
[  7] 830.0-831.0 sec  0.00 Bytes  0.00 bits/sec
[  7] 831.0-832.0 sec  0.00 Bytes  0.00 bits/sec
[  7] 832.0-833.0 sec  0.00 Bytes  0.00 bits/sec
[  7] 833.0-834.0 sec  0.00 Bytes  0.00 bits/sec
[  7] 834.0-835.0 sec  0.00 Bytes  0.00 bits/sec
[  7] 835.0-836.0 sec  0.00 Bytes  0.00 bits/sec
[  7] 836.0-837.0 sec  0.00 Bytes  0.00 bits/sec
[  7] 837.0-838.0 sec  0.00 Bytes  0.00 bits/sec
[  7] 838.0-839.0 sec  0.00 Bytes  0.00 bits/sec
[  7] 839.0-840.0 sec  0.00 Bytes  0.00 bits/sec
[  7] 840.0-841.0 sec  0.00 Bytes  0.00 bits/sec
[  7] 841.0-842.0 sec  0.00 Bytes  0.00 bits/sec
[  7] 842.0-843.0 sec  0.00 Bytes  0.00 bits/sec
[  7] 843.0-844.0 sec  0.00 Bytes  0.00 bits/sec
[  7] 844.0-845.0 sec  0.00 Bytes  0.00 bits/sec
[  7] 845.0-846.0 sec  0.00 Bytes  0.00 bits/sec
[  7] 846.0-847.0 sec  0.00 Bytes  0.00 bits/sec
[  7] 847.0-848.0 sec  0.00 Bytes  0.00 bits/sec
[  7] 848.0-849.0 sec  0.00 Bytes  0.00 bits/sec
[  7] 849.0-850.0 sec  0.00 Bytes  0.00 bits/sec
[  7] 850.0-851.0 sec  0.00 Bytes  0.00 bits/sec
[  7] 851.0-852.0 sec  0.00 Bytes  0.00 bits/sec
[  7] 852.0-853.0 sec  0.00 Bytes  0.00 bits/sec
[  7] 853.0-854.0 sec  0.00 Bytes  0.00 bits/sec
[  7] 854.0-855.0 sec  0.00 Bytes  0.00 bits/sec
[  7] 855.0-856.0 sec  0.00 Bytes  0.00 bits/sec
[  7] 856.0-857.0 sec  0.00 Bytes  0.00 bits/sec
[  7] 857.0-858.0 sec  0.00 Bytes  0.00 bits/sec
[  7] 858.0-859.0 sec  0.00 Bytes  0.00 bits/sec
[  7] 859.0-860.0 sec  0.00 Bytes  0.00 bits/sec
[  7] 860.0-861.0 sec  0.00 Bytes  0.00 bits/sec
[  7] 861.0-862.0 sec  0.00 Bytes  0.00 bits/sec
[  7] 862.0-863.0 sec  0.00 Bytes  0.00 bits/sec
[  7] 863.0-864.0 sec  0.00 Bytes  0.00 bits/sec
[  7] 864.0-865.0 sec  0.00 Bytes  0.00 bits/sec
[  7] 865.0-866.0 sec  0.00 Bytes  0.00 bits/sec
[  7] 866.0-867.0 sec  0.00 Bytes  0.00 bits/sec
[  7] 867.0-868.0 sec  0.00 Bytes  0.00 bits/sec
[  7] 868.0-869.0 sec  0.00 Bytes  0.00 bits/sec
[  7] 869.0-870.0 sec  0.00 Bytes  0.00 bits/sec
[  7] 870.0-871.0 sec  0.00 Bytes  0.00 bits/sec
[  7] 871.0-872.0 sec  0.00 Bytes  0.00 bits/sec
[  7] 872.0-873.0 sec  0.00 Bytes  0.00 bits/sec
[  7] 873.0-874.0 sec  0.00 Bytes  0.00 bits/sec
[  7] 874.0-875.0 sec  0.00 Bytes  0.00 bits/sec
[  7] 875.0-876.0 sec  0.00 Bytes  0.00 bits/sec
[  7] 876.0-877.0 sec  0.00 Bytes  0.00 bits/sec
[  7] 877.0-878.0 sec  0.00 Bytes  0.00 bits/sec
[  7] 878.0-879.0 sec  0.00 Bytes  0.00 bits/sec
[  7] 879.0-880.0 sec  0.00 Bytes  0.00 bits/sec
[  7] 880.0-881.0 sec  0.00 Bytes  0.00 bits/sec
[  7] 881.0-882.0 sec  0.00 Bytes  0.00 bits/sec
[  7] 882.0-883.0 sec  0.00 Bytes  0.00 bits/sec
[  7] 883.0-884.0 sec  0.00 Bytes  0.00 bits/sec
[  7] 884.0-885.0 sec  0.00 Bytes  0.00 bits/sec
[  7] 885.0-886.0 sec  0.00 Bytes  0.00 bits/sec
[  7] 886.0-887.0 sec  0.00 Bytes  0.00 bits/sec
[  7] 887.0-888.0 sec  0.00 Bytes  0.00 bits/sec
[  7] 888.0-889.0 sec  0.00 Bytes  0.00 bits/sec
[  7] 889.0-890.0 sec  0.00 Bytes  0.00 bits/sec
[  7] 890.0-891.0 sec  0.00 Bytes  0.00 bits/sec
[  7] 891.0-892.0 sec  0.00 Bytes  0.00 bits/sec
[  7] 892.0-893.0 sec  0.00 Bytes  0.00 bits/sec
[  7] 893.0-894.0 sec  0.00 Bytes  0.00 bits/sec
[  7] 894.0-895.0 sec  0.00 Bytes  0.00 bits/sec
[  7] 895.0-896.0 sec  0.00 Bytes  0.00 bits/sec
[  7] 896.0-897.0 sec  0.00 Bytes  0.00 bits/sec
[  7] 897.0-898.0 sec  0.00 Bytes  0.00 bits/sec
[  7] 898.0-899.0 sec  0.00 Bytes  0.00 bits/sec
[  7] 899.0-900.0 sec  0.00 Bytes  0.00 bits/sec
[  7] 900.0-901.0 sec  0.00 Bytes  0.00 bits/sec
[  7] 901.0-902.0 sec  0.00 Bytes  0.00 bits/sec
[  7] 902.0-903.0 sec  0.00 Bytes  0.00 bits/sec
[  7] 903.0-904.0 sec  0.00 Bytes  0.00 bits/sec
[  7] 904.0-905.0 sec  0.00 Bytes  0.00 bits/sec
[  7] 905.0-906.0 sec  0.00 Bytes  0.00 bits/sec
[  7] 906.0-907.0 sec  0.00 Bytes  0.00 bits/sec
[  7] 907.0-908.0 sec  0.00 Bytes  0.00 bits/sec
[  7] 908.0-909.0 sec  0.00 Bytes  0.00 bits/sec
[  7] 909.0-910.0 sec  0.00 Bytes  0.00 bits/sec
[  7] 910.0-911.0 sec  0.00 Bytes  0.00 bits/sec
[  7] 911.0-912.0 sec  0.00 Bytes  0.00 bits/sec
[  7] 912.0-913.0 sec  0.00 Bytes  0.00 bits/sec
[  7] 913.0-914.0 sec  0.00 Bytes  0.00 bits/sec
[  7] 914.0-915.0 sec  0.00 Bytes  0.00 bits/sec
[  7] 915.0-916.0 sec  0.00 Bytes  0.00 bits/sec
[  7] 916.0-917.0 sec  0.00 Bytes  0.00 bits/sec
[  7] 917.0-918.0 sec  0.00 Bytes  0.00 bits/sec
[  7] 918.0-919.0 sec  0.00 Bytes  0.00 bits/sec
[  7] 919.0-920.0 sec  0.00 Bytes  0.00 bits/sec
[  7] 920.0-921.0 sec  0.00 Bytes  0.00 bits/sec
[  7] 921.0-922.0 sec  0.00 Bytes  0.00 bits/sec
[  7] 922.0-923.0 sec  0.00 Bytes  0.00 bits/sec
[  7] 923.0-924.0 sec  0.00 Bytes  0.00 bits/sec
[  7] 924.0-925.0 sec  0.00 Bytes  0.00 bits/sec
[  7] 925.0-926.0 sec  0.00 Bytes  0.00 bits/sec
[  7] 926.0-927.0 sec  0.00 Bytes  0.00 bits/sec
[  7] 927.0-928.0 sec  0.00 Bytes  0.00 bits/sec
[  7] 928.0-929.0 sec  0.00 Bytes  0.00 bits/sec
[  7] 929.0-930.0 sec  0.00 Bytes  0.00 bits/sec
[  7] 930.0-931.0 sec  0.00 Bytes  0.00 bits/sec
[  7] 931.0-932.0 sec  0.00 Bytes  0.00 bits/sec
[  7] 932.0-933.0 sec  0.00 Bytes  0.00 bits/sec
[  7] 933.0-934.0 sec  0.00 Bytes  0.00 bits/sec
[  7] 934.0-935.0 sec  0.00 Bytes  0.00 bits/sec
[  7] 935.0-936.0 sec  0.00 Bytes  0.00 bits/sec
[  7] 936.0-937.0 sec  0.00 Bytes  0.00 bits/sec
[  7] 937.0-938.0 sec  0.00 Bytes  0.00 bits/sec
[  7] 938.0-939.0 sec  0.00 Bytes  0.00 bits/sec
[  7] 939.0-940.0 sec  0.00 Bytes  0.00 bits/sec
[  7] 940.0-941.0 sec  0.00 Bytes  0.00 bits/sec
[  7] 941.0-942.0 sec  0.00 Bytes  0.00 bits/sec
[  7] 942.0-943.0 sec  0.00 Bytes  0.00 bits/sec
[  7] 943.0-944.0 sec  0.00 Bytes  0.00 bits/sec
[  7] 944.0-945.0 sec  0.00 Bytes  0.00 bits/sec
[  7] 945.0-946.0 sec  0.00 Bytes  0.00 bits/sec
[  7] 946.0-947.0 sec  0.00 Bytes  0.00 bits/sec
[  7] 947.0-948.0 sec  0.00 Bytes  0.00 bits/sec
[  7] 948.0-949.0 sec  0.00 Bytes  0.00 bits/sec
[  7] 949.0-950.0 sec  0.00 Bytes  0.00 bits/sec
[  7] 950.0-951.0 sec  0.00 Bytes  0.00 bits/sec
[  7] 951.0-952.0 sec  0.00 Bytes  0.00 bits/sec
[  7] 952.0-953.0 sec  0.00 Bytes  0.00 bits/sec
[  7] 953.0-954.0 sec  0.00 Bytes  0.00 bits/sec
[  7] 954.0-955.0 sec  0.00 Bytes  0.00 bits/sec
[  7] 955.0-956.0 sec  0.00 Bytes  0.00 bits/sec
[  7] 956.0-957.0 sec  0.00 Bytes  0.00 bits/sec
[  7] 957.0-958.0 sec  0.00 Bytes  0.00 bits/sec
[  7] 958.0-959.0 sec  0.00 Bytes  0.00 bits/sec
[  7] 959.0-960.0 sec  0.00 Bytes  0.00 bits/sec
[  7] 960.0-961.0 sec  0.00 Bytes  0.00 bits/sec
[  7] 961.0-962.0 sec  0.00 Bytes  0.00 bits/sec
[  7] 962.0-963.0 sec  0.00 Bytes  0.00 bits/sec
[  7] 963.0-964.0 sec  0.00 Bytes  0.00 bits/sec
[  7] 964.0-965.0 sec  0.00 Bytes  0.00 bits/sec
[  7] 965.0-966.0 sec  0.00 Bytes  0.00 bits/sec
[  7] 966.0-967.0 sec  0.00 Bytes  0.00 bits/sec
[  7] 967.0-968.0 sec  0.00 Bytes  0.00 bits/sec
[  7] 968.0-969.0 sec  0.00 Bytes  0.00 bits/sec
[  7] 969.0-970.0 sec  0.00 Bytes  0.00 bits/sec
[  7] 970.0-971.0 sec  0.00 Bytes  0.00 bits/sec
[  7] 971.0-972.0 sec  0.00 Bytes  0.00 bits/sec
[  7] 972.0-973.0 sec  0.00 Bytes  0.00 bits/sec
[  7] 973.0-974.0 sec  0.00 Bytes  0.00 bits/sec
[  7] 974.0-975.0 sec  0.00 Bytes  0.00 bits/sec
[  7] 975.0-976.0 sec  0.00 Bytes  0.00 bits/sec
[  7] 976.0-977.0 sec  0.00 Bytes  0.00 bits/sec
[  7] 977.0-978.0 sec  0.00 Bytes  0.00 bits/sec
[  7] 978.0-979.0 sec  0.00 Bytes  0.00 bits/sec
[  7] 979.0-980.0 sec  0.00 Bytes  0.00 bits/sec
[  7] 980.0-981.0 sec  0.00 Bytes  0.00 bits/sec
[  7] 981.0-982.0 sec  0.00 Bytes  0.00 bits/sec
[  7] 982.0-983.0 sec  0.00 Bytes  0.00 bits/sec
[  7] 983.0-984.0 sec  0.00 Bytes  0.00 bits/sec
[  7] 984.0-985.0 sec  0.00 Bytes  0.00 bits/sec
[  7] 985.0-986.0 sec  0.00 Bytes  0.00 bits/sec
[  7] 986.0-987.0 sec  0.00 Bytes  0.00 bits/sec
[  7] 987.0-988.0 sec  0.00 Bytes  0.00 bits/sec
[  7] 988.0-989.0 sec  0.00 Bytes  0.00 bits/sec
[  7] 989.0-990.0 sec  0.00 Bytes  0.00 bits/sec
[  7] 990.0-991.0 sec  0.00 Bytes  0.00 bits/sec
[  7] 991.0-992.0 sec  0.00 Bytes  0.00 bits/sec
[  7] 992.0-993.0 sec  0.00 Bytes  0.00 bits/sec
[  7] 993.0-994.0 sec  0.00 Bytes  0.00 bits/sec
[  7] 994.0-995.0 sec  0.00 Bytes  0.00 bits/sec
[  7] 995.0-996.0 sec  0.00 Bytes  0.00 bits/sec
[  7] 996.0-997.0 sec  0.00 Bytes  0.00 bits/sec
[  7] 997.0-998.0 sec  0.00 Bytes  0.00 bits/sec
[  7] 998.0-999.0 sec  0.00 Bytes  0.00 bits/sec
[  7] 999.0-1000.0 sec  0.00 Bytes  0.00 bits/sec
[  7] 1000.0-1001.0 sec  0.00 Bytes  0.00 bits/sec
[  7]  0.0-1001.1 sec  26.5 KBytes   217 bits/sec
