------------------------------------------------------------
Client connecting to 10.0.0.11, TCP port 5001
TCP window size: 86.2 KByte (default)
------------------------------------------------------------
[  3] local 10.0.0.27 port 40874 connected with 10.0.0.11 port 5001
[  8] local 10.0.0.27 port 41062 connected with 10.0.0.11 port 5001
[  7] local 10.0.0.27 port 41058 connected with 10.0.0.11 port 5001
[  6] local 10.0.0.27 port 40882 connected with 10.0.0.11 port 5001
[  5] local 10.0.0.27 port 40880 connected with 10.0.0.11 port 5001
[  4] local 10.0.0.27 port 40876 connected with 10.0.0.11 port 5001
[ ID] Interval       Transfer     Bandwidth
[  3]  0.0- 1.0 sec  1.38 MBytes  11.5 Mbits/sec
[  6]  0.0- 1.0 sec  1.38 MBytes  11.5 Mbits/sec
[  8]  0.0- 1.0 sec  1.38 MBytes  11.5 Mbits/sec
[  4]  0.0- 1.0 sec  1.38 MBytes  11.5 Mbits/sec
[  5]  0.0- 1.0 sec  1.38 MBytes  11.5 Mbits/sec
[  7]  0.0- 1.0 sec  1.38 MBytes  11.5 Mbits/sec
[SUM]  0.0- 1.0 sec  8.25 MBytes  69.2 Mbits/sec
[  4]  1.0- 2.0 sec   512 KBytes  4.19 Mbits/sec
[  7]  1.0- 2.0 sec   512 KBytes  4.19 Mbits/sec
[  6]  1.0- 2.0 sec   640 KBytes  5.24 Mbits/sec
[  8]  1.0- 2.0 sec   640 KBytes  5.24 Mbits/sec
[  3]  1.0- 2.0 sec   640 KBytes  5.24 Mbits/sec
[  5]  1.0- 2.0 sec   512 KBytes  4.19 Mbits/sec
[SUM]  1.0- 2.0 sec  3.38 MBytes  28.3 Mbits/sec
[  3]  2.0- 3.0 sec   768 KBytes  6.29 Mbits/sec
[  4]  2.0- 3.0 sec   768 KBytes  6.29 Mbits/sec
[  7]  2.0- 3.0 sec   896 KBytes  7.34 Mbits/sec
[  6]  2.0- 3.0 sec   768 KBytes  6.29 Mbits/sec
[  8]  2.0- 3.0 sec   768 KBytes  6.29 Mbits/sec
[  5]  2.0- 3.0 sec   512 KBytes  4.19 Mbits/sec
[SUM]  2.0- 3.0 sec  4.38 MBytes  36.7 Mbits/sec
[  6]  3.0- 4.0 sec  1.00 MBytes  8.39 Mbits/sec
[  3]  3.0- 4.0 sec  1.00 MBytes  8.39 Mbits/sec
[  7]  3.0- 4.0 sec   640 KBytes  5.24 Mbits/sec
[  4]  3.0- 4.0 sec   384 KBytes  3.15 Mbits/sec
[  8]  3.0- 4.0 sec   384 KBytes  3.15 Mbits/sec
[  5]  3.0- 4.0 sec   512 KBytes  4.19 Mbits/sec
[SUM]  3.0- 4.0 sec  3.88 MBytes  32.5 Mbits/sec
[  6]  4.0- 5.0 sec   768 KBytes  6.29 Mbits/sec
[  3]  4.0- 5.0 sec   768 KBytes  6.29 Mbits/sec
[  7]  4.0- 5.0 sec   384 KBytes  3.15 Mbits/sec
[  4]  4.0- 5.0 sec   256 KBytes  2.10 Mbits/sec
[  5]  4.0- 5.0 sec   256 KBytes  2.10 Mbits/sec
[  8]  4.0- 5.0 sec   256 KBytes  2.10 Mbits/sec
[SUM]  4.0- 5.0 sec  2.62 MBytes  22.0 Mbits/sec
[  3]  5.0- 6.0 sec   768 KBytes  6.29 Mbits/sec
[  6]  5.0- 6.0 sec   768 KBytes  6.29 Mbits/sec
[  7]  5.0- 6.0 sec   384 KBytes  3.15 Mbits/sec
[  8]  5.0- 6.0 sec   256 KBytes  2.10 Mbits/sec
[  5]  5.0- 6.0 sec   384 KBytes  3.15 Mbits/sec
[  4]  5.0- 6.0 sec   384 KBytes  3.15 Mbits/sec
[SUM]  5.0- 6.0 sec  2.88 MBytes  24.1 Mbits/sec
[  3]  6.0- 7.0 sec   640 KBytes  5.24 Mbits/sec
[  6]  6.0- 7.0 sec   768 KBytes  6.29 Mbits/sec
[  5]  6.0- 7.0 sec   256 KBytes  2.10 Mbits/sec
[  8]  6.0- 7.0 sec   256 KBytes  2.10 Mbits/sec
[  7]  6.0- 7.0 sec   384 KBytes  3.15 Mbits/sec
[  4]  6.0- 7.0 sec   256 KBytes  2.10 Mbits/sec
[SUM]  6.0- 7.0 sec  2.50 MBytes  21.0 Mbits/sec
[  3]  7.0- 8.0 sec   640 KBytes  5.24 Mbits/sec
[  6]  7.0- 8.0 sec   640 KBytes  5.24 Mbits/sec
[  4]  7.0- 8.0 sec   256 KBytes  2.10 Mbits/sec
[  8]  7.0- 8.0 sec   256 KBytes  2.10 Mbits/sec
[  5]  7.0- 8.0 sec   384 KBytes  3.15 Mbits/sec
[  7]  7.0- 8.0 sec   384 KBytes  3.15 Mbits/sec
[SUM]  7.0- 8.0 sec  2.50 MBytes  21.0 Mbits/sec
[  3]  8.0- 9.0 sec  1.12 MBytes  9.44 Mbits/sec
[  7]  8.0- 9.0 sec   384 KBytes  3.15 Mbits/sec
[  5]  8.0- 9.0 sec   512 KBytes  4.19 Mbits/sec
[  4]  8.0- 9.0 sec   512 KBytes  4.19 Mbits/sec
[  8]  8.0- 9.0 sec   512 KBytes  4.19 Mbits/sec
[  6]  8.0- 9.0 sec   640 KBytes  5.24 Mbits/sec
[SUM]  8.0- 9.0 sec  3.62 MBytes  30.4 Mbits/sec
[  3]  9.0-10.0 sec  1.50 MBytes  12.6 Mbits/sec
[  3]  0.0-10.2 sec  9.25 MBytes  7.64 Mbits/sec
[  5]  9.0-10.0 sec   768 KBytes  6.29 Mbits/sec
[  5]  0.0-10.3 sec  5.50 MBytes  4.47 Mbits/sec
[  6]  9.0-10.0 sec   384 KBytes  3.15 Mbits/sec
[  6]  0.0-10.3 sec  7.75 MBytes  6.28 Mbits/sec
[  4]  9.0-10.0 sec   640 KBytes  5.24 Mbits/sec
[  4]  0.0-10.4 sec  5.38 MBytes  4.36 Mbits/sec
[  7]  9.0-10.0 sec   512 KBytes  4.19 Mbits/sec
[  7]  0.0-10.4 sec  5.88 MBytes  4.73 Mbits/sec
[  8]  9.0-10.0 sec   384 KBytes  3.15 Mbits/sec
[SUM]  9.0-10.0 sec  4.12 MBytes  34.6 Mbits/sec
[  8]  0.0-10.5 sec  5.12 MBytes  4.11 Mbits/sec
[SUM]  0.0-10.5 sec  38.9 MBytes  31.2 Mbits/sec
