------------------------------------------------------------
Client connecting to 10.0.0.51, TCP port 5001
TCP window size: 86.2 KByte (default)
------------------------------------------------------------
[  6] local 10.0.0.31 port 51092 connected with 10.0.0.51 port 5001
[  3] local 10.0.0.31 port 50986 connected with 10.0.0.51 port 5001
[  4] local 10.0.0.31 port 50988 connected with 10.0.0.51 port 5001
[  5] local 10.0.0.31 port 51088 connected with 10.0.0.51 port 5001
[ ID] Interval       Transfer     Bandwidth
[  4]  0.0- 1.0 sec  3.25 MBytes  27.3 Mbits/sec
[  6]  0.0- 1.0 sec  6.00 MBytes  50.3 Mbits/sec
[  3]  0.0- 1.0 sec  2.50 MBytes  21.0 Mbits/sec
[  5]  0.0- 1.0 sec   768 KBytes  6.29 Mbits/sec
[SUM]  0.0- 1.0 sec  12.5 MBytes   105 Mbits/sec
[  3]  1.0- 2.0 sec  1.50 MBytes  12.6 Mbits/sec
[  4]  1.0- 2.0 sec  2.50 MBytes  21.0 Mbits/sec
[  6]  1.0- 2.0 sec  3.62 MBytes  30.4 Mbits/sec
[  5]  1.0- 2.0 sec   256 KBytes  2.10 Mbits/sec
[SUM]  1.0- 2.0 sec  7.88 MBytes  66.1 Mbits/sec
[  4]  2.0- 3.0 sec  1.50 MBytes  12.6 Mbits/sec
[  6]  2.0- 3.0 sec  2.38 MBytes  19.9 Mbits/sec
[  3]  2.0- 3.0 sec  1.50 MBytes  12.6 Mbits/sec
[  5]  2.0- 3.0 sec   384 KBytes  3.15 Mbits/sec
[SUM]  2.0- 3.0 sec  5.75 MBytes  48.2 Mbits/sec
[  4]  3.0- 4.0 sec  1.38 MBytes  11.5 Mbits/sec
[  3]  3.0- 4.0 sec  1.12 MBytes  9.44 Mbits/sec
[  6]  3.0- 4.0 sec  2.88 MBytes  24.1 Mbits/sec
[  5]  3.0- 4.0 sec   384 KBytes  3.15 Mbits/sec
[SUM]  3.0- 4.0 sec  5.75 MBytes  48.2 Mbits/sec
[  6]  4.0- 5.0 sec  1.50 MBytes  12.6 Mbits/sec
[  4]  4.0- 5.0 sec  1.50 MBytes  12.6 Mbits/sec
[  3]  4.0- 5.0 sec  1.12 MBytes  9.44 Mbits/sec
[  5]  4.0- 5.0 sec   384 KBytes  3.15 Mbits/sec
[SUM]  4.0- 5.0 sec  4.50 MBytes  37.7 Mbits/sec
[  4]  5.0- 6.0 sec  1.00 MBytes  8.39 Mbits/sec
[  6]  5.0- 6.0 sec  2.25 MBytes  18.9 Mbits/sec
[  3]  5.0- 6.0 sec  1.12 MBytes  9.44 Mbits/sec
[  5]  5.0- 6.0 sec   256 KBytes  2.10 Mbits/sec
[SUM]  5.0- 6.0 sec  4.62 MBytes  38.8 Mbits/sec
[  3]  6.0- 7.0 sec   384 KBytes  3.15 Mbits/sec
[  6]  6.0- 7.0 sec  1.50 MBytes  12.6 Mbits/sec
[  4]  6.0- 7.0 sec  1.00 MBytes  8.39 Mbits/sec
[  5]  6.0- 7.0 sec   384 KBytes  3.15 Mbits/sec
[SUM]  6.0- 7.0 sec  3.25 MBytes  27.3 Mbits/sec
[  6]  7.0- 8.0 sec  1.50 MBytes  12.6 Mbits/sec
[  4]  7.0- 8.0 sec  1.00 MBytes  8.39 Mbits/sec
[  3]  7.0- 8.0 sec  1.12 MBytes  9.44 Mbits/sec
[  3]  0.0- 8.4 sec  10.5 MBytes  10.5 Mbits/sec
[  4]  0.0- 8.5 sec  13.8 MBytes  13.5 Mbits/sec
[  5]  7.0- 8.0 sec   384 KBytes  3.15 Mbits/sec
[SUM]  7.0- 8.0 sec  4.00 MBytes  33.6 Mbits/sec
[  6]  8.0- 9.0 sec  2.25 MBytes  18.9 Mbits/sec
[  5]  8.0- 9.0 sec   256 KBytes  2.10 Mbits/sec
[  6]  9.0-10.0 sec  3.00 MBytes  25.2 Mbits/sec
[  6]  0.0-10.1 sec  27.0 MBytes  22.3 Mbits/sec
[  5]  9.0-10.0 sec   768 KBytes  6.29 Mbits/sec
[  5]  0.0-10.3 sec  4.25 MBytes  3.47 Mbits/sec
[SUM]  0.0-10.3 sec  55.5 MBytes  45.3 Mbits/sec
