------------------------------------------------------------
Client connecting to 10.0.0.2, TCP port 5001
TCP window size: 86.2 KByte (default)
------------------------------------------------------------
[  6] local 10.0.0.32 port 45342 connected with 10.0.0.2 port 5001
[  3] local 10.0.0.32 port 45332 connected with 10.0.0.2 port 5001
[  4] local 10.0.0.32 port 45336 connected with 10.0.0.2 port 5001
[  5] local 10.0.0.32 port 45340 connected with 10.0.0.2 port 5001
[ ID] Interval       Transfer     Bandwidth
[  3]  0.0- 1.0 sec  4.38 MBytes  36.7 Mbits/sec
[  5]  0.0- 1.0 sec  1.62 MBytes  13.6 Mbits/sec
[  4]  0.0- 1.0 sec  2.25 MBytes  18.9 Mbits/sec
[  6]  0.0- 1.0 sec  1.25 MBytes  10.5 Mbits/sec
[SUM]  0.0- 1.0 sec  9.50 MBytes  79.7 Mbits/sec
[  4]  1.0- 2.0 sec   896 KBytes  7.34 Mbits/sec
[  5]  1.0- 2.0 sec  1.00 MBytes  8.39 Mbits/sec
[  3]  1.0- 2.0 sec  3.50 MBytes  29.4 Mbits/sec
[  6]  1.0- 2.0 sec   768 KBytes  6.29 Mbits/sec
[SUM]  1.0- 2.0 sec  6.12 MBytes  51.4 Mbits/sec
[  3]  2.0- 3.0 sec  2.25 MBytes  18.9 Mbits/sec
[  6]  2.0- 3.0 sec   512 KBytes  4.19 Mbits/sec
[  5]  2.0- 3.0 sec   768 KBytes  6.29 Mbits/sec
[  4]  2.0- 3.0 sec  1.25 MBytes  10.5 Mbits/sec
[SUM]  2.0- 3.0 sec  4.75 MBytes  39.8 Mbits/sec
[  3]  3.0- 4.0 sec  3.00 MBytes  25.2 Mbits/sec
[  5]  3.0- 4.0 sec   768 KBytes  6.29 Mbits/sec
[  4]  3.0- 4.0 sec  1.00 MBytes  8.39 Mbits/sec
[  6]  3.0- 4.0 sec   640 KBytes  5.24 Mbits/sec
[SUM]  3.0- 4.0 sec  5.38 MBytes  45.1 Mbits/sec
[  3]  4.0- 5.0 sec  1.50 MBytes  12.6 Mbits/sec
[  4]  4.0- 5.0 sec   640 KBytes  5.24 Mbits/sec
[  5]  4.0- 5.0 sec   512 KBytes  4.19 Mbits/sec
[  6]  4.0- 5.0 sec   384 KBytes  3.15 Mbits/sec
[SUM]  4.0- 5.0 sec  3.00 MBytes  25.2 Mbits/sec
[  6]  5.0- 6.0 sec   512 KBytes  4.19 Mbits/sec
[  4]  5.0- 6.0 sec   896 KBytes  7.34 Mbits/sec
[  5]  5.0- 6.0 sec   768 KBytes  6.29 Mbits/sec
[  3]  5.0- 6.0 sec  3.00 MBytes  25.2 Mbits/sec
[SUM]  5.0- 6.0 sec  5.12 MBytes  43.0 Mbits/sec
[  3]  0.0- 6.4 sec  17.8 MBytes  23.3 Mbits/sec
[  4]  0.0- 6.6 sec  7.25 MBytes  9.19 Mbits/sec
[  5]  6.0- 7.0 sec   512 KBytes  4.19 Mbits/sec
[  6]  6.0- 7.0 sec   640 KBytes  5.24 Mbits/sec
[  6]  7.0- 8.0 sec  2.25 MBytes  18.9 Mbits/sec
[  5]  7.0- 8.0 sec  2.38 MBytes  19.9 Mbits/sec
[  5]  8.0- 9.0 sec  1.88 MBytes  15.7 Mbits/sec
[  5]  0.0- 9.1 sec  10.2 MBytes  9.47 Mbits/sec
[  6]  8.0- 9.0 sec  2.75 MBytes  23.1 Mbits/sec
[  6]  9.0-10.0 sec  3.12 MBytes  26.2 Mbits/sec
[  6]  0.0-10.0 sec  12.9 MBytes  10.8 Mbits/sec
[SUM]  0.0-10.0 sec  48.1 MBytes  40.3 Mbits/sec
