------------------------------------------------------------
Client connecting to 10.0.0.31, TCP port 5001
TCP window size: 86.2 KByte (default)
------------------------------------------------------------
[  6] local 10.0.0.33 port 42120 connected with 10.0.0.31 port 5001
[  5] local 10.0.0.33 port 42116 connected with 10.0.0.31 port 5001
[  3] local 10.0.0.33 port 42110 connected with 10.0.0.31 port 5001
[  4] local 10.0.0.33 port 42112 connected with 10.0.0.31 port 5001
[ ID] Interval       Transfer     Bandwidth
[  5]  0.0- 1.0 sec  1.88 MBytes  15.7 Mbits/sec
[  4]  0.0- 1.0 sec   768 KBytes  6.29 Mbits/sec
[  3]  0.0- 1.0 sec  1.00 MBytes  8.39 Mbits/sec
[  6]  0.0- 1.0 sec   896 KBytes  7.34 Mbits/sec
[SUM]  0.0- 1.0 sec  4.50 MBytes  37.7 Mbits/sec
[  5]  1.0- 2.0 sec  3.50 MBytes  29.4 Mbits/sec
[  3]  1.0- 2.0 sec   256 KBytes  2.10 Mbits/sec
[  4]  1.0- 2.0 sec   384 KBytes  3.15 Mbits/sec
[  6]  1.0- 2.0 sec   256 KBytes  2.10 Mbits/sec
[SUM]  1.0- 2.0 sec  4.38 MBytes  36.7 Mbits/sec
[  5]  2.0- 3.0 sec  3.00 MBytes  25.2 Mbits/sec
[  3]  2.0- 3.0 sec   384 KBytes  3.15 Mbits/sec
[  6]  2.0- 3.0 sec   256 KBytes  2.10 Mbits/sec
[  4]  2.0- 3.0 sec   384 KBytes  3.15 Mbits/sec
[SUM]  2.0- 3.0 sec  4.00 MBytes  33.6 Mbits/sec
[  5]  3.0- 4.0 sec  2.12 MBytes  17.8 Mbits/sec
[  4]  3.0- 4.0 sec   384 KBytes  3.15 Mbits/sec
[  6]  3.0- 4.0 sec   384 KBytes  3.15 Mbits/sec
[  3]  3.0- 4.0 sec   512 KBytes  4.19 Mbits/sec
[SUM]  3.0- 4.0 sec  3.38 MBytes  28.3 Mbits/sec
[  5]  0.0- 5.1 sec  12.0 MBytes  19.7 Mbits/sec
[  4]  4.0- 5.0 sec   384 KBytes  3.15 Mbits/sec
[  3]  4.0- 5.0 sec   384 KBytes  3.15 Mbits/sec
[  6]  4.0- 5.0 sec   384 KBytes  3.15 Mbits/sec
[  6]  5.0- 6.0 sec   128 KBytes  1.05 Mbits/sec
[  3]  5.0- 6.0 sec   256 KBytes  2.10 Mbits/sec
[  4]  5.0- 6.0 sec   256 KBytes  2.10 Mbits/sec
[  6]  6.0- 7.0 sec   640 KBytes  5.24 Mbits/sec
[  3]  6.0- 7.0 sec   768 KBytes  6.29 Mbits/sec
[  4]  6.0- 7.0 sec   640 KBytes  5.24 Mbits/sec
[  4]  7.0- 8.0 sec   640 KBytes  5.24 Mbits/sec
[  3]  7.0- 8.0 sec   512 KBytes  4.19 Mbits/sec
[  6]  7.0- 8.0 sec   640 KBytes  5.24 Mbits/sec
[  6]  8.0- 9.0 sec   640 KBytes  5.24 Mbits/sec
[  4]  8.0- 9.0 sec   640 KBytes  5.24 Mbits/sec
[  3]  8.0- 9.0 sec   640 KBytes  5.24 Mbits/sec
[  3]  0.0- 9.6 sec  5.12 MBytes  4.47 Mbits/sec
[  4]  9.0-10.0 sec  1.00 MBytes  8.39 Mbits/sec
[  4]  0.0-10.1 sec  5.50 MBytes  4.57 Mbits/sec
[  6]  9.0-10.0 sec  1.00 MBytes  8.39 Mbits/sec
[  6]  0.0-10.2 sec  5.25 MBytes  4.32 Mbits/sec
[SUM]  0.0-10.2 sec  27.9 MBytes  23.0 Mbits/sec
