------------------------------------------------------------
Client connecting to 10.0.0.96, TCP port 5001
TCP window size: 86.2 KByte (default)
------------------------------------------------------------
[  6] local 10.0.0.38 port 33098 connected with 10.0.0.96 port 5001
[  3] local 10.0.0.38 port 33068 connected with 10.0.0.96 port 5001
[  4] local 10.0.0.38 port 33072 connected with 10.0.0.96 port 5001
[  5] local 10.0.0.38 port 33076 connected with 10.0.0.96 port 5001
[ ID] Interval       Transfer     Bandwidth
[  3]  0.0- 1.0 sec  1.88 MBytes  15.7 Mbits/sec
[  6]  0.0- 1.0 sec   896 KBytes  7.34 Mbits/sec
[  5]  0.0- 1.0 sec  1.00 MBytes  8.39 Mbits/sec
[  4]  0.0- 1.0 sec  1.25 MBytes  10.5 Mbits/sec
[SUM]  0.0- 1.0 sec  5.00 MBytes  41.9 Mbits/sec
[  3]  1.0- 2.0 sec  1.62 MBytes  13.6 Mbits/sec
[  4]  1.0- 2.0 sec   768 KBytes  6.29 Mbits/sec
[  5]  1.0- 2.0 sec   768 KBytes  6.29 Mbits/sec
[  6]  1.0- 2.0 sec   768 KBytes  6.29 Mbits/sec
[SUM]  1.0- 2.0 sec  3.88 MBytes  32.5 Mbits/sec
[  5]  2.0- 3.0 sec  1.12 MBytes  9.44 Mbits/sec
[  3]  2.0- 3.0 sec  2.62 MBytes  22.0 Mbits/sec
[  4]  2.0- 3.0 sec  1.50 MBytes  12.6 Mbits/sec
[  6]  2.0- 3.0 sec   640 KBytes  5.24 Mbits/sec
[SUM]  2.0- 3.0 sec  5.88 MBytes  49.3 Mbits/sec
[  3]  3.0- 4.0 sec  1.50 MBytes  12.6 Mbits/sec
[  4]  3.0- 4.0 sec   896 KBytes  7.34 Mbits/sec
[  5]  3.0- 4.0 sec  1.00 MBytes  8.39 Mbits/sec
[  6]  3.0- 4.0 sec  1.38 MBytes  11.5 Mbits/sec
[SUM]  3.0- 4.0 sec  4.75 MBytes  39.8 Mbits/sec
[  4]  4.0- 5.0 sec  1.38 MBytes  11.5 Mbits/sec
[  5]  4.0- 5.0 sec  1.00 MBytes  8.39 Mbits/sec
[  6]  4.0- 5.0 sec   768 KBytes  6.29 Mbits/sec
[  3]  4.0- 5.0 sec  2.00 MBytes  16.8 Mbits/sec
[SUM]  4.0- 5.0 sec  5.12 MBytes  43.0 Mbits/sec
[  6]  5.0- 6.0 sec   512 KBytes  4.19 Mbits/sec
[  4]  5.0- 6.0 sec  1.38 MBytes  11.5 Mbits/sec
[  3]  5.0- 6.0 sec  1.50 MBytes  12.6 Mbits/sec
[  5]  5.0- 6.0 sec   896 KBytes  7.34 Mbits/sec
[SUM]  5.0- 6.0 sec  4.25 MBytes  35.7 Mbits/sec
[  6]  6.0- 7.0 sec   512 KBytes  4.19 Mbits/sec
[  4]  6.0- 7.0 sec   896 KBytes  7.34 Mbits/sec
[  3]  6.0- 7.0 sec  1.00 MBytes  8.39 Mbits/sec
[  3]  0.0- 7.2 sec  12.2 MBytes  14.3 Mbits/sec
[  5]  6.0- 7.0 sec   640 KBytes  5.24 Mbits/sec
[SUM]  6.0- 7.0 sec  3.00 MBytes  25.2 Mbits/sec
[  5]  7.0- 8.0 sec   640 KBytes  5.24 Mbits/sec
[  4]  7.0- 8.0 sec  1.25 MBytes  10.5 Mbits/sec
[  4]  0.0- 8.2 sec  9.38 MBytes  9.53 Mbits/sec
[  6]  7.0- 8.0 sec   768 KBytes  6.29 Mbits/sec
[  5]  8.0- 9.0 sec  1.25 MBytes  10.5 Mbits/sec
[  6]  8.0- 9.0 sec  1.00 MBytes  8.39 Mbits/sec
[  6]  9.0-10.0 sec  2.50 MBytes  21.0 Mbits/sec
[  6]  0.0-10.0 sec  9.75 MBytes  8.17 Mbits/sec
[  5]  9.0-10.0 sec  2.62 MBytes  22.0 Mbits/sec
[  5]  0.0-10.1 sec  11.0 MBytes  9.12 Mbits/sec
[SUM]  0.0-10.1 sec  42.4 MBytes  35.1 Mbits/sec
