------------------------------------------------------------
Client connecting to 10.0.0.14, TCP port 5001
TCP window size: 85.3 KByte (default)
------------------------------------------------------------
[  8] local 10.0.0.5 port 60848 connected with 10.0.0.14 port 5001
[  3] local 10.0.0.5 port 60554 connected with 10.0.0.14 port 5001
[  4] local 10.0.0.5 port 60654 connected with 10.0.0.14 port 5001
[  5] local 10.0.0.5 port 60686 connected with 10.0.0.14 port 5001
[  6] local 10.0.0.5 port 60690 connected with 10.0.0.14 port 5001
[  7] local 10.0.0.5 port 60694 connected with 10.0.0.14 port 5001
[ ID] Interval       Transfer     Bandwidth
[  5]  0.0- 1.0 sec   640 KBytes  5.24 Mbits/sec
[  4]  0.0- 1.0 sec   640 KBytes  5.24 Mbits/sec
[  3]  0.0- 1.0 sec   768 KBytes  6.29 Mbits/sec
[  6]  0.0- 1.0 sec   768 KBytes  6.29 Mbits/sec
[  7]  0.0- 1.0 sec   768 KBytes  6.29 Mbits/sec
[  8]  0.0- 1.0 sec   512 KBytes  4.19 Mbits/sec
[SUM]  0.0- 1.0 sec  4.00 MBytes  33.6 Mbits/sec
[  6]  1.0- 2.0 sec   640 KBytes  5.24 Mbits/sec
[  4]  1.0- 2.0 sec   896 KBytes  7.34 Mbits/sec
[  7]  1.0- 2.0 sec  1.00 MBytes  8.39 Mbits/sec
[  3]  1.0- 2.0 sec  1.00 MBytes  8.39 Mbits/sec
[  8]  1.0- 2.0 sec   896 KBytes  7.34 Mbits/sec
[  5]  1.0- 2.0 sec   640 KBytes  5.24 Mbits/sec
[SUM]  1.0- 2.0 sec  5.00 MBytes  41.9 Mbits/sec
[  8]  2.0- 3.0 sec   768 KBytes  6.29 Mbits/sec
[  3]  2.0- 3.0 sec  1.00 MBytes  8.39 Mbits/sec
[  6]  2.0- 3.0 sec   896 KBytes  7.34 Mbits/sec
[  7]  2.0- 3.0 sec  1.00 MBytes  8.39 Mbits/sec
[  4]  2.0- 3.0 sec   768 KBytes  6.29 Mbits/sec
[  5]  2.0- 3.0 sec   384 KBytes  3.15 Mbits/sec
[SUM]  2.0- 3.0 sec  4.75 MBytes  39.8 Mbits/sec
[  4]  3.0- 4.0 sec   512 KBytes  4.19 Mbits/sec
[  7]  3.0- 4.0 sec   640 KBytes  5.24 Mbits/sec
[  8]  3.0- 4.0 sec  1.00 MBytes  8.39 Mbits/sec
[  6]  3.0- 4.0 sec   640 KBytes  5.24 Mbits/sec
[  3]  3.0- 4.0 sec   256 KBytes  2.10 Mbits/sec
[  5]  3.0- 4.0 sec   384 KBytes  3.15 Mbits/sec
[SUM]  3.0- 4.0 sec  3.38 MBytes  28.3 Mbits/sec
[  7]  4.0- 5.0 sec  1.00 MBytes  8.39 Mbits/sec
[  4]  4.0- 5.0 sec   896 KBytes  7.34 Mbits/sec
[  6]  4.0- 5.0 sec   768 KBytes  6.29 Mbits/sec
[  8]  4.0- 5.0 sec  1.25 MBytes  10.5 Mbits/sec
[  5]  4.0- 5.0 sec   384 KBytes  3.15 Mbits/sec
[  3]  4.0- 5.0 sec   384 KBytes  3.15 Mbits/sec
[SUM]  4.0- 5.0 sec  4.62 MBytes  38.8 Mbits/sec
[  6]  5.0- 6.0 sec   896 KBytes  7.34 Mbits/sec
[  7]  5.0- 6.0 sec  1.00 MBytes  8.39 Mbits/sec
[  8]  5.0- 6.0 sec  1.12 MBytes  9.44 Mbits/sec
[  3]  5.0- 6.0 sec   256 KBytes  2.10 Mbits/sec
[  5]  5.0- 6.0 sec   512 KBytes  4.19 Mbits/sec
[  4]  5.0- 6.0 sec   896 KBytes  7.34 Mbits/sec
[SUM]  5.0- 6.0 sec  4.62 MBytes  38.8 Mbits/sec
[  8]  6.0- 7.0 sec  1.38 MBytes  11.5 Mbits/sec
[  7]  6.0- 7.0 sec  1.62 MBytes  13.6 Mbits/sec
[  4]  6.0- 7.0 sec   768 KBytes  6.29 Mbits/sec
[  6]  6.0- 7.0 sec  1.00 MBytes  8.39 Mbits/sec
[  5]  6.0- 7.0 sec   768 KBytes  6.29 Mbits/sec
[  3]  6.0- 7.0 sec   640 KBytes  5.24 Mbits/sec
[SUM]  6.0- 7.0 sec  6.12 MBytes  51.4 Mbits/sec
[  7]  7.0- 8.0 sec  1.00 MBytes  8.39 Mbits/sec
[  8]  7.0- 8.0 sec  3.12 MBytes  26.2 Mbits/sec
[  6]  7.0- 8.0 sec   896 KBytes  7.34 Mbits/sec
[  5]  7.0- 8.0 sec   768 KBytes  6.29 Mbits/sec
[  4]  7.0- 8.0 sec   896 KBytes  7.34 Mbits/sec
[  3]  7.0- 8.0 sec   640 KBytes  5.24 Mbits/sec
[SUM]  7.0- 8.0 sec  7.25 MBytes  60.8 Mbits/sec
[  3]  0.0- 8.4 sec  5.00 MBytes  4.99 Mbits/sec
[  7]  8.0- 9.0 sec  1.12 MBytes  9.44 Mbits/sec
[  7]  0.0- 9.0 sec  9.25 MBytes  8.60 Mbits/sec
[  8]  8.0- 9.0 sec  1.75 MBytes  14.7 Mbits/sec
[  6]  0.0- 9.1 sec  7.25 MBytes  6.71 Mbits/sec
[  5]  8.0- 9.0 sec   640 KBytes  5.24 Mbits/sec
[  5]  0.0- 9.7 sec  5.12 MBytes  4.45 Mbits/sec
[  4]  0.0- 9.7 sec  6.62 MBytes  5.72 Mbits/sec
[  8]  9.0-10.0 sec  4.88 MBytes  40.9 Mbits/sec
[  8]  0.0-10.1 sec  16.8 MBytes  14.0 Mbits/sec
[SUM]  0.0-10.1 sec  50.0 MBytes  41.7 Mbits/sec
