------------------------------------------------------------
Client connecting to 10.0.0.32, TCP port 5001
TCP window size: 86.2 KByte (default)
------------------------------------------------------------
[  5] local 10.0.0.41 port 37494 connected with 10.0.0.32 port 5001
[  6] local 10.0.0.41 port 37502 connected with 10.0.0.32 port 5001
[  3] local 10.0.0.41 port 37486 connected with 10.0.0.32 port 5001
[  4] local 10.0.0.41 port 37490 connected with 10.0.0.32 port 5001
[ ID] Interval       Transfer     Bandwidth
[  3]  0.0- 1.0 sec   256 KBytes  2.10 Mbits/sec
[  3]  1.0- 2.0 sec  0.00 Bytes  0.00 bits/sec
[  6]  0.0- 1.0 sec   256 KBytes  2.10 Mbits/sec
[  4]  0.0- 1.0 sec   256 KBytes  2.10 Mbits/sec
[  4]  1.0- 2.0 sec  0.00 Bytes  0.00 bits/sec
[  5]  0.0- 1.0 sec   128 KBytes  1.05 Mbits/sec
[SUM]  0.0- 1.0 sec   896 KBytes  7.34 Mbits/sec
[  5]  1.0- 2.0 sec  0.00 Bytes  0.00 bits/sec
[  6]  1.0- 2.0 sec   128 KBytes  1.05 Mbits/sec
[SUM]  1.0- 2.0 sec   128 KBytes  1.05 Mbits/sec
[  6]  2.0- 3.0 sec  0.00 Bytes  0.00 bits/sec
[  4]  2.0- 3.0 sec   128 KBytes  1.05 Mbits/sec
[  5]  2.0- 3.0 sec   128 KBytes  1.05 Mbits/sec
[  3]  2.0- 3.0 sec   256 KBytes  2.10 Mbits/sec
[SUM]  2.0- 3.0 sec   512 KBytes  4.19 Mbits/sec
[  5]  3.0- 4.0 sec   256 KBytes  2.10 Mbits/sec
[  6]  3.0- 4.0 sec   256 KBytes  2.10 Mbits/sec
[  3]  3.0- 4.0 sec   128 KBytes  1.05 Mbits/sec
[  5]  4.0- 5.0 sec   256 KBytes  2.10 Mbits/sec
[  4]  3.0- 4.0 sec   256 KBytes  2.10 Mbits/sec
[SUM]  3.0- 4.0 sec   896 KBytes  7.34 Mbits/sec
[  6]  4.0- 5.0 sec   128 KBytes  1.05 Mbits/sec
[  3]  4.0- 5.0 sec   128 KBytes  1.05 Mbits/sec
[  4]  4.0- 5.0 sec   128 KBytes  1.05 Mbits/sec
[SUM]  4.0- 5.0 sec   640 KBytes  5.24 Mbits/sec
[  5]  5.0- 6.0 sec   384 KBytes  3.15 Mbits/sec
[  6]  5.0- 6.0 sec   256 KBytes  2.10 Mbits/sec
[  3]  5.0- 6.0 sec   256 KBytes  2.10 Mbits/sec
[  4]  5.0- 6.0 sec   256 KBytes  2.10 Mbits/sec
[SUM]  5.0- 6.0 sec  1.12 MBytes  9.44 Mbits/sec
[  4]  6.0- 7.0 sec   128 KBytes  1.05 Mbits/sec
[  5]  6.0- 7.0 sec   256 KBytes  2.10 Mbits/sec
[  6]  6.0- 7.0 sec   256 KBytes  2.10 Mbits/sec
[  3]  6.0- 7.0 sec   256 KBytes  2.10 Mbits/sec
[SUM]  6.0- 7.0 sec   896 KBytes  7.34 Mbits/sec
[  4]  7.0- 8.0 sec   768 KBytes  6.29 Mbits/sec
[  6]  7.0- 8.0 sec   768 KBytes  6.29 Mbits/sec
[  5]  7.0- 8.0 sec   896 KBytes  7.34 Mbits/sec
[  3]  7.0- 8.0 sec   768 KBytes  6.29 Mbits/sec
[SUM]  7.0- 8.0 sec  3.12 MBytes  26.2 Mbits/sec
[  3]  8.0- 9.0 sec   768 KBytes  6.29 Mbits/sec
[  4]  8.0- 9.0 sec   896 KBytes  7.34 Mbits/sec
[  6]  8.0- 9.0 sec   896 KBytes  7.34 Mbits/sec
[  6]  0.0- 9.2 sec  3.00 MBytes  2.73 Mbits/sec
[  3]  0.0- 9.2 sec  3.00 MBytes  2.72 Mbits/sec
[  5]  8.0- 9.0 sec  1.25 MBytes  10.5 Mbits/sec
[SUM]  8.0- 9.0 sec  3.75 MBytes  31.5 Mbits/sec
[  4]  0.0-10.0 sec  4.25 MBytes  3.58 Mbits/sec
[  5]  9.0-10.0 sec  3.00 MBytes  25.2 Mbits/sec
[  5]  0.0-10.0 sec  6.62 MBytes  5.55 Mbits/sec
[SUM]  0.0-10.0 sec  16.9 MBytes  14.1 Mbits/sec
