------------------------------------------------------------
Client connecting to 10.0.0.70, TCP port 5001
TCP window size: 86.2 KByte (default)
------------------------------------------------------------
[  6] local 10.0.0.43 port 51422 connected with 10.0.0.70 port 5001
[  3] local 10.0.0.43 port 51316 connected with 10.0.0.70 port 5001
[  4] local 10.0.0.43 port 51414 connected with 10.0.0.70 port 5001
[  5] local 10.0.0.43 port 51418 connected with 10.0.0.70 port 5001
[ ID] Interval       Transfer     Bandwidth
[  5]  0.0- 1.0 sec  1.25 MBytes  10.5 Mbits/sec
[  6]  0.0- 1.0 sec  3.25 MBytes  27.3 Mbits/sec
[  3]  0.0- 1.0 sec  1.88 MBytes  15.7 Mbits/sec
[  4]  0.0- 1.0 sec   768 KBytes  6.29 Mbits/sec
[SUM]  0.0- 1.0 sec  7.12 MBytes  59.8 Mbits/sec
[  5]  1.0- 2.0 sec   768 KBytes  6.29 Mbits/sec
[  6]  1.0- 2.0 sec  2.25 MBytes  18.9 Mbits/sec
[  3]  1.0- 2.0 sec  1.62 MBytes  13.6 Mbits/sec
[  4]  1.0- 2.0 sec   384 KBytes  3.15 Mbits/sec
[SUM]  1.0- 2.0 sec  5.00 MBytes  41.9 Mbits/sec
[  3]  2.0- 3.0 sec   896 KBytes  7.34 Mbits/sec
[  6]  2.0- 3.0 sec  1.88 MBytes  15.7 Mbits/sec
[  5]  2.0- 3.0 sec   768 KBytes  6.29 Mbits/sec
[  4]  2.0- 3.0 sec   384 KBytes  3.15 Mbits/sec
[SUM]  2.0- 3.0 sec  3.88 MBytes  32.5 Mbits/sec
[  6]  3.0- 4.0 sec  1.25 MBytes  10.5 Mbits/sec
[  5]  3.0- 4.0 sec   512 KBytes  4.19 Mbits/sec
[  3]  3.0- 4.0 sec  1.25 MBytes  10.5 Mbits/sec
[  4]  3.0- 4.0 sec   256 KBytes  2.10 Mbits/sec
[SUM]  3.0- 4.0 sec  3.25 MBytes  27.3 Mbits/sec
[  3]  4.0- 5.0 sec   896 KBytes  7.34 Mbits/sec
[  3]  0.0- 5.1 sec  6.62 MBytes  10.9 Mbits/sec
[  6]  4.0- 5.0 sec  1.75 MBytes  14.7 Mbits/sec
[  5]  4.0- 5.0 sec   768 KBytes  6.29 Mbits/sec
[  4]  4.0- 5.0 sec   128 KBytes  1.05 Mbits/sec
[SUM]  4.0- 5.0 sec  3.50 MBytes  29.4 Mbits/sec
[  4]  0.0- 5.5 sec  2.00 MBytes  3.04 Mbits/sec
[  5]  5.0- 6.0 sec   768 KBytes  6.29 Mbits/sec
[  6]  5.0- 6.0 sec  1.88 MBytes  15.7 Mbits/sec
[  5]  6.0- 7.0 sec  1.88 MBytes  15.7 Mbits/sec
[  6]  6.0- 7.0 sec  2.50 MBytes  21.0 Mbits/sec
[  6]  7.0- 8.0 sec  1.88 MBytes  15.7 Mbits/sec
[  5]  7.0- 8.0 sec  1.75 MBytes  14.7 Mbits/sec
[  5]  8.0- 9.0 sec  1.88 MBytes  15.7 Mbits/sec
[  6]  8.0- 9.0 sec  3.75 MBytes  31.5 Mbits/sec
[  5]  9.0-10.0 sec  1.25 MBytes  10.5 Mbits/sec
[  5]  0.0-10.1 sec  11.6 MBytes  9.63 Mbits/sec
[  6]  9.0-10.0 sec  3.12 MBytes  26.2 Mbits/sec
[  6]  0.0-10.3 sec  23.6 MBytes  19.3 Mbits/sec
[SUM]  0.0-10.3 sec  43.9 MBytes  35.8 Mbits/sec
