------------------------------------------------------------
Client connecting to 10.0.0.40, TCP port 5001
TCP window size: 86.2 KByte (default)
------------------------------------------------------------
[  6] local 10.0.0.46 port 50440 connected with 10.0.0.40 port 5001
[  3] local 10.0.0.46 port 50094 connected with 10.0.0.40 port 5001
[  4] local 10.0.0.46 port 50426 connected with 10.0.0.40 port 5001
[  5] local 10.0.0.46 port 50436 connected with 10.0.0.40 port 5001
[ ID] Interval       Transfer     Bandwidth
[  5]  0.0- 1.0 sec  1.12 MBytes  9.44 Mbits/sec
[  4]  0.0- 1.0 sec  1.50 MBytes  12.6 Mbits/sec
[  3]  0.0- 1.0 sec  2.00 MBytes  16.8 Mbits/sec
[  6]  0.0- 1.0 sec  1.00 MBytes  8.39 Mbits/sec
[SUM]  0.0- 1.0 sec  5.62 MBytes  47.2 Mbits/sec
[  5]  1.0- 2.0 sec  1.00 MBytes  8.39 Mbits/sec
[  3]  1.0- 2.0 sec  1.12 MBytes  9.44 Mbits/sec
[  6]  1.0- 2.0 sec   384 KBytes  3.15 Mbits/sec
[  4]  1.0- 2.0 sec   768 KBytes  6.29 Mbits/sec
[SUM]  1.0- 2.0 sec  3.25 MBytes  27.3 Mbits/sec
[  4]  2.0- 3.0 sec   640 KBytes  5.24 Mbits/sec
[  3]  2.0- 3.0 sec  1.12 MBytes  9.44 Mbits/sec
[  5]  2.0- 3.0 sec  1.50 MBytes  12.6 Mbits/sec
[  6]  2.0- 3.0 sec   384 KBytes  3.15 Mbits/sec
[SUM]  2.0- 3.0 sec  3.62 MBytes  30.4 Mbits/sec
[  5]  3.0- 4.0 sec   768 KBytes  6.29 Mbits/sec
[  4]  3.0- 4.0 sec   768 KBytes  6.29 Mbits/sec
[  6]  3.0- 4.0 sec   384 KBytes  3.15 Mbits/sec
[  3]  3.0- 4.0 sec  1.12 MBytes  9.44 Mbits/sec
[SUM]  3.0- 4.0 sec  3.00 MBytes  25.2 Mbits/sec
[  5]  4.0- 5.0 sec  1.12 MBytes  9.44 Mbits/sec
[  6]  4.0- 5.0 sec   384 KBytes  3.15 Mbits/sec
[  3]  4.0- 5.0 sec  1.12 MBytes  9.44 Mbits/sec
[  4]  4.0- 5.0 sec   896 KBytes  7.34 Mbits/sec
[SUM]  4.0- 5.0 sec  3.50 MBytes  29.4 Mbits/sec
[  3]  0.0- 6.0 sec  7.00 MBytes  9.80 Mbits/sec
[  6]  5.0- 6.0 sec   384 KBytes  3.15 Mbits/sec
[  5]  5.0- 6.0 sec   768 KBytes  6.29 Mbits/sec
[  4]  5.0- 6.0 sec   512 KBytes  4.19 Mbits/sec
[  5]  6.0- 7.0 sec   768 KBytes  6.29 Mbits/sec
[  4]  6.0- 7.0 sec   896 KBytes  7.34 Mbits/sec
[  4]  7.0- 8.0 sec  1.88 MBytes  15.7 Mbits/sec
[  5]  7.0- 8.0 sec  1.88 MBytes  15.7 Mbits/sec
[  6]  6.0- 7.0 sec   640 KBytes  5.24 Mbits/sec
[  6]  7.0- 8.0 sec   128 KBytes  1.05 Mbits/sec
[  5]  8.0- 9.0 sec  1.50 MBytes  12.6 Mbits/sec
[  4]  8.0- 9.0 sec  1.75 MBytes  14.7 Mbits/sec
[  6]  8.0- 9.0 sec   384 KBytes  3.15 Mbits/sec
[  4]  9.0-10.0 sec  2.12 MBytes  17.8 Mbits/sec
[  4]  0.0-10.0 sec  11.8 MBytes  9.81 Mbits/sec
[  5]  9.0-10.0 sec  2.12 MBytes  17.8 Mbits/sec
[  5]  0.0-10.2 sec  12.6 MBytes  10.3 Mbits/sec
[  6]  9.0-10.0 sec   256 KBytes  2.10 Mbits/sec
[  6]  0.0-10.6 sec  4.38 MBytes  3.46 Mbits/sec
[SUM]  0.0-10.6 sec  35.8 MBytes  28.3 Mbits/sec
