------------------------------------------------------------
Client connecting to 10.0.0.79, TCP port 5001
TCP window size: 86.2 KByte (default)
------------------------------------------------------------
[  4] local 10.0.0.53 port 35074 connected with 10.0.0.79 port 5001
[  3] local 10.0.0.53 port 34998 connected with 10.0.0.79 port 5001
[  6] local 10.0.0.53 port 35078 connected with 10.0.0.79 port 5001
[  5] local 10.0.0.53 port 35076 connected with 10.0.0.79 port 5001
[ ID] Interval       Transfer     Bandwidth
[  6]  0.0- 1.0 sec   896 KBytes  7.34 Mbits/sec
[  4]  0.0- 1.0 sec   896 KBytes  7.34 Mbits/sec
[  5]  0.0- 1.0 sec   896 KBytes  7.34 Mbits/sec
[  3]  0.0- 1.0 sec   512 KBytes  4.19 Mbits/sec
[SUM]  0.0- 1.0 sec  3.12 MBytes  26.2 Mbits/sec
[  6]  1.0- 2.0 sec  1.50 MBytes  12.6 Mbits/sec
[  5]  1.0- 2.0 sec   640 KBytes  5.24 Mbits/sec
[  4]  1.0- 2.0 sec   640 KBytes  5.24 Mbits/sec
[  3]  1.0- 2.0 sec   384 KBytes  3.15 Mbits/sec
[SUM]  1.0- 2.0 sec  3.12 MBytes  26.2 Mbits/sec
[  3]  0.0- 2.8 sec  1.00 MBytes  3.03 Mbits/sec
[  6]  2.0- 3.0 sec  1.62 MBytes  13.6 Mbits/sec
[  4]  2.0- 3.0 sec   384 KBytes  3.15 Mbits/sec
[  5]  2.0- 3.0 sec   384 KBytes  3.15 Mbits/sec
[  6]  3.0- 4.0 sec  2.50 MBytes  21.0 Mbits/sec
[  5]  3.0- 4.0 sec   256 KBytes  2.10 Mbits/sec
[  4]  3.0- 4.0 sec   256 KBytes  2.10 Mbits/sec
[  6]  4.0- 5.0 sec  2.00 MBytes  16.8 Mbits/sec
[  4]  4.0- 5.0 sec   384 KBytes  3.15 Mbits/sec
[  5]  4.0- 5.0 sec   384 KBytes  3.15 Mbits/sec
[  6]  5.0- 6.0 sec  2.12 MBytes  17.8 Mbits/sec
[  5]  5.0- 6.0 sec   256 KBytes  2.10 Mbits/sec
[  4]  5.0- 6.0 sec   256 KBytes  2.10 Mbits/sec
[  6]  6.0- 7.0 sec  1.50 MBytes  12.6 Mbits/sec
[  5]  6.0- 7.0 sec   384 KBytes  3.15 Mbits/sec
[  5]  7.0- 8.0 sec   512 KBytes  4.19 Mbits/sec
[  6]  7.0- 8.0 sec  1.25 MBytes  10.5 Mbits/sec
[  4]  6.0- 7.0 sec   256 KBytes  2.10 Mbits/sec
[  4]  7.0- 8.0 sec   128 KBytes  1.05 Mbits/sec
[  6]  8.0- 9.0 sec  1.12 MBytes  9.44 Mbits/sec
[  5]  8.0- 9.0 sec   768 KBytes  6.29 Mbits/sec
[  4]  8.0- 9.0 sec   256 KBytes  2.10 Mbits/sec
[  6]  9.0-10.0 sec  1.12 MBytes  9.44 Mbits/sec
[  6]  0.0-10.2 sec  15.8 MBytes  13.0 Mbits/sec
[  5]  9.0-10.0 sec   768 KBytes  6.29 Mbits/sec
[  5]  0.0-10.2 sec  5.25 MBytes  4.30 Mbits/sec
[  4]  9.0-10.0 sec   384 KBytes  3.15 Mbits/sec
[  4]  0.0-10.4 sec  3.88 MBytes  3.13 Mbits/sec
[SUM]  0.0-10.4 sec  25.9 MBytes  20.9 Mbits/sec
