------------------------------------------------------------
Client connecting to 10.0.0.33, TCP port 5001
TCP window size: 86.2 KByte (default)
------------------------------------------------------------
[  6] local 10.0.0.55 port 48278 connected with 10.0.0.33 port 5001
[  3] local 10.0.0.55 port 48270 connected with 10.0.0.33 port 5001
[  4] local 10.0.0.55 port 48274 connected with 10.0.0.33 port 5001
[  5] local 10.0.0.55 port 48276 connected with 10.0.0.33 port 5001
[ ID] Interval       Transfer     Bandwidth
[  6]  0.0- 1.0 sec   512 KBytes  4.19 Mbits/sec
[  4]  0.0- 1.0 sec   512 KBytes  4.19 Mbits/sec
[  3]  0.0- 1.0 sec  1.50 MBytes  12.6 Mbits/sec
[  5]  0.0- 1.0 sec   640 KBytes  5.24 Mbits/sec
[SUM]  0.0- 1.0 sec  3.12 MBytes  26.2 Mbits/sec
[  4]  1.0- 2.0 sec  1.50 MBytes  12.6 Mbits/sec
[  6]  1.0- 2.0 sec  2.00 MBytes  16.8 Mbits/sec
[  6]  2.0- 3.0 sec  0.00 Bytes  0.00 bits/sec
[  5]  1.0- 2.0 sec   128 KBytes  1.05 Mbits/sec
[  4]  2.0- 3.0 sec   384 KBytes  3.15 Mbits/sec
[  5]  2.0- 3.0 sec   128 KBytes  1.05 Mbits/sec
[  3]  1.0- 2.0 sec  5.25 MBytes  44.0 Mbits/sec
[SUM]  1.0- 2.0 sec  8.88 MBytes  74.4 Mbits/sec
[  3]  2.0- 3.0 sec  0.00 Bytes  0.00 bits/sec
[SUM]  2.0- 3.0 sec   512 KBytes  4.19 Mbits/sec
[  4]  3.0- 4.0 sec   512 KBytes  4.19 Mbits/sec
[  5]  3.0- 4.0 sec   256 KBytes  2.10 Mbits/sec
[  3]  3.0- 4.0 sec  1.62 MBytes  13.6 Mbits/sec
[  4]  4.0- 5.0 sec  1.38 MBytes  11.5 Mbits/sec
[  6]  3.0- 4.0 sec  1.50 MBytes  12.6 Mbits/sec
[SUM]  3.0- 4.0 sec  3.88 MBytes  32.5 Mbits/sec
[  6]  4.0- 5.0 sec  0.00 Bytes  0.00 bits/sec
[  5]  4.0- 5.0 sec   384 KBytes  3.15 Mbits/sec
[  3]  4.0- 5.0 sec  1.75 MBytes  14.7 Mbits/sec
[SUM]  4.0- 5.0 sec  3.50 MBytes  29.4 Mbits/sec
[  4]  5.0- 6.0 sec  2.25 MBytes  18.9 Mbits/sec
[  5]  5.0- 6.0 sec   640 KBytes  5.24 Mbits/sec
[  3]  5.0- 6.0 sec  3.50 MBytes  29.4 Mbits/sec
[  6]  5.0- 6.0 sec  1.38 MBytes  11.5 Mbits/sec
[SUM]  5.0- 6.0 sec  7.75 MBytes  65.0 Mbits/sec
[  4]  6.0- 7.0 sec  2.38 MBytes  19.9 Mbits/sec
[  3]  6.0- 7.0 sec  3.50 MBytes  29.4 Mbits/sec
[  6]  6.0- 7.0 sec   640 KBytes  5.24 Mbits/sec
[  5]  6.0- 7.0 sec   768 KBytes  6.29 Mbits/sec
[SUM]  6.0- 7.0 sec  7.25 MBytes  60.8 Mbits/sec
[  4]  7.0- 8.0 sec  2.25 MBytes  18.9 Mbits/sec
[  3]  7.0- 8.0 sec  3.50 MBytes  29.4 Mbits/sec
[  5]  7.0- 8.0 sec   640 KBytes  5.24 Mbits/sec
[  6]  7.0- 8.0 sec  1.38 MBytes  11.5 Mbits/sec
[SUM]  7.0- 8.0 sec  7.75 MBytes  65.0 Mbits/sec
[  3]  8.0- 9.0 sec  3.50 MBytes  29.4 Mbits/sec
[  4]  8.0- 9.0 sec  2.88 MBytes  24.1 Mbits/sec
[  5]  8.0- 9.0 sec   640 KBytes  5.24 Mbits/sec
[  6]  8.0- 9.0 sec  1.38 MBytes  11.5 Mbits/sec
[SUM]  8.0- 9.0 sec  8.38 MBytes  70.3 Mbits/sec
[  3]  0.0- 9.8 sec  27.8 MBytes  23.8 Mbits/sec
[  4]  0.0- 9.8 sec  15.8 MBytes  13.5 Mbits/sec
[  5]  0.0- 9.8 sec  4.88 MBytes  4.15 Mbits/sec
[  6]  9.0-10.0 sec  1.38 MBytes  11.5 Mbits/sec
[  6]  0.0-10.3 sec  10.2 MBytes  8.34 Mbits/sec
[SUM]  0.0-10.3 sec  58.6 MBytes  47.7 Mbits/sec
