------------------------------------------------------------
Client connecting to 10.0.0.81, TCP port 5001
TCP window size: 86.2 KByte (default)
------------------------------------------------------------
[  6] local 10.0.0.58 port 39926 connected with 10.0.0.81 port 5001
[  3] local 10.0.0.58 port 39360 connected with 10.0.0.81 port 5001
[  4] local 10.0.0.58 port 39364 connected with 10.0.0.81 port 5001
[  5] local 10.0.0.58 port 39426 connected with 10.0.0.81 port 5001
[ ID] Interval       Transfer     Bandwidth
[  3]  0.0- 1.0 sec  1.12 MBytes  9.44 Mbits/sec
[  4]  0.0- 1.0 sec  1.62 MBytes  13.6 Mbits/sec
[  5]  0.0- 1.0 sec  1.62 MBytes  13.6 Mbits/sec
[  6]  0.0- 1.0 sec  1.00 MBytes  8.39 Mbits/sec
[SUM]  0.0- 1.0 sec  5.38 MBytes  45.1 Mbits/sec
[  4]  1.0- 2.0 sec   896 KBytes  7.34 Mbits/sec
[  5]  1.0- 2.0 sec   896 KBytes  7.34 Mbits/sec
[  3]  1.0- 2.0 sec  3.25 MBytes  27.3 Mbits/sec
[  6]  1.0- 2.0 sec   512 KBytes  4.19 Mbits/sec
[SUM]  1.0- 2.0 sec  5.50 MBytes  46.1 Mbits/sec
[  4]  2.0- 3.0 sec  1.00 MBytes  8.39 Mbits/sec
[  3]  2.0- 3.0 sec  2.25 MBytes  18.9 Mbits/sec
[  6]  2.0- 3.0 sec   384 KBytes  3.15 Mbits/sec
[  5]  2.0- 3.0 sec  1.00 MBytes  8.39 Mbits/sec
[SUM]  2.0- 3.0 sec  4.62 MBytes  38.8 Mbits/sec
[  3]  3.0- 4.0 sec  1.62 MBytes  13.6 Mbits/sec
[  4]  3.0- 4.0 sec   640 KBytes  5.24 Mbits/sec
[  6]  3.0- 4.0 sec   384 KBytes  3.15 Mbits/sec
[  5]  3.0- 4.0 sec   640 KBytes  5.24 Mbits/sec
[SUM]  3.0- 4.0 sec  3.25 MBytes  27.3 Mbits/sec
[  4]  4.0- 5.0 sec   640 KBytes  5.24 Mbits/sec
[  3]  4.0- 5.0 sec  2.38 MBytes  19.9 Mbits/sec
[  6]  4.0- 5.0 sec   384 KBytes  3.15 Mbits/sec
[  5]  4.0- 5.0 sec   640 KBytes  5.24 Mbits/sec
[SUM]  4.0- 5.0 sec  4.00 MBytes  33.6 Mbits/sec
[  3]  5.0- 6.0 sec  1.62 MBytes  13.6 Mbits/sec
[  5]  5.0- 6.0 sec   640 KBytes  5.24 Mbits/sec
[  6]  5.0- 6.0 sec   384 KBytes  3.15 Mbits/sec
[  4]  5.0- 6.0 sec   896 KBytes  7.34 Mbits/sec
[SUM]  5.0- 6.0 sec  3.50 MBytes  29.4 Mbits/sec
[  5]  6.0- 7.0 sec   256 KBytes  2.10 Mbits/sec
[  4]  6.0- 7.0 sec   384 KBytes  3.15 Mbits/sec
[  3]  6.0- 7.0 sec  1.62 MBytes  13.6 Mbits/sec
[  6]  6.0- 7.0 sec   256 KBytes  2.10 Mbits/sec
[SUM]  6.0- 7.0 sec  2.50 MBytes  21.0 Mbits/sec
[  5]  7.0- 8.0 sec   640 KBytes  5.24 Mbits/sec
[  3]  7.0- 8.0 sec  1.62 MBytes  13.6 Mbits/sec
[  4]  7.0- 8.0 sec   640 KBytes  5.24 Mbits/sec
[  3]  0.0- 8.3 sec  16.4 MBytes  16.5 Mbits/sec
[  5]  0.0- 8.3 sec  6.75 MBytes  6.78 Mbits/sec
[  4]  0.0- 8.4 sec  7.00 MBytes  7.00 Mbits/sec
[  6]  7.0- 8.0 sec   384 KBytes  3.15 Mbits/sec
[SUM]  7.0- 8.0 sec  3.25 MBytes  27.3 Mbits/sec
[  6]  8.0- 9.0 sec   384 KBytes  3.15 Mbits/sec
[  6]  9.0-10.0 sec  4.38 MBytes  36.7 Mbits/sec
[  6]  0.0-10.1 sec  8.50 MBytes  7.03 Mbits/sec
[SUM]  0.0-10.1 sec  38.6 MBytes  31.9 Mbits/sec
