------------------------------------------------------------
Client connecting to 10.0.0.90, TCP port 5001
TCP window size: 86.2 KByte (default)
------------------------------------------------------------
[  6] local 10.0.0.60 port 49302 connected with 10.0.0.90 port 5001
[  3] local 10.0.0.60 port 49292 connected with 10.0.0.90 port 5001
[  4] local 10.0.0.60 port 49296 connected with 10.0.0.90 port 5001
[  5] local 10.0.0.60 port 49298 connected with 10.0.0.90 port 5001
[ ID] Interval       Transfer     Bandwidth
[  3]  0.0- 1.0 sec  3.75 MBytes  31.5 Mbits/sec
[  4]  0.0- 1.0 sec  3.38 MBytes  28.3 Mbits/sec
[  5]  0.0- 1.0 sec   896 KBytes  7.34 Mbits/sec
[  6]  0.0- 1.0 sec   768 KBytes  6.29 Mbits/sec
[SUM]  0.0- 1.0 sec  8.75 MBytes  73.4 Mbits/sec
[  4]  1.0- 2.0 sec  3.38 MBytes  28.3 Mbits/sec
[  5]  1.0- 2.0 sec   384 KBytes  3.15 Mbits/sec
[  3]  1.0- 2.0 sec  3.12 MBytes  26.2 Mbits/sec
[  6]  1.0- 2.0 sec   384 KBytes  3.15 Mbits/sec
[SUM]  1.0- 2.0 sec  7.25 MBytes  60.8 Mbits/sec
[  4]  2.0- 3.0 sec  1.62 MBytes  13.6 Mbits/sec
[  3]  2.0- 3.0 sec  1.25 MBytes  10.5 Mbits/sec
[  6]  2.0- 3.0 sec   384 KBytes  3.15 Mbits/sec
[  5]  2.0- 3.0 sec   512 KBytes  4.19 Mbits/sec
[SUM]  2.0- 3.0 sec  3.75 MBytes  31.5 Mbits/sec
[  6]  3.0- 4.0 sec   512 KBytes  4.19 Mbits/sec
[  3]  3.0- 4.0 sec  1.12 MBytes  9.44 Mbits/sec
[  4]  3.0- 4.0 sec  2.38 MBytes  19.9 Mbits/sec
[  5]  3.0- 4.0 sec   512 KBytes  4.19 Mbits/sec
[SUM]  3.0- 4.0 sec  4.50 MBytes  37.7 Mbits/sec
[  3]  4.0- 5.0 sec  1.12 MBytes  9.44 Mbits/sec
[  6]  4.0- 5.0 sec   384 KBytes  3.15 Mbits/sec
[  4]  4.0- 5.0 sec  1.62 MBytes  13.6 Mbits/sec
[  5]  4.0- 5.0 sec   384 KBytes  3.15 Mbits/sec
[SUM]  4.0- 5.0 sec  3.50 MBytes  29.4 Mbits/sec
[  6]  5.0- 6.0 sec   384 KBytes  3.15 Mbits/sec
[  4]  5.0- 6.0 sec  1.62 MBytes  13.6 Mbits/sec
[  5]  5.0- 6.0 sec   384 KBytes  3.15 Mbits/sec
[  3]  5.0- 6.0 sec  1.75 MBytes  14.7 Mbits/sec
[SUM]  5.0- 6.0 sec  4.12 MBytes  34.6 Mbits/sec
[  6]  6.0- 7.0 sec   384 KBytes  3.15 Mbits/sec
[  4]  6.0- 7.0 sec  1.62 MBytes  13.6 Mbits/sec
[  4]  0.0- 7.3 sec  15.8 MBytes  18.2 Mbits/sec
[  3]  6.0- 7.0 sec  1.12 MBytes  9.44 Mbits/sec
[  3]  0.0- 7.4 sec  13.4 MBytes  15.1 Mbits/sec
[  5]  6.0- 7.0 sec   384 KBytes  3.15 Mbits/sec
[SUM]  6.0- 7.0 sec  3.50 MBytes  29.4 Mbits/sec
[  5]  7.0- 8.0 sec   512 KBytes  4.19 Mbits/sec
[  6]  7.0- 8.0 sec   640 KBytes  5.24 Mbits/sec
[  5]  8.0- 9.0 sec  3.00 MBytes  25.2 Mbits/sec
[  6]  8.0- 9.0 sec  2.25 MBytes  18.9 Mbits/sec
[  5]  9.0-10.0 sec  3.25 MBytes  27.3 Mbits/sec
[  5]  0.0-10.1 sec  10.2 MBytes  8.48 Mbits/sec
[  6]  9.0-10.0 sec  1.75 MBytes  14.7 Mbits/sec
[  6]  0.0-10.2 sec  7.88 MBytes  6.49 Mbits/sec
[SUM]  0.0-10.2 sec  47.2 MBytes  38.9 Mbits/sec
