------------------------------------------------------------
Client connecting to 10.0.0.38, TCP port 5001
TCP window size: 86.2 KByte (default)
------------------------------------------------------------
[  3] local 10.0.0.61 port 33412 connected with 10.0.0.38 port 5001
[  4] local 10.0.0.61 port 33416 connected with 10.0.0.38 port 5001
[  5] local 10.0.0.61 port 33638 connected with 10.0.0.38 port 5001
[  6] local 10.0.0.61 port 33976 connected with 10.0.0.38 port 5001
[ ID] Interval       Transfer     Bandwidth
[  3]  0.0- 1.0 sec   768 KBytes  6.29 Mbits/sec
[  4]  0.0- 1.0 sec  1.12 MBytes  9.44 Mbits/sec
[  5]  0.0- 1.0 sec   896 KBytes  7.34 Mbits/sec
[  6]  0.0- 1.0 sec  1.50 MBytes  12.6 Mbits/sec
[SUM]  0.0- 1.0 sec  4.25 MBytes  35.7 Mbits/sec
[  5]  1.0- 2.0 sec  1.00 MBytes  8.39 Mbits/sec
[  3]  1.0- 2.0 sec  1.00 MBytes  8.39 Mbits/sec
[  4]  1.0- 2.0 sec  2.12 MBytes  17.8 Mbits/sec
[  6]  1.0- 2.0 sec   768 KBytes  6.29 Mbits/sec
[SUM]  1.0- 2.0 sec  4.88 MBytes  40.9 Mbits/sec
[  3]  2.0- 3.0 sec   896 KBytes  7.34 Mbits/sec
[  4]  2.0- 3.0 sec  1.75 MBytes  14.7 Mbits/sec
[  5]  2.0- 3.0 sec   768 KBytes  6.29 Mbits/sec
[  6]  2.0- 3.0 sec   768 KBytes  6.29 Mbits/sec
[SUM]  2.0- 3.0 sec  4.12 MBytes  34.6 Mbits/sec
[  3]  3.0- 4.0 sec   640 KBytes  5.24 Mbits/sec
[  4]  3.0- 4.0 sec  1.00 MBytes  8.39 Mbits/sec
[  6]  3.0- 4.0 sec   512 KBytes  4.19 Mbits/sec
[  5]  3.0- 4.0 sec   512 KBytes  4.19 Mbits/sec
[SUM]  3.0- 4.0 sec  2.62 MBytes  22.0 Mbits/sec
[  3]  4.0- 5.0 sec  1.00 MBytes  8.39 Mbits/sec
[  4]  4.0- 5.0 sec  1.50 MBytes  12.6 Mbits/sec
[  5]  4.0- 5.0 sec   384 KBytes  3.15 Mbits/sec
[  6]  4.0- 5.0 sec  1.00 MBytes  8.39 Mbits/sec
[SUM]  4.0- 5.0 sec  3.88 MBytes  32.5 Mbits/sec
[  3]  5.0- 6.0 sec   768 KBytes  6.29 Mbits/sec
[  4]  5.0- 6.0 sec  1.00 MBytes  8.39 Mbits/sec
[  4]  0.0- 6.2 sec  8.62 MBytes  11.7 Mbits/sec
[  5]  5.0- 6.0 sec   512 KBytes  4.19 Mbits/sec
[  5]  0.0- 6.4 sec  4.12 MBytes  5.39 Mbits/sec
[  6]  5.0- 6.0 sec   512 KBytes  4.19 Mbits/sec
[SUM]  5.0- 6.0 sec  2.75 MBytes  23.1 Mbits/sec
[  6]  0.0- 6.5 sec  5.12 MBytes  6.66 Mbits/sec
[  3]  6.0- 7.0 sec   768 KBytes  6.29 Mbits/sec
[  3]  7.0- 8.0 sec  7.75 MBytes  65.0 Mbits/sec
[  3]  8.0- 9.0 sec  4.88 MBytes  40.9 Mbits/sec
[  3]  9.0-10.0 sec  5.00 MBytes  41.9 Mbits/sec
[  3]  0.0-10.4 sec  23.5 MBytes  19.0 Mbits/sec
[SUM]  0.0-10.4 sec  41.4 MBytes  33.5 Mbits/sec
