------------------------------------------------------------
Client connecting to 10.0.0.56, TCP port 5001
TCP window size: 86.2 KByte (default)
------------------------------------------------------------
[  6] local 10.0.0.62 port 36948 connected with 10.0.0.56 port 5001
[  4] local 10.0.0.62 port 36598 connected with 10.0.0.56 port 5001
[  5] local 10.0.0.62 port 36600 connected with 10.0.0.56 port 5001
[  3] local 10.0.0.62 port 36354 connected with 10.0.0.56 port 5001
[ ID] Interval       Transfer     Bandwidth
[  4]  0.0- 1.0 sec   384 KBytes  3.15 Mbits/sec
[  3]  0.0- 1.0 sec   256 KBytes  2.10 Mbits/sec
[  4]  1.0- 2.0 sec   256 KBytes  2.10 Mbits/sec
[  3]  1.0- 2.0 sec   256 KBytes  2.10 Mbits/sec
[  4]  2.0- 3.0 sec   384 KBytes  3.15 Mbits/sec
[  5]  0.0- 1.0 sec   384 KBytes  3.15 Mbits/sec
[  5]  1.0- 2.0 sec  0.00 Bytes  0.00 bits/sec
[  6]  0.0- 1.0 sec   256 KBytes  2.10 Mbits/sec
[SUM]  0.0- 1.0 sec  1.25 MBytes  10.5 Mbits/sec
[  6]  1.0- 2.0 sec  0.00 Bytes  0.00 bits/sec
[SUM]  1.0- 2.0 sec   512 KBytes  4.19 Mbits/sec
[  3]  2.0- 3.0 sec   256 KBytes  2.10 Mbits/sec
[  5]  2.0- 3.0 sec   128 KBytes  1.05 Mbits/sec
[  3]  3.0- 4.0 sec   256 KBytes  2.10 Mbits/sec
[  4]  3.0- 4.0 sec   256 KBytes  2.10 Mbits/sec
[  4]  4.0- 5.0 sec   128 KBytes  1.05 Mbits/sec
[  6]  2.0- 3.0 sec   128 KBytes  1.05 Mbits/sec
[SUM]  2.0- 3.0 sec   896 KBytes  7.34 Mbits/sec
[  3]  4.0- 5.0 sec   128 KBytes  1.05 Mbits/sec
[  5]  3.0- 4.0 sec   128 KBytes  1.05 Mbits/sec
[  6]  3.0- 4.0 sec   128 KBytes  1.05 Mbits/sec
[SUM]  3.0- 4.0 sec   768 KBytes  6.29 Mbits/sec
[  6]  4.0- 5.0 sec  0.00 Bytes  0.00 bits/sec
[  5]  4.0- 5.0 sec   128 KBytes  1.05 Mbits/sec
[SUM]  4.0- 5.0 sec   384 KBytes  3.15 Mbits/sec
[  6]  5.0- 6.0 sec   128 KBytes  1.05 Mbits/sec
[  4]  5.0- 6.0 sec   256 KBytes  2.10 Mbits/sec
[  3]  5.0- 6.0 sec   256 KBytes  2.10 Mbits/sec
[  5]  5.0- 6.0 sec   128 KBytes  1.05 Mbits/sec
[SUM]  5.0- 6.0 sec   768 KBytes  6.29 Mbits/sec
[  3]  6.0- 7.0 sec   256 KBytes  2.10 Mbits/sec
[  5]  6.0- 7.0 sec   128 KBytes  1.05 Mbits/sec
[  6]  6.0- 7.0 sec   256 KBytes  2.10 Mbits/sec
[  4]  6.0- 7.0 sec   384 KBytes  3.15 Mbits/sec
[SUM]  6.0- 7.0 sec  1.00 MBytes  8.39 Mbits/sec
[  4]  0.0- 9.6 sec  2.12 MBytes  1.85 Mbits/sec
[  5]  7.0- 8.0 sec   128 KBytes  1.05 Mbits/sec
[  5]  0.0- 9.7 sec  1.25 MBytes  1.08 Mbits/sec
[  6]  7.0- 8.0 sec   128 KBytes  1.05 Mbits/sec
[  6]  8.0- 9.0 sec   128 KBytes  1.05 Mbits/sec
[  3]  7.0- 8.0 sec   256 KBytes  2.10 Mbits/sec
[  3]  0.0-10.1 sec  2.00 MBytes  1.67 Mbits/sec
[  6]  9.0-10.0 sec   256 KBytes  2.10 Mbits/sec
[  6]  0.0-11.1 sec  1.50 MBytes  1.14 Mbits/sec
[SUM]  0.0-11.1 sec  6.88 MBytes  5.22 Mbits/sec
