------------------------------------------------------------
Client connecting to 10.0.0.16, TCP port 5001
TCP window size: 86.2 KByte (default)
------------------------------------------------------------
[  6] local 10.0.0.66 port 55772 connected with 10.0.0.16 port 5001
[  3] local 10.0.0.66 port 55556 connected with 10.0.0.16 port 5001
[  4] local 10.0.0.66 port 55562 connected with 10.0.0.16 port 5001
[  5] local 10.0.0.66 port 55768 connected with 10.0.0.16 port 5001
[ ID] Interval       Transfer     Bandwidth
[  3]  0.0- 1.0 sec  2.75 MBytes  23.1 Mbits/sec
[  4]  0.0- 1.0 sec  4.88 MBytes  40.9 Mbits/sec
[  6]  0.0- 1.0 sec  2.75 MBytes  23.1 Mbits/sec
[  5]  0.0- 1.0 sec  2.25 MBytes  18.9 Mbits/sec
[SUM]  0.0- 1.0 sec  12.6 MBytes   106 Mbits/sec
[  5]  1.0- 2.0 sec  1.25 MBytes  10.5 Mbits/sec
[  6]  1.0- 2.0 sec  1.50 MBytes  12.6 Mbits/sec
[  4]  1.0- 2.0 sec  4.62 MBytes  38.8 Mbits/sec
[  3]  1.0- 2.0 sec  2.00 MBytes  16.8 Mbits/sec
[SUM]  1.0- 2.0 sec  9.38 MBytes  78.6 Mbits/sec
[  4]  2.0- 3.0 sec  3.25 MBytes  27.3 Mbits/sec
[  6]  2.0- 3.0 sec  1.62 MBytes  13.6 Mbits/sec
[  5]  2.0- 3.0 sec  1.25 MBytes  10.5 Mbits/sec
[  3]  2.0- 3.0 sec  1.62 MBytes  13.6 Mbits/sec
[SUM]  2.0- 3.0 sec  7.75 MBytes  65.0 Mbits/sec
[  6]  3.0- 4.0 sec  1.12 MBytes  9.44 Mbits/sec
[  4]  3.0- 4.0 sec  3.25 MBytes  27.3 Mbits/sec
[  5]  3.0- 4.0 sec   896 KBytes  7.34 Mbits/sec
[  3]  3.0- 4.0 sec  1.38 MBytes  11.5 Mbits/sec
[SUM]  3.0- 4.0 sec  6.62 MBytes  55.6 Mbits/sec
[  5]  4.0- 5.0 sec   640 KBytes  5.24 Mbits/sec
[  4]  4.0- 5.0 sec  2.38 MBytes  19.9 Mbits/sec
[  6]  4.0- 5.0 sec  1.12 MBytes  9.44 Mbits/sec
[  3]  4.0- 5.0 sec  1.12 MBytes  9.44 Mbits/sec
[SUM]  4.0- 5.0 sec  5.25 MBytes  44.0 Mbits/sec
[  3]  5.0- 6.0 sec   768 KBytes  6.29 Mbits/sec
[  5]  5.0- 6.0 sec   896 KBytes  7.34 Mbits/sec
[  4]  5.0- 6.0 sec  2.50 MBytes  21.0 Mbits/sec
[  6]  5.0- 6.0 sec  1.00 MBytes  8.39 Mbits/sec
[SUM]  5.0- 6.0 sec  5.12 MBytes  43.0 Mbits/sec
[  4]  6.0- 7.0 sec  1.62 MBytes  13.6 Mbits/sec
[  6]  6.0- 7.0 sec   768 KBytes  6.29 Mbits/sec
[  3]  6.0- 7.0 sec  1.38 MBytes  11.5 Mbits/sec
[  5]  6.0- 7.0 sec  1.00 MBytes  8.39 Mbits/sec
[SUM]  6.0- 7.0 sec  4.75 MBytes  39.8 Mbits/sec
[  5]  7.0- 8.0 sec   256 KBytes  2.10 Mbits/sec
[  6]  7.0- 8.0 sec   768 KBytes  6.29 Mbits/sec
[  4]  7.0- 8.0 sec  2.38 MBytes  19.9 Mbits/sec
[  3]  7.0- 8.0 sec   896 KBytes  7.34 Mbits/sec
[SUM]  7.0- 8.0 sec  4.25 MBytes  35.7 Mbits/sec
[  6]  8.0- 9.0 sec  1.12 MBytes  9.44 Mbits/sec
[  3]  8.0- 9.0 sec   896 KBytes  7.34 Mbits/sec
[  3]  0.0- 9.3 sec  12.9 MBytes  11.6 Mbits/sec
[  5]  8.0- 9.0 sec  1.00 MBytes  8.39 Mbits/sec
[  4]  8.0- 9.0 sec  2.50 MBytes  21.0 Mbits/sec
[SUM]  8.0- 9.0 sec  5.50 MBytes  46.1 Mbits/sec
[  4]  0.0- 9.5 sec  27.5 MBytes  24.3 Mbits/sec
[  6]  9.0-10.0 sec   768 KBytes  6.29 Mbits/sec
[  6]  0.0-10.3 sec  12.6 MBytes  10.3 Mbits/sec
[  5]  9.0-10.0 sec   640 KBytes  5.24 Mbits/sec
[  5]  0.0-10.4 sec  10.1 MBytes  8.20 Mbits/sec
[SUM]  0.0-10.4 sec  63.1 MBytes  51.1 Mbits/sec
