------------------------------------------------------------
Client connecting to 10.0.0.18, TCP port 5001
TCP window size: 86.2 KByte (default)
------------------------------------------------------------
[  6] local 10.0.0.67 port 35684 connected with 10.0.0.18 port 5001
[  5] local 10.0.0.67 port 35682 connected with 10.0.0.18 port 5001
[  4] local 10.0.0.67 port 35680 connected with 10.0.0.18 port 5001
[  3] local 10.0.0.67 port 35634 connected with 10.0.0.18 port 5001
[ ID] Interval       Transfer     Bandwidth
[  5]  0.0- 1.0 sec   128 KBytes  1.05 Mbits/sec
[  6]  0.0- 1.0 sec   128 KBytes  1.05 Mbits/sec
[  6]  1.0- 2.0 sec   128 KBytes  1.05 Mbits/sec
[  4]  0.0- 1.0 sec   128 KBytes  1.05 Mbits/sec
[  3]  0.0- 1.0 sec   128 KBytes  1.05 Mbits/sec
[SUM]  0.0- 1.0 sec   512 KBytes  4.19 Mbits/sec
[  5]  1.0- 2.0 sec   128 KBytes  1.05 Mbits/sec
[  5]  2.0- 3.0 sec   128 KBytes  1.05 Mbits/sec
[  6]  2.0- 3.0 sec   640 KBytes  5.24 Mbits/sec
[  4]  1.0- 2.0 sec   128 KBytes  1.05 Mbits/sec
[  3]  1.0- 2.0 sec   128 KBytes  1.05 Mbits/sec
[SUM]  1.0- 2.0 sec   512 KBytes  4.19 Mbits/sec
[  4]  2.0- 3.0 sec   128 KBytes  1.05 Mbits/sec
[  3]  2.0- 3.0 sec   128 KBytes  1.05 Mbits/sec
[SUM]  2.0- 3.0 sec  1.00 MBytes  8.39 Mbits/sec
[  6]  3.0- 4.0 sec  6.62 MBytes  55.6 Mbits/sec
[  4]  3.0- 4.0 sec   256 KBytes  2.10 Mbits/sec
[  3]  3.0- 4.0 sec   256 KBytes  2.10 Mbits/sec
[  6]  4.0- 5.0 sec  4.25 MBytes  35.7 Mbits/sec
[  5]  3.0- 4.0 sec   384 KBytes  3.15 Mbits/sec
[SUM]  3.0- 4.0 sec  7.50 MBytes  62.9 Mbits/sec
[  5]  4.0- 5.0 sec   128 KBytes  1.05 Mbits/sec
[  3]  4.0- 5.0 sec   128 KBytes  1.05 Mbits/sec
[  6]  5.0- 6.0 sec  11.4 MBytes  95.4 Mbits/sec
[  4]  4.0- 5.0 sec   256 KBytes  2.10 Mbits/sec
[SUM]  4.0- 5.0 sec  4.75 MBytes  39.8 Mbits/sec
[  4]  5.0- 6.0 sec  0.00 Bytes  0.00 bits/sec
[  3]  5.0- 6.0 sec   128 KBytes  1.05 Mbits/sec
[  6]  6.0- 7.0 sec  5.25 MBytes  44.0 Mbits/sec
[  4]  6.0- 7.0 sec   128 KBytes  1.05 Mbits/sec
[  3]  6.0- 7.0 sec   128 KBytes  1.05 Mbits/sec
[  6]  7.0- 8.0 sec  5.25 MBytes  44.0 Mbits/sec
[  5]  5.0- 6.0 sec   256 KBytes  2.10 Mbits/sec
[SUM]  5.0- 6.0 sec  11.8 MBytes  98.6 Mbits/sec
[  5]  6.0- 7.0 sec  0.00 Bytes  0.00 bits/sec
[SUM]  6.0- 7.0 sec  5.50 MBytes  46.1 Mbits/sec
[  5]  0.0- 9.0 sec  1.25 MBytes  1.16 Mbits/sec
[  4]  7.0- 8.0 sec   128 KBytes  1.05 Mbits/sec
[  4]  0.0- 9.6 sec  1.25 MBytes  1.09 Mbits/sec
[  3]  7.0- 8.0 sec   128 KBytes  1.05 Mbits/sec
[  6]  8.0- 9.0 sec  5.38 MBytes  45.1 Mbits/sec
[  6]  9.0-10.0 sec  0.00 Bytes  0.00 bits/sec
[  6]  0.0-10.0 sec  39.1 MBytes  32.7 Mbits/sec
[  3]  8.0- 9.0 sec   128 KBytes  1.05 Mbits/sec
[  3]  9.0-10.0 sec   128 KBytes  1.05 Mbits/sec
[  3]  0.0-11.3 sec  1.50 MBytes  1.11 Mbits/sec
[SUM]  0.0-11.3 sec  43.1 MBytes  32.1 Mbits/sec
