------------------------------------------------------------
Client connecting to 10.0.0.57, TCP port 5001
TCP window size: 86.2 KByte (default)
------------------------------------------------------------
[  4] local 10.0.0.73 port 36344 connected with 10.0.0.57 port 5001
[  3] local 10.0.0.73 port 36340 connected with 10.0.0.57 port 5001
[  5] local 10.0.0.73 port 36550 connected with 10.0.0.57 port 5001
[  6] local 10.0.0.73 port 36552 connected with 10.0.0.57 port 5001
[ ID] Interval       Transfer     Bandwidth
[  5]  0.0- 1.0 sec   768 KBytes  6.29 Mbits/sec
[  6]  0.0- 1.0 sec   768 KBytes  6.29 Mbits/sec
[  3]  0.0- 1.0 sec   768 KBytes  6.29 Mbits/sec
[  4]  0.0- 1.0 sec   768 KBytes  6.29 Mbits/sec
[SUM]  0.0- 1.0 sec  3.00 MBytes  25.2 Mbits/sec
[  5]  1.0- 2.0 sec  1.75 MBytes  14.7 Mbits/sec
[  4]  1.0- 2.0 sec   512 KBytes  4.19 Mbits/sec
[  6]  1.0- 2.0 sec   512 KBytes  4.19 Mbits/sec
[  3]  1.0- 2.0 sec   512 KBytes  4.19 Mbits/sec
[SUM]  1.0- 2.0 sec  3.25 MBytes  27.3 Mbits/sec
[  5]  2.0- 3.0 sec  2.38 MBytes  19.9 Mbits/sec
[  6]  2.0- 3.0 sec   256 KBytes  2.10 Mbits/sec
[  4]  2.0- 3.0 sec   384 KBytes  3.15 Mbits/sec
[  3]  2.0- 3.0 sec   384 KBytes  3.15 Mbits/sec
[SUM]  2.0- 3.0 sec  3.38 MBytes  28.3 Mbits/sec
[  5]  3.0- 4.0 sec  3.62 MBytes  30.4 Mbits/sec
[  4]  3.0- 4.0 sec  1.38 MBytes  11.5 Mbits/sec
[  3]  3.0- 4.0 sec   256 KBytes  2.10 Mbits/sec
[  6]  3.0- 4.0 sec   384 KBytes  3.15 Mbits/sec
[SUM]  3.0- 4.0 sec  5.62 MBytes  47.2 Mbits/sec
[  5]  4.0- 5.0 sec  2.25 MBytes  18.9 Mbits/sec
[  4]  4.0- 5.0 sec   384 KBytes  3.15 Mbits/sec
[  6]  4.0- 5.0 sec   384 KBytes  3.15 Mbits/sec
[  3]  4.0- 5.0 sec   256 KBytes  2.10 Mbits/sec
[SUM]  4.0- 5.0 sec  3.25 MBytes  27.3 Mbits/sec
[  5]  5.0- 6.0 sec  1.88 MBytes  15.7 Mbits/sec
[  6]  5.0- 6.0 sec   768 KBytes  6.29 Mbits/sec
[  4]  5.0- 6.0 sec  1.00 MBytes  8.39 Mbits/sec
[  3]  5.0- 6.0 sec   256 KBytes  2.10 Mbits/sec
[SUM]  5.0- 6.0 sec  3.88 MBytes  32.5 Mbits/sec
[  4]  6.0- 7.0 sec   384 KBytes  3.15 Mbits/sec
[  5]  6.0- 7.0 sec  1.62 MBytes  13.6 Mbits/sec
[  3]  6.0- 7.0 sec   256 KBytes  2.10 Mbits/sec
[  3]  0.0- 7.5 sec  2.75 MBytes  3.08 Mbits/sec
[  6]  6.0- 7.0 sec   512 KBytes  4.19 Mbits/sec
[SUM]  6.0- 7.0 sec  2.75 MBytes  23.1 Mbits/sec
[  4]  7.0- 8.0 sec   512 KBytes  4.19 Mbits/sec
[  5]  7.0- 8.0 sec   384 KBytes  3.15 Mbits/sec
[  6]  7.0- 8.0 sec   256 KBytes  2.10 Mbits/sec
[  5]  8.0- 9.0 sec   384 KBytes  3.15 Mbits/sec
[  4]  8.0- 9.0 sec   384 KBytes  3.15 Mbits/sec
[  6]  8.0- 9.0 sec   256 KBytes  2.10 Mbits/sec
[  6]  0.0- 9.8 sec  4.38 MBytes  3.76 Mbits/sec
[  5]  0.0- 9.9 sec  15.5 MBytes  13.1 Mbits/sec
[  4]  9.0-10.0 sec   896 KBytes  7.34 Mbits/sec
[  4]  0.0-10.6 sec  6.62 MBytes  5.23 Mbits/sec
[SUM]  0.0-10.6 sec  29.2 MBytes  23.1 Mbits/sec
