------------------------------------------------------------
Client connecting to 10.0.0.37, TCP port 5001
TCP window size: 86.2 KByte (default)
------------------------------------------------------------
[  6] local 10.0.0.74 port 43338 connected with 10.0.0.37 port 5001
[  3] local 10.0.0.74 port 43332 connected with 10.0.0.37 port 5001
[  4] local 10.0.0.74 port 43334 connected with 10.0.0.37 port 5001
[  5] local 10.0.0.74 port 43336 connected with 10.0.0.37 port 5001
[ ID] Interval       Transfer     Bandwidth
[  4]  0.0- 1.0 sec  2.00 MBytes  16.8 Mbits/sec
[  3]  0.0- 1.0 sec  4.00 MBytes  33.6 Mbits/sec
[  5]  0.0- 1.0 sec  1.38 MBytes  11.5 Mbits/sec
[  6]  0.0- 1.0 sec   768 KBytes  6.29 Mbits/sec
[SUM]  0.0- 1.0 sec  8.12 MBytes  68.2 Mbits/sec
[  4]  1.0- 2.0 sec  1.62 MBytes  13.6 Mbits/sec
[  3]  1.0- 2.0 sec  4.00 MBytes  33.6 Mbits/sec
[  5]  1.0- 2.0 sec   640 KBytes  5.24 Mbits/sec
[  6]  1.0- 2.0 sec   512 KBytes  4.19 Mbits/sec
[SUM]  1.0- 2.0 sec  6.75 MBytes  56.6 Mbits/sec
[  3]  2.0- 3.0 sec  2.12 MBytes  17.8 Mbits/sec
[  4]  2.0- 3.0 sec   896 KBytes  7.34 Mbits/sec
[  6]  2.0- 3.0 sec   384 KBytes  3.15 Mbits/sec
[  5]  2.0- 3.0 sec   512 KBytes  4.19 Mbits/sec
[SUM]  2.0- 3.0 sec  3.88 MBytes  32.5 Mbits/sec
[  4]  3.0- 4.0 sec   896 KBytes  7.34 Mbits/sec
[  3]  3.0- 4.0 sec  3.12 MBytes  26.2 Mbits/sec
[  6]  3.0- 4.0 sec   384 KBytes  3.15 Mbits/sec
[  5]  3.0- 4.0 sec   384 KBytes  3.15 Mbits/sec
[SUM]  3.0- 4.0 sec  4.75 MBytes  39.8 Mbits/sec
[  5]  4.0- 5.0 sec   256 KBytes  2.10 Mbits/sec
[  3]  4.0- 5.0 sec  2.25 MBytes  18.9 Mbits/sec
[  4]  4.0- 5.0 sec   896 KBytes  7.34 Mbits/sec
[  6]  4.0- 5.0 sec   512 KBytes  4.19 Mbits/sec
[SUM]  4.0- 5.0 sec  3.88 MBytes  32.5 Mbits/sec
[  4]  5.0- 6.0 sec   896 KBytes  7.34 Mbits/sec
[  5]  5.0- 6.0 sec   512 KBytes  4.19 Mbits/sec
[  6]  5.0- 6.0 sec   256 KBytes  2.10 Mbits/sec
[  3]  5.0- 6.0 sec  3.25 MBytes  27.3 Mbits/sec
[SUM]  5.0- 6.0 sec  4.88 MBytes  40.9 Mbits/sec
[  4]  6.0- 7.0 sec   896 KBytes  7.34 Mbits/sec
[  6]  6.0- 7.0 sec   512 KBytes  4.19 Mbits/sec
[  3]  6.0- 7.0 sec  2.12 MBytes  17.8 Mbits/sec
[  5]  6.0- 7.0 sec   512 KBytes  4.19 Mbits/sec
[SUM]  6.0- 7.0 sec  4.00 MBytes  33.6 Mbits/sec
[  3]  7.0- 8.0 sec  2.25 MBytes  18.9 Mbits/sec
[  4]  7.0- 8.0 sec  1.38 MBytes  11.5 Mbits/sec
[  5]  7.0- 8.0 sec   384 KBytes  3.15 Mbits/sec
[  6]  7.0- 8.0 sec   640 KBytes  5.24 Mbits/sec
[SUM]  7.0- 8.0 sec  4.62 MBytes  38.8 Mbits/sec
[  6]  8.0- 9.0 sec   128 KBytes  1.05 Mbits/sec
[  5]  8.0- 9.0 sec   256 KBytes  2.10 Mbits/sec
[  3]  8.0- 9.0 sec  3.25 MBytes  27.3 Mbits/sec
[  4]  8.0- 9.0 sec   896 KBytes  7.34 Mbits/sec
[SUM]  8.0- 9.0 sec  4.50 MBytes  37.7 Mbits/sec
[  3]  9.0-10.0 sec  2.12 MBytes  17.8 Mbits/sec
[  3]  0.0-10.1 sec  28.6 MBytes  23.7 Mbits/sec
[  6]  9.0-10.0 sec   384 KBytes  3.15 Mbits/sec
[  6]  0.0-10.2 sec  4.50 MBytes  3.70 Mbits/sec
[  4]  9.0-10.0 sec   896 KBytes  7.34 Mbits/sec
[  4]  0.0-10.6 sec  11.2 MBytes  8.94 Mbits/sec
[  5]  9.0-10.0 sec   512 KBytes  4.19 Mbits/sec
[SUM]  9.0-10.0 sec  3.88 MBytes  32.5 Mbits/sec
[  5]  0.0-11.0 sec  5.38 MBytes  4.11 Mbits/sec
[SUM]  0.0-11.0 sec  49.8 MBytes  38.0 Mbits/sec
