------------------------------------------------------------
Client connecting to 10.0.0.66, TCP port 5001
TCP window size: 86.2 KByte (default)
------------------------------------------------------------
[  6] local 10.0.0.76 port 51838 connected with 10.0.0.66 port 5001
[  3] local 10.0.0.76 port 51262 connected with 10.0.0.66 port 5001
[  4] local 10.0.0.76 port 51266 connected with 10.0.0.66 port 5001
[  5] local 10.0.0.76 port 51750 connected with 10.0.0.66 port 5001
[ ID] Interval       Transfer     Bandwidth
[  6]  0.0- 1.0 sec  2.75 MBytes  23.1 Mbits/sec
[  3]  0.0- 1.0 sec  4.38 MBytes  36.7 Mbits/sec
[  4]  0.0- 1.0 sec  3.38 MBytes  28.3 Mbits/sec
[  5]  0.0- 1.0 sec  3.00 MBytes  25.2 Mbits/sec
[SUM]  0.0- 1.0 sec  13.5 MBytes   113 Mbits/sec
[  3]  1.0- 2.0 sec  2.88 MBytes  24.1 Mbits/sec
[  6]  1.0- 2.0 sec  1.88 MBytes  15.7 Mbits/sec
[  4]  1.0- 2.0 sec  2.00 MBytes  16.8 Mbits/sec
[  5]  1.0- 2.0 sec  1.88 MBytes  15.7 Mbits/sec
[SUM]  1.0- 2.0 sec  8.62 MBytes  72.4 Mbits/sec
[  5]  2.0- 3.0 sec  1.25 MBytes  10.5 Mbits/sec
[  4]  2.0- 3.0 sec  1.50 MBytes  12.6 Mbits/sec
[  3]  2.0- 3.0 sec  3.00 MBytes  25.2 Mbits/sec
[  6]  2.0- 3.0 sec  1.88 MBytes  15.7 Mbits/sec
[SUM]  2.0- 3.0 sec  7.62 MBytes  64.0 Mbits/sec
[  6]  3.0- 4.0 sec  1.00 MBytes  8.39 Mbits/sec
[  5]  3.0- 4.0 sec  1.38 MBytes  11.5 Mbits/sec
[  4]  3.0- 4.0 sec  1.50 MBytes  12.6 Mbits/sec
[  3]  3.0- 4.0 sec  2.25 MBytes  18.9 Mbits/sec
[SUM]  3.0- 4.0 sec  6.12 MBytes  51.4 Mbits/sec
[  3]  4.0- 5.0 sec  1.50 MBytes  12.6 Mbits/sec
[  4]  4.0- 5.0 sec   896 KBytes  7.34 Mbits/sec
[  5]  4.0- 5.0 sec  1.25 MBytes  10.5 Mbits/sec
[  6]  4.0- 5.0 sec  1.50 MBytes  12.6 Mbits/sec
[SUM]  4.0- 5.0 sec  5.12 MBytes  43.0 Mbits/sec
[  3]  5.0- 6.0 sec  1.50 MBytes  12.6 Mbits/sec
[  4]  5.0- 6.0 sec  1.00 MBytes  8.39 Mbits/sec
[  5]  5.0- 6.0 sec  1.00 MBytes  8.39 Mbits/sec
[  6]  5.0- 6.0 sec  1.00 MBytes  8.39 Mbits/sec
[SUM]  5.0- 6.0 sec  4.50 MBytes  37.7 Mbits/sec
[  6]  6.0- 7.0 sec   384 KBytes  3.15 Mbits/sec
[  3]  6.0- 7.0 sec  1.50 MBytes  12.6 Mbits/sec
[  4]  6.0- 7.0 sec  1.00 MBytes  8.39 Mbits/sec
[  5]  6.0- 7.0 sec   896 KBytes  7.34 Mbits/sec
[SUM]  6.0- 7.0 sec  3.75 MBytes  31.5 Mbits/sec
[  5]  7.0- 8.0 sec   512 KBytes  4.19 Mbits/sec
[  3]  7.0- 8.0 sec  1.50 MBytes  12.6 Mbits/sec
[  6]  7.0- 8.0 sec  1.00 MBytes  8.39 Mbits/sec
[  4]  7.0- 8.0 sec  1.00 MBytes  8.39 Mbits/sec
[SUM]  7.0- 8.0 sec  4.00 MBytes  33.6 Mbits/sec
[  5]  8.0- 9.0 sec   896 KBytes  7.34 Mbits/sec
[  3]  8.0- 9.0 sec  1.50 MBytes  12.6 Mbits/sec
[  3]  0.0- 9.2 sec  20.1 MBytes  18.4 Mbits/sec
[  4]  8.0- 9.0 sec  1.00 MBytes  8.39 Mbits/sec
[  4]  0.0- 9.3 sec  13.4 MBytes  12.1 Mbits/sec
[  6]  8.0- 9.0 sec  1.00 MBytes  8.39 Mbits/sec
[SUM]  8.0- 9.0 sec  4.38 MBytes  36.7 Mbits/sec
[  6]  9.0-10.0 sec   512 KBytes  4.19 Mbits/sec
[  6]  0.0-10.0 sec  13.0 MBytes  10.9 Mbits/sec
[  5]  9.0-10.0 sec   896 KBytes  7.34 Mbits/sec
[  5]  0.0-10.3 sec  13.0 MBytes  10.6 Mbits/sec
[SUM]  0.0-10.3 sec  59.5 MBytes  48.6 Mbits/sec
