------------------------------------------------------------
Client connecting to 10.0.0.1, TCP port 5001
TCP window size: 86.2 KByte (default)
------------------------------------------------------------
[  6] local 10.0.0.80 port 59656 connected with 10.0.0.1 port 5001
[  3] local 10.0.0.80 port 58978 connected with 10.0.0.1 port 5001
[  4] local 10.0.0.80 port 59652 connected with 10.0.0.1 port 5001
[  5] local 10.0.0.80 port 59654 connected with 10.0.0.1 port 5001
[ ID] Interval       Transfer     Bandwidth
[  4]  0.0- 1.0 sec  2.12 MBytes  17.8 Mbits/sec
[  3]  0.0- 1.0 sec  2.12 MBytes  17.8 Mbits/sec
[  3]  1.0- 2.0 sec  3.75 MBytes  31.5 Mbits/sec
[  4]  1.0- 2.0 sec  4.12 MBytes  34.6 Mbits/sec
[  4]  2.0- 3.0 sec  1.88 MBytes  15.7 Mbits/sec
[  3]  2.0- 3.0 sec  2.62 MBytes  22.0 Mbits/sec
[  4]  3.0- 4.0 sec  2.12 MBytes  17.8 Mbits/sec
[  3]  3.0- 4.0 sec  2.25 MBytes  18.9 Mbits/sec
[  4]  4.0- 5.0 sec  2.75 MBytes  23.1 Mbits/sec
[  3]  4.0- 5.0 sec  3.00 MBytes  25.2 Mbits/sec
[  3]  5.0- 6.0 sec  1.50 MBytes  12.6 Mbits/sec
[  4]  5.0- 6.0 sec  2.12 MBytes  17.8 Mbits/sec
[  3]  6.0- 7.0 sec  2.25 MBytes  18.9 Mbits/sec
[  4]  6.0- 7.0 sec  2.12 MBytes  17.8 Mbits/sec
[  3]  0.0- 7.4 sec  18.4 MBytes  20.8 Mbits/sec
[  4]  7.0- 8.0 sec  1.50 MBytes  12.6 Mbits/sec
[  4]  8.0- 9.0 sec  6.12 MBytes  51.4 Mbits/sec
[  4]  9.0-10.0 sec  5.75 MBytes  48.2 Mbits/sec
[  4]  0.0-10.1 sec  30.8 MBytes  25.5 Mbits/sec
[SUM]  0.0-10.1 sec  53.4 MBytes  44.3 Mbits/sec
[  5]  0.0- 1.0 sec   128 KBytes  1.05 Mbits/sec
[  5]  1.0- 2.0 sec  0.00 Bytes  0.00 bits/sec
[  5]  2.0- 3.0 sec  0.00 Bytes  0.00 bits/sec
[  5]  3.0- 4.0 sec  0.00 Bytes  0.00 bits/sec
[  5]  4.0- 5.0 sec  0.00 Bytes  0.00 bits/sec
[  5]  5.0- 6.0 sec  0.00 Bytes  0.00 bits/sec
[  5]  6.0- 7.0 sec  0.00 Bytes  0.00 bits/sec
[  5]  7.0- 8.0 sec  0.00 Bytes  0.00 bits/sec
[  5]  8.0- 9.0 sec  0.00 Bytes  0.00 bits/sec
[  5]  9.0-10.0 sec  0.00 Bytes  0.00 bits/sec
[  5] 10.0-11.0 sec  0.00 Bytes  0.00 bits/sec
[  5] 11.0-12.0 sec  0.00 Bytes  0.00 bits/sec
[  5] 12.0-13.0 sec  0.00 Bytes  0.00 bits/sec
[  5] 13.0-14.0 sec  0.00 Bytes  0.00 bits/sec
[  5] 14.0-15.0 sec  0.00 Bytes  0.00 bits/sec
[  5] 15.0-16.0 sec  0.00 Bytes  0.00 bits/sec
[  5] 16.0-17.0 sec  0.00 Bytes  0.00 bits/sec
[  5] 17.0-18.0 sec  0.00 Bytes  0.00 bits/sec
[  5] 18.0-19.0 sec  0.00 Bytes  0.00 bits/sec
[  5] 19.0-20.0 sec  0.00 Bytes  0.00 bits/sec
[  5] 20.0-21.0 sec  0.00 Bytes  0.00 bits/sec
[  5] 21.0-22.0 sec  0.00 Bytes  0.00 bits/sec
[  5]  0.0-22.3 sec   256 KBytes  94.1 Kbits/sec
[  6]  0.0- 1.0 sec   512 KBytes  4.19 Mbits/sec
[  6]  1.0- 2.0 sec  0.00 Bytes  0.00 bits/sec
[SUM]  1.0- 2.0 sec  7.88 MBytes  66.1 Mbits/sec
[  6]  2.0- 3.0 sec  0.00 Bytes  0.00 bits/sec
[SUM]  2.0- 3.0 sec  4.50 MBytes  37.7 Mbits/sec
[  6]  3.0- 4.0 sec  0.00 Bytes  0.00 bits/sec
[SUM]  3.0- 4.0 sec  4.38 MBytes  36.7 Mbits/sec
[  6]  4.0- 5.0 sec  0.00 Bytes  0.00 bits/sec
[  6]  5.0- 6.0 sec  0.00 Bytes  0.00 bits/sec
[  6]  6.0- 7.0 sec  0.00 Bytes  0.00 bits/sec
[  6]  7.0- 8.0 sec  0.00 Bytes  0.00 bits/sec
[  6]  8.0- 9.0 sec  0.00 Bytes  0.00 bits/sec
[  6]  9.0-10.0 sec  0.00 Bytes  0.00 bits/sec
[  6] 10.0-11.0 sec  0.00 Bytes  0.00 bits/sec
[  6] 11.0-12.0 sec  0.00 Bytes  0.00 bits/sec
[  6] 12.0-13.0 sec  0.00 Bytes  0.00 bits/sec
[  6] 13.0-14.0 sec  0.00 Bytes  0.00 bits/sec
[  6] 14.0-15.0 sec  0.00 Bytes  0.00 bits/sec
[  6] 15.0-16.0 sec  0.00 Bytes  0.00 bits/sec
[  6] 16.0-17.0 sec  0.00 Bytes  0.00 bits/sec
[  6] 17.0-18.0 sec  0.00 Bytes  0.00 bits/sec
[  6] 18.0-19.0 sec  0.00 Bytes  0.00 bits/sec
[  6] 19.0-20.0 sec  0.00 Bytes  0.00 bits/sec
[  6] 20.0-21.0 sec  0.00 Bytes  0.00 bits/sec
[  6] 21.0-22.0 sec  0.00 Bytes  0.00 bits/sec
[  6]  0.0-22.3 sec   640 KBytes   235 Kbits/sec
[SUM]  0.0-22.3 sec  1.50 MBytes   564 Kbits/sec
