------------------------------------------------------------
Client connecting to 10.0.0.78, TCP port 5001
TCP window size: 86.2 KByte (default)
------------------------------------------------------------
[  6] local 10.0.0.81 port 38714 connected with 10.0.0.78 port 5001
[  3] local 10.0.0.81 port 38708 connected with 10.0.0.78 port 5001
[  4] local 10.0.0.81 port 38710 connected with 10.0.0.78 port 5001
[  5] local 10.0.0.81 port 38712 connected with 10.0.0.78 port 5001
[ ID] Interval       Transfer     Bandwidth
[  4]  0.0- 1.0 sec  1.50 MBytes  12.6 Mbits/sec
[  5]  0.0- 1.0 sec  2.12 MBytes  17.8 Mbits/sec
[  6]  0.0- 1.0 sec  1.00 MBytes  8.39 Mbits/sec
[  3]  0.0- 1.0 sec  1.62 MBytes  13.6 Mbits/sec
[SUM]  0.0- 1.0 sec  6.25 MBytes  52.4 Mbits/sec
[  6]  1.0- 2.0 sec  1.12 MBytes  9.44 Mbits/sec
[  4]  1.0- 2.0 sec  1.50 MBytes  12.6 Mbits/sec
[  3]  1.0- 2.0 sec   896 KBytes  7.34 Mbits/sec
[  5]  1.0- 2.0 sec  1.50 MBytes  12.6 Mbits/sec
[SUM]  1.0- 2.0 sec  5.00 MBytes  41.9 Mbits/sec
[  6]  2.0- 3.0 sec   768 KBytes  6.29 Mbits/sec
[  5]  2.0- 3.0 sec  1.12 MBytes  9.44 Mbits/sec
[  4]  2.0- 3.0 sec  1.50 MBytes  12.6 Mbits/sec
[  3]  2.0- 3.0 sec  1.00 MBytes  8.39 Mbits/sec
[SUM]  2.0- 3.0 sec  4.38 MBytes  36.7 Mbits/sec
[  5]  3.0- 4.0 sec   768 KBytes  6.29 Mbits/sec
[  4]  3.0- 4.0 sec   768 KBytes  6.29 Mbits/sec
[  6]  3.0- 4.0 sec   768 KBytes  6.29 Mbits/sec
[  3]  3.0- 4.0 sec   640 KBytes  5.24 Mbits/sec
[SUM]  3.0- 4.0 sec  2.88 MBytes  24.1 Mbits/sec
[  5]  4.0- 5.0 sec  1.12 MBytes  9.44 Mbits/sec
[  4]  4.0- 5.0 sec  1.12 MBytes  9.44 Mbits/sec
[  6]  4.0- 5.0 sec   768 KBytes  6.29 Mbits/sec
[  3]  4.0- 5.0 sec   896 KBytes  7.34 Mbits/sec
[SUM]  4.0- 5.0 sec  3.88 MBytes  32.5 Mbits/sec
[  6]  5.0- 6.0 sec   512 KBytes  4.19 Mbits/sec
[  5]  5.0- 6.0 sec  1.12 MBytes  9.44 Mbits/sec
[  3]  5.0- 6.0 sec   640 KBytes  5.24 Mbits/sec
[  3]  0.0- 6.3 sec  5.75 MBytes  7.68 Mbits/sec
[  4]  5.0- 6.0 sec  1.12 MBytes  9.44 Mbits/sec
[SUM]  5.0- 6.0 sec  3.38 MBytes  28.3 Mbits/sec
[  4]  0.0- 6.3 sec  7.62 MBytes  10.1 Mbits/sec
[  5]  0.0- 6.5 sec  8.25 MBytes  10.6 Mbits/sec
[  6]  6.0- 7.0 sec   768 KBytes  6.29 Mbits/sec
[  6]  7.0- 8.0 sec  6.75 MBytes  56.6 Mbits/sec
[  6]  8.0- 9.0 sec  6.12 MBytes  51.4 Mbits/sec
[  6]  9.0-10.0 sec  3.12 MBytes  26.2 Mbits/sec
[  6]  0.0-10.1 sec  21.8 MBytes  18.1 Mbits/sec
[SUM]  0.0-10.1 sec  43.4 MBytes  36.1 Mbits/sec
