------------------------------------------------------------
Client connecting to 10.0.0.5, TCP port 5001
TCP window size: 86.2 KByte (default)
------------------------------------------------------------
[  6] local 10.0.0.82 port 55380 connected with 10.0.0.5 port 5001
[  3] local 10.0.0.82 port 54876 connected with 10.0.0.5 port 5001
[  4] local 10.0.0.82 port 54924 connected with 10.0.0.5 port 5001
[  5] local 10.0.0.82 port 54926 connected with 10.0.0.5 port 5001
[ ID] Interval       Transfer     Bandwidth
[  5]  0.0- 1.0 sec  1.38 MBytes  11.5 Mbits/sec
[  6]  0.0- 1.0 sec  1.38 MBytes  11.5 Mbits/sec
[  3]  0.0- 1.0 sec  1.25 MBytes  10.5 Mbits/sec
[  4]  0.0- 1.0 sec  1.38 MBytes  11.5 Mbits/sec
[SUM]  0.0- 1.0 sec  5.38 MBytes  45.1 Mbits/sec
[  3]  1.0- 2.0 sec   512 KBytes  4.19 Mbits/sec
[  4]  1.0- 2.0 sec   512 KBytes  4.19 Mbits/sec
[  5]  1.0- 2.0 sec  1.00 MBytes  8.39 Mbits/sec
[  6]  1.0- 2.0 sec   768 KBytes  6.29 Mbits/sec
[SUM]  1.0- 2.0 sec  2.75 MBytes  23.1 Mbits/sec
[  6]  2.0- 3.0 sec   768 KBytes  6.29 Mbits/sec
[  3]  2.0- 3.0 sec  1.25 MBytes  10.5 Mbits/sec
[  5]  2.0- 3.0 sec  1.25 MBytes  10.5 Mbits/sec
[  4]  2.0- 3.0 sec  1.00 MBytes  8.39 Mbits/sec
[SUM]  2.0- 3.0 sec  4.25 MBytes  35.7 Mbits/sec
[  3]  0.0- 3.3 sec  3.50 MBytes  8.84 Mbits/sec
[  5]  3.0- 4.0 sec  1.12 MBytes  9.44 Mbits/sec
[  4]  3.0- 4.0 sec   768 KBytes  6.29 Mbits/sec
[  6]  3.0- 4.0 sec  1.00 MBytes  8.39 Mbits/sec
[  4]  4.0- 5.0 sec   768 KBytes  6.29 Mbits/sec
[  6]  4.0- 5.0 sec  1.38 MBytes  11.5 Mbits/sec
[  5]  4.0- 5.0 sec  4.00 MBytes  33.6 Mbits/sec
[  6]  5.0- 6.0 sec  1.00 MBytes  8.39 Mbits/sec
[  4]  5.0- 6.0 sec   640 KBytes  5.24 Mbits/sec
[  5]  5.0- 6.0 sec  2.00 MBytes  16.8 Mbits/sec
[  6]  6.0- 7.0 sec   512 KBytes  4.19 Mbits/sec
[  5]  6.0- 7.0 sec  1.12 MBytes  9.44 Mbits/sec
[  4]  6.0- 7.0 sec   640 KBytes  5.24 Mbits/sec
[  6]  7.0- 8.0 sec  1.12 MBytes  9.44 Mbits/sec
[  4]  7.0- 8.0 sec   384 KBytes  3.15 Mbits/sec
[  4]  0.0- 8.4 sec  6.12 MBytes  6.15 Mbits/sec
[  5]  7.0- 8.0 sec  3.38 MBytes  28.3 Mbits/sec
[  5]  8.0- 9.0 sec  0.00 Bytes  0.00 bits/sec
[  5]  0.0- 9.4 sec  15.4 MBytes  13.7 Mbits/sec
[  6]  8.0- 9.0 sec   640 KBytes  5.24 Mbits/sec
[  6]  9.0-10.0 sec   512 KBytes  4.19 Mbits/sec
[  6] 10.0-11.0 sec  0.00 Bytes  0.00 bits/sec
[  6]  0.0-11.3 sec  9.12 MBytes  6.75 Mbits/sec
[SUM]  0.0-11.3 sec  34.1 MBytes  25.2 Mbits/sec
