------------------------------------------------------------
Client connecting to 10.0.0.12, TCP port 5001
TCP window size: 85.3 KByte (default)
------------------------------------------------------------
[  8] local 10.0.0.10 port 35322 connected with 10.0.0.12 port 5001
[  3] local 10.0.0.10 port 35200 connected with 10.0.0.12 port 5001
[  4] local 10.0.0.10 port 35306 connected with 10.0.0.12 port 5001
[  5] local 10.0.0.10 port 35310 connected with 10.0.0.12 port 5001
[  6] local 10.0.0.10 port 35314 connected with 10.0.0.12 port 5001
[  7] local 10.0.0.10 port 35318 connected with 10.0.0.12 port 5001
[ ID] Interval       Transfer     Bandwidth
[  7]  0.0- 1.0 sec   128 KBytes  1.05 Mbits/sec
[  4]  0.0- 1.0 sec   128 KBytes  1.05 Mbits/sec
[  5]  0.0- 1.0 sec   128 KBytes  1.05 Mbits/sec
[  6]  0.0- 1.0 sec   128 KBytes  1.05 Mbits/sec
[  8]  0.0- 1.0 sec   128 KBytes  1.05 Mbits/sec
[  3]  0.0- 1.0 sec   128 KBytes  1.05 Mbits/sec
[SUM]  0.0- 1.0 sec   768 KBytes  6.29 Mbits/sec
[  7]  1.0- 2.0 sec   128 KBytes  1.05 Mbits/sec
[  6]  1.0- 2.0 sec   128 KBytes  1.05 Mbits/sec
[  4]  1.0- 2.0 sec   128 KBytes  1.05 Mbits/sec
[  5]  1.0- 2.0 sec   128 KBytes  1.05 Mbits/sec
[  8]  1.0- 2.0 sec   128 KBytes  1.05 Mbits/sec
[  3]  1.0- 2.0 sec   128 KBytes  1.05 Mbits/sec
[SUM]  1.0- 2.0 sec   768 KBytes  6.29 Mbits/sec
[  8]  2.0- 3.0 sec   128 KBytes  1.05 Mbits/sec
[  4]  2.0- 3.0 sec   128 KBytes  1.05 Mbits/sec
[  5]  2.0- 3.0 sec   128 KBytes  1.05 Mbits/sec
[  3]  2.0- 3.0 sec   128 KBytes  1.05 Mbits/sec
[  7]  2.0- 3.0 sec   256 KBytes  2.10 Mbits/sec
[  6]  2.0- 3.0 sec   256 KBytes  2.10 Mbits/sec
[SUM]  2.0- 3.0 sec  1.00 MBytes  8.39 Mbits/sec
[  4]  3.0- 4.0 sec   256 KBytes  2.10 Mbits/sec
[  7]  3.0- 4.0 sec   128 KBytes  1.05 Mbits/sec
[  6]  3.0- 4.0 sec   128 KBytes  1.05 Mbits/sec
[  5]  3.0- 4.0 sec   256 KBytes  2.10 Mbits/sec
[  8]  3.0- 4.0 sec   384 KBytes  3.15 Mbits/sec
[  3]  3.0- 4.0 sec   256 KBytes  2.10 Mbits/sec
[SUM]  3.0- 4.0 sec  1.38 MBytes  11.5 Mbits/sec
[  6]  4.0- 5.0 sec   384 KBytes  3.15 Mbits/sec
[  8]  4.0- 5.0 sec   256 KBytes  2.10 Mbits/sec
[  3]  4.0- 5.0 sec   256 KBytes  2.10 Mbits/sec
[  5]  4.0- 5.0 sec   256 KBytes  2.10 Mbits/sec
[  4]  4.0- 5.0 sec   384 KBytes  3.15 Mbits/sec
[  7]  4.0- 5.0 sec   384 KBytes  3.15 Mbits/sec
[SUM]  4.0- 5.0 sec  1.88 MBytes  15.7 Mbits/sec
[  5]  5.0- 6.0 sec   256 KBytes  2.10 Mbits/sec
[  6]  5.0- 6.0 sec   768 KBytes  6.29 Mbits/sec
[  7]  5.0- 6.0 sec   256 KBytes  2.10 Mbits/sec
[  3]  5.0- 6.0 sec   256 KBytes  2.10 Mbits/sec
[  8]  5.0- 6.0 sec   384 KBytes  3.15 Mbits/sec
[  4]  5.0- 6.0 sec   256 KBytes  2.10 Mbits/sec
[SUM]  5.0- 6.0 sec  2.12 MBytes  17.8 Mbits/sec
[  3]  6.0- 7.0 sec   768 KBytes  6.29 Mbits/sec
[  6]  6.0- 7.0 sec   896 KBytes  7.34 Mbits/sec
[  7]  6.0- 7.0 sec   896 KBytes  7.34 Mbits/sec
[  5]  6.0- 7.0 sec  1.00 MBytes  8.39 Mbits/sec
[  7]  0.0- 7.3 sec  2.38 MBytes  2.71 Mbits/sec
[  5]  0.0- 7.5 sec  2.38 MBytes  2.67 Mbits/sec
[  3]  0.0- 7.5 sec  2.25 MBytes  2.52 Mbits/sec
[  6]  0.0- 7.5 sec  3.00 MBytes  3.34 Mbits/sec
[  8]  6.0- 7.0 sec   384 KBytes  3.15 Mbits/sec
[  4]  6.0- 7.0 sec   256 KBytes  2.10 Mbits/sec
[SUM]  6.0- 7.0 sec  4.12 MBytes  34.6 Mbits/sec
[  4]  0.0- 7.8 sec  1.62 MBytes  1.75 Mbits/sec
[  8]  7.0- 8.0 sec   384 KBytes  3.15 Mbits/sec
[  8]  8.0- 9.0 sec   640 KBytes  5.24 Mbits/sec
[  8]  9.0-10.0 sec  6.88 MBytes  57.7 Mbits/sec
[  8]  0.0-10.1 sec  9.75 MBytes  8.14 Mbits/sec
[SUM]  0.0-10.1 sec  21.4 MBytes  17.8 Mbits/sec
