------------------------------------------------------------
Client connecting to 10.0.0.15, TCP port 5001
TCP window size: 86.2 KByte (default)
------------------------------------------------------------
[  4] local 10.0.0.91 port 35180 connected with 10.0.0.15 port 5001
[  3] local 10.0.0.91 port 35176 connected with 10.0.0.15 port 5001
[  6] local 10.0.0.91 port 35380 connected with 10.0.0.15 port 5001
[  5] local 10.0.0.91 port 35182 connected with 10.0.0.15 port 5001
[ ID] Interval       Transfer     Bandwidth
[  6]  0.0- 1.0 sec  3.38 MBytes  28.3 Mbits/sec
[  5]  0.0- 1.0 sec  1.88 MBytes  15.7 Mbits/sec
[  3]  0.0- 1.0 sec  1.00 MBytes  8.39 Mbits/sec
[  4]  0.0- 1.0 sec  1.00 MBytes  8.39 Mbits/sec
[SUM]  0.0- 1.0 sec  7.25 MBytes  60.8 Mbits/sec
[  4]  1.0- 2.0 sec   512 KBytes  4.19 Mbits/sec
[  5]  1.0- 2.0 sec  1.75 MBytes  14.7 Mbits/sec
[  3]  1.0- 2.0 sec   512 KBytes  4.19 Mbits/sec
[  6]  1.0- 2.0 sec  1.50 MBytes  12.6 Mbits/sec
[SUM]  1.0- 2.0 sec  4.25 MBytes  35.7 Mbits/sec
[  4]  2.0- 3.0 sec   384 KBytes  3.15 Mbits/sec
[  5]  2.0- 3.0 sec  2.38 MBytes  19.9 Mbits/sec
[  3]  2.0- 3.0 sec   384 KBytes  3.15 Mbits/sec
[  6]  2.0- 3.0 sec   640 KBytes  5.24 Mbits/sec
[SUM]  2.0- 3.0 sec  3.75 MBytes  31.5 Mbits/sec
[  5]  3.0- 4.0 sec  3.50 MBytes  29.4 Mbits/sec
[  3]  3.0- 4.0 sec   512 KBytes  4.19 Mbits/sec
[  3]  0.0- 4.6 sec  2.50 MBytes  4.59 Mbits/sec
[  5]  4.0- 5.0 sec  3.88 MBytes  32.5 Mbits/sec
[  4]  3.0- 4.0 sec   640 KBytes  5.24 Mbits/sec
[  4]  4.0- 5.0 sec   128 KBytes  1.05 Mbits/sec
[  6]  3.0- 4.0 sec   768 KBytes  6.29 Mbits/sec
[SUM]  3.0- 4.0 sec  5.38 MBytes  45.1 Mbits/sec
[  6]  4.0- 5.0 sec  0.00 Bytes  0.00 bits/sec
[  5]  5.0- 6.0 sec  3.25 MBytes  27.3 Mbits/sec
[  6]  5.0- 6.0 sec   640 KBytes  5.24 Mbits/sec
[  4]  5.0- 6.0 sec   384 KBytes  3.15 Mbits/sec
[  5]  6.0- 7.0 sec  3.38 MBytes  28.3 Mbits/sec
[  6]  6.0- 7.0 sec  1.38 MBytes  11.5 Mbits/sec
[  5]  7.0- 8.0 sec  3.88 MBytes  32.5 Mbits/sec
[  4]  6.0- 7.0 sec   256 KBytes  2.10 Mbits/sec
[  4]  7.0- 8.0 sec   128 KBytes  1.05 Mbits/sec
[  6]  7.0- 8.0 sec   768 KBytes  6.29 Mbits/sec
[  5]  8.0- 9.0 sec  4.00 MBytes  33.6 Mbits/sec
[  5]  0.0- 9.2 sec  28.4 MBytes  26.0 Mbits/sec
[  6]  8.0- 9.0 sec   640 KBytes  5.24 Mbits/sec
[  6]  0.0- 9.6 sec  9.75 MBytes  8.54 Mbits/sec
[  4]  8.0- 9.0 sec   256 KBytes  2.10 Mbits/sec
[  4]  9.0-10.0 sec   128 KBytes  1.05 Mbits/sec
[  4]  0.0-10.5 sec  3.88 MBytes  3.10 Mbits/sec
[SUM]  0.0-10.5 sec  44.5 MBytes  35.6 Mbits/sec
