------------------------------------------------------------
Client connecting to 10.0.0.76, TCP port 5001
TCP window size: 86.2 KByte (default)
------------------------------------------------------------
[  6] local 10.0.0.92 port 35260 connected with 10.0.0.76 port 5001
[  4] local 10.0.0.92 port 35196 connected with 10.0.0.76 port 5001
[  3] local 10.0.0.92 port 35194 connected with 10.0.0.76 port 5001
[  5] local 10.0.0.92 port 35200 connected with 10.0.0.76 port 5001
[ ID] Interval       Transfer     Bandwidth
[  4]  0.0- 1.0 sec   256 KBytes  2.10 Mbits/sec
[  3]  0.0- 1.0 sec   256 KBytes  2.10 Mbits/sec
[  6]  0.0- 1.0 sec   256 KBytes  2.10 Mbits/sec
[  5]  0.0- 1.0 sec   512 KBytes  4.19 Mbits/sec
[SUM]  0.0- 1.0 sec  1.25 MBytes  10.5 Mbits/sec
[  4]  1.0- 2.0 sec   256 KBytes  2.10 Mbits/sec
[  6]  1.0- 2.0 sec   128 KBytes  1.05 Mbits/sec
[  3]  1.0- 2.0 sec   256 KBytes  2.10 Mbits/sec
[  5]  1.0- 2.0 sec   128 KBytes  1.05 Mbits/sec
[SUM]  1.0- 2.0 sec   768 KBytes  6.29 Mbits/sec
[  4]  2.0- 3.0 sec   128 KBytes  1.05 Mbits/sec
[  6]  2.0- 3.0 sec   128 KBytes  1.05 Mbits/sec
[  3]  2.0- 3.0 sec   128 KBytes  1.05 Mbits/sec
[  5]  2.0- 3.0 sec   128 KBytes  1.05 Mbits/sec
[SUM]  2.0- 3.0 sec   512 KBytes  4.19 Mbits/sec
[  6]  3.0- 4.0 sec   128 KBytes  1.05 Mbits/sec
[  3]  3.0- 4.0 sec   128 KBytes  1.05 Mbits/sec
[  4]  3.0- 4.0 sec   256 KBytes  2.10 Mbits/sec
[  5]  3.0- 4.0 sec   128 KBytes  1.05 Mbits/sec
[SUM]  3.0- 4.0 sec   640 KBytes  5.24 Mbits/sec
[  3]  4.0- 5.0 sec   128 KBytes  1.05 Mbits/sec
[  4]  4.0- 5.0 sec   128 KBytes  1.05 Mbits/sec
[  5]  4.0- 5.0 sec   128 KBytes  1.05 Mbits/sec
[  6]  4.0- 5.0 sec   256 KBytes  2.10 Mbits/sec
[SUM]  4.0- 5.0 sec   640 KBytes  5.24 Mbits/sec
[  4]  5.0- 6.0 sec   128 KBytes  1.05 Mbits/sec
[  6]  5.0- 6.0 sec   128 KBytes  1.05 Mbits/sec
[  5]  5.0- 6.0 sec   128 KBytes  1.05 Mbits/sec
[  3]  5.0- 6.0 sec   256 KBytes  2.10 Mbits/sec
[SUM]  5.0- 6.0 sec   640 KBytes  5.24 Mbits/sec
[  5]  6.0- 7.0 sec   128 KBytes  1.05 Mbits/sec
[  3]  6.0- 7.0 sec   128 KBytes  1.05 Mbits/sec
[  6]  6.0- 7.0 sec   128 KBytes  1.05 Mbits/sec
[  4]  6.0- 7.0 sec   256 KBytes  2.10 Mbits/sec
[SUM]  6.0- 7.0 sec   640 KBytes  5.24 Mbits/sec
[  4]  0.0- 8.8 sec  1.50 MBytes  1.44 Mbits/sec
[  5]  7.0- 8.0 sec   128 KBytes  1.05 Mbits/sec
[  3]  7.0- 8.0 sec   128 KBytes  1.05 Mbits/sec
[  3]  0.0- 9.4 sec  1.50 MBytes  1.34 Mbits/sec
[  6]  7.0- 8.0 sec   128 KBytes  1.05 Mbits/sec
[  6]  8.0- 9.0 sec   128 KBytes  1.05 Mbits/sec
[  5]  8.0- 9.0 sec   128 KBytes  1.05 Mbits/sec
[  5]  0.0-10.2 sec  1.62 MBytes  1.33 Mbits/sec
[  6]  9.0-10.0 sec   128 KBytes  1.05 Mbits/sec
[  6]  0.0-10.6 sec  1.62 MBytes  1.29 Mbits/sec
[SUM]  0.0-10.6 sec  6.25 MBytes  4.96 Mbits/sec
