------------------------------------------------------------
Client connecting to 10.0.0.49, TCP port 5001
TCP window size: 86.2 KByte (default)
------------------------------------------------------------
[  5] local 10.0.0.93 port 57932 connected with 10.0.0.49 port 5001
[  4] local 10.0.0.93 port 57930 connected with 10.0.0.49 port 5001
[  3] local 10.0.0.93 port 57928 connected with 10.0.0.49 port 5001
[  6] local 10.0.0.93 port 57966 connected with 10.0.0.49 port 5001
[ ID] Interval       Transfer     Bandwidth
[  4]  0.0- 1.0 sec   768 KBytes  6.29 Mbits/sec
[  6]  0.0- 1.0 sec   768 KBytes  6.29 Mbits/sec
[  3]  0.0- 1.0 sec   896 KBytes  7.34 Mbits/sec
[  5]  0.0- 1.0 sec  1.00 MBytes  8.39 Mbits/sec
[SUM]  0.0- 1.0 sec  3.38 MBytes  28.3 Mbits/sec
[  4]  1.0- 2.0 sec  1.50 MBytes  12.6 Mbits/sec
[  6]  1.0- 2.0 sec   512 KBytes  4.19 Mbits/sec
[  5]  1.0- 2.0 sec   512 KBytes  4.19 Mbits/sec
[  3]  1.0- 2.0 sec   640 KBytes  5.24 Mbits/sec
[SUM]  1.0- 2.0 sec  3.12 MBytes  26.2 Mbits/sec
[  4]  2.0- 3.0 sec  1.50 MBytes  12.6 Mbits/sec
[  6]  2.0- 3.0 sec   384 KBytes  3.15 Mbits/sec
[  5]  2.0- 3.0 sec   384 KBytes  3.15 Mbits/sec
[  3]  2.0- 3.0 sec   384 KBytes  3.15 Mbits/sec
[SUM]  2.0- 3.0 sec  2.62 MBytes  22.0 Mbits/sec
[  4]  3.0- 4.0 sec  1.88 MBytes  15.7 Mbits/sec
[  3]  3.0- 4.0 sec   256 KBytes  2.10 Mbits/sec
[  6]  3.0- 4.0 sec   384 KBytes  3.15 Mbits/sec
[  5]  3.0- 4.0 sec   384 KBytes  3.15 Mbits/sec
[SUM]  3.0- 4.0 sec  2.88 MBytes  24.1 Mbits/sec
[  4]  4.0- 5.0 sec  1.88 MBytes  15.7 Mbits/sec
[  3]  4.0- 5.0 sec   256 KBytes  2.10 Mbits/sec
[  5]  4.0- 5.0 sec   256 KBytes  2.10 Mbits/sec
[  6]  4.0- 5.0 sec   256 KBytes  2.10 Mbits/sec
[SUM]  4.0- 5.0 sec  2.62 MBytes  22.0 Mbits/sec
[  4]  5.0- 6.0 sec  1.62 MBytes  13.6 Mbits/sec
[  5]  5.0- 6.0 sec   256 KBytes  2.10 Mbits/sec
[  3]  5.0- 6.0 sec   256 KBytes  2.10 Mbits/sec
[  6]  5.0- 6.0 sec   256 KBytes  2.10 Mbits/sec
[SUM]  5.0- 6.0 sec  2.38 MBytes  19.9 Mbits/sec
[  4]  6.0- 7.0 sec   768 KBytes  6.29 Mbits/sec
[  5]  6.0- 7.0 sec   384 KBytes  3.15 Mbits/sec
[  3]  6.0- 7.0 sec   256 KBytes  2.10 Mbits/sec
[  6]  6.0- 7.0 sec   256 KBytes  2.10 Mbits/sec
[SUM]  6.0- 7.0 sec  1.62 MBytes  13.6 Mbits/sec
[  5]  7.0- 8.0 sec   512 KBytes  4.19 Mbits/sec
[  6]  7.0- 8.0 sec   256 KBytes  2.10 Mbits/sec
[  4]  7.0- 8.0 sec   512 KBytes  4.19 Mbits/sec
[  3]  7.0- 8.0 sec   384 KBytes  3.15 Mbits/sec
[SUM]  7.0- 8.0 sec  1.62 MBytes  13.6 Mbits/sec
[  4]  8.0- 9.0 sec   384 KBytes  3.15 Mbits/sec
[  3]  8.0- 9.0 sec   384 KBytes  3.15 Mbits/sec
[  5]  8.0- 9.0 sec   640 KBytes  5.24 Mbits/sec
[  6]  8.0- 9.0 sec   512 KBytes  4.19 Mbits/sec
[SUM]  8.0- 9.0 sec  1.88 MBytes  15.7 Mbits/sec
[  4]  9.0-10.0 sec   384 KBytes  3.15 Mbits/sec
[  4]  0.0-10.1 sec  11.2 MBytes  9.32 Mbits/sec
[  6]  9.0-10.0 sec   640 KBytes  5.24 Mbits/sec
[  6]  0.0-10.3 sec  4.25 MBytes  3.46 Mbits/sec
[  5]  9.0-10.0 sec   512 KBytes  4.19 Mbits/sec
[  5]  0.0-10.3 sec  4.88 MBytes  3.96 Mbits/sec
[  3]  9.0-10.0 sec   512 KBytes  4.19 Mbits/sec
[SUM]  9.0-10.0 sec  2.00 MBytes  16.8 Mbits/sec
[  3]  0.0-10.4 sec  4.25 MBytes  3.42 Mbits/sec
[SUM]  0.0-10.4 sec  24.6 MBytes  19.8 Mbits/sec
